{"numFailedTestSuites":69,"numFailedTests":0,"numPassedTestSuites":0,"numPassedTests":0,"numPendingTestSuites":0,"numPendingTests":0,"numRuntimeErrorTestSuites":69,"numTodoTests":0,"numTotalTestSuites":69,"numTotalTests":0,"openHandles":[],"snapshot":{"added":0,"didUpdate":false,"failure":false,"filesAdded":0,"filesRemoved":0,"filesRemovedList":[],"filesUnmatched":0,"filesUpdated":0,"matched":0,"total":0,"unchecked":0,"uncheckedKeysByFile":[],"unmatched":0,"updated":0},"startTime":1775679040018,"success":false,"testResults":[{"assertionResults":[],"coverage":{},"endTime":1775679042182,"message":"  \u001b[1m● \u001b[22mTest suite failed to run\n\n    File not found: tsconfig.test.json (resolved as: C:\\learning\\pcf\\SVTList\\DetailsListVOA\\tsconfig.test.json)\n\n      \u001b[2mat ConfigSet.resolvePath (\u001b[22mnode_modules/ts-jest/dist/legacy/config/config-set.js\u001b[2m:616:19)\u001b[22m\n      \u001b[2mat ConfigSet._setupConfigSet (\u001b[22mnode_modules/ts-jest/dist/legacy/config/config-set.js\u001b[2m:322:71)\u001b[22m\n      \u001b[2mat new ConfigSet (\u001b[22mnode_modules/ts-jest/dist/legacy/config/config-set.js\u001b[2m:206:14)\u001b[22m\n      \u001b[2mat TsJestTransformer._createConfigSet (\u001b[22mnode_modules/ts-jest/dist/legacy/ts-jest-transformer.js\u001b[2m:119:16)\u001b[22m\n      \u001b[2mat TsJestTransformer._configsFor (\u001b[22mnode_modules/ts-jest/dist/legacy/ts-jest-transformer.js\u001b[2m:98:34)\u001b[22m\n      \u001b[2mat TsJestTransformer.getCacheKey (\u001b[22mnode_modules/ts-jest/dist/legacy/ts-jest-transformer.js\u001b[2m:249:30)\u001b[22m\n      \u001b[2mat ScriptTransformer._getCacheKey (\u001b[22mnode_modules/@jest/transform/build/ScriptTransformer.js\u001b[2m:228:41)\u001b[22m\n      \u001b[2mat ScriptTransformer._getFileCachePath (\u001b[22mnode_modules/@jest/transform/build/ScriptTransformer.js\u001b[2m:289:27)\u001b[22m\n      \u001b[2mat ScriptTransformer.transformSource (\u001b[22mnode_modules/@jest/transform/build/ScriptTransformer.js\u001b[2m:525:32)\u001b[22m\n      \u001b[2mat ScriptTransformer._transformAndBuildScript (\u001b[22mnode_modules/@jest/transform/build/ScriptTransformer.js\u001b[2m:674:40)\u001b[22m\n      \u001b[2mat ScriptTransformer.transform (\u001b[22mnode_modules/@jest/transform/build/ScriptTransformer.js\u001b[2m:726:19)\u001b[22m\n","name":"C:\\learning\\pcf\\SVTList\\DetailsListVOA\\tests\\WRT-199-view-update-sales-particulars-details\\WRT-199-view-update-sales-particulars-details.ac.test.ts","startTime":1775679042182,"status":"failed","summary":""},{"assertionResults":[],"coverage":{},"endTime":1775679042182,"message":"  \u001b[1m● \u001b[22mTest suite failed to run\n\n    File not found: tsconfig.test.json (resolved as: C:\\learning\\pcf\\SVTList\\DetailsListVOA\\tsconfig.test.json)\n\n      \u001b[2mat ConfigSet.resolvePath (\u001b[22mnode_modules/ts-jest/dist/legacy/config/config-set.js\u001b[2m:616:19)\u001b[22m\n      \u001b[2mat ConfigSet._setupConfigSet (\u001b[22mnode_modules/ts-jest/dist/legacy/config/config-set.js\u001b[2m:322:71)\u001b[22m\n      \u001b[2mat new ConfigSet (\u001b[22mnode_modules/ts-jest/dist/legacy/config/config-set.js\u001b[2m:206:14)\u001b[22m\n      \u001b[2mat TsJestTransformer._createConfigSet (\u001b[22mnode_modules/ts-jest/dist/legacy/ts-jest-transformer.js\u001b[2m:119:16)\u001b[22m\n      \u001b[2mat TsJestTransformer._configsFor (\u001b[22mnode_modules/ts-jest/dist/legacy/ts-jest-transformer.js\u001b[2m:98:34)\u001b[22m\n      \u001b[2mat TsJestTransformer.getCacheKey (\u001b[22mnode_modules/ts-jest/dist/legacy/ts-jest-transformer.js\u001b[2m:249:30)\u001b[22m\n      \u001b[2mat ScriptTransformer._getCacheKey (\u001b[22mnode_modules/@jest/transform/build/ScriptTransformer.js\u001b[2m:228:41)\u001b[22m\n      \u001b[2mat ScriptTransformer._getFileCachePath (\u001b[22mnode_modules/@jest/transform/build/ScriptTransformer.js\u001b[2m:289:27)\u001b[22m\n      \u001b[2mat ScriptTransformer.transformSource (\u001b[22mnode_modules/@jest/transform/build/ScriptTransformer.js\u001b[2m:525:32)\u001b[22m\n      \u001b[2mat ScriptTransformer._transformAndBuildScript (\u001b[22mnode_modules/@jest/transform/build/ScriptTransformer.js\u001b[2m:674:40)\u001b[22m\n      \u001b[2mat ScriptTransformer.transform (\u001b[22mnode_modules/@jest/transform/build/ScriptTransformer.js\u001b[2m:726:19)\u001b[22m\n","name":"C:\\learning\\pcf\\SVTList\\DetailsListVOA\\tests\\WR-212-qc-user-view-update-remarks\\WR-212-qc-user-view-update-remarks.ac.test.ts","startTime":1775679042182,"status":"failed","summary":""},{"assertionResults":[],"coverage":{},"endTime":1775679042182,"message":"  \u001b[1m● \u001b[22mTest suite failed to run\n\n    File not found: tsconfig.test.json (resolved as: C:\\learning\\pcf\\SVTList\\DetailsListVOA\\tsconfig.test.json)\n\n      \u001b[2mat ConfigSet.resolvePath (\u001b[22mnode_modules/ts-jest/dist/legacy/config/config-set.js\u001b[2m:616:19)\u001b[22m\n      \u001b[2mat ConfigSet._setupConfigSet (\u001b[22mnode_modules/ts-jest/dist/legacy/config/config-set.js\u001b[2m:322:71)\u001b[22m\n      \u001b[2mat new ConfigSet (\u001b[22mnode_modules/ts-jest/dist/legacy/config/config-set.js\u001b[2m:206:14)\u001b[22m\n      \u001b[2mat TsJestTransformer._createConfigSet (\u001b[22mnode_modules/ts-jest/dist/legacy/ts-jest-transformer.js\u001b[2m:119:16)\u001b[22m\n      \u001b[2mat TsJestTransformer._configsFor (\u001b[22mnode_modules/ts-jest/dist/legacy/ts-jest-transformer.js\u001b[2m:98:34)\u001b[22m\n      \u001b[2mat TsJestTransformer.getCacheKey (\u001b[22mnode_modules/ts-jest/dist/legacy/ts-jest-transformer.js\u001b[2m:249:30)\u001b[22m\n      \u001b[2mat ScriptTransformer._getCacheKey (\u001b[22mnode_modules/@jest/transform/build/ScriptTransformer.js\u001b[2m:228:41)\u001b[22m\n      \u001b[2mat ScriptTransformer._getFileCachePath (\u001b[22mnode_modules/@jest/transform/build/ScriptTransformer.js\u001b[2m:289:27)\u001b[22m\n      \u001b[2mat ScriptTransformer.transformSource (\u001b[22mnode_modules/@jest/transform/build/ScriptTransformer.js\u001b[2m:525:32)\u001b[22m\n      \u001b[2mat ScriptTransformer._transformAndBuildScript (\u001b[22mnode_modules/@jest/transform/build/ScriptTransformer.js\u001b[2m:674:40)\u001b[22m\n      \u001b[2mat ScriptTransformer.transform (\u001b[22mnode_modules/@jest/transform/build/ScriptTransformer.js\u001b[2m:726:19)\u001b[22m\n","name":"C:\\learning\\pcf\\SVTList\\DetailsListVOA\\tests\\contrast-review-gate.test.ts","startTime":1775679042182,"status":"failed","summary":""},{"assertionResults":[],"coverage":{},"endTime":1775679042182,"message":"  \u001b[1m● \u001b[22mTest suite failed to run\n\n    File not found: tsconfig.test.json (resolved as: C:\\learning\\pcf\\SVTList\\DetailsListVOA\\tsconfig.test.json)\n\n      \u001b[2mat ConfigSet.resolvePath (\u001b[22mnode_modules/ts-jest/dist/legacy/config/config-set.js\u001b[2m:616:19)\u001b[22m\n      \u001b[2mat ConfigSet._setupConfigSet (\u001b[22mnode_modules/ts-jest/dist/legacy/config/config-set.js\u001b[2m:322:71)\u001b[22m\n      \u001b[2mat new ConfigSet (\u001b[22mnode_modules/ts-jest/dist/legacy/config/config-set.js\u001b[2m:206:14)\u001b[22m\n      \u001b[2mat TsJestTransformer._createConfigSet (\u001b[22mnode_modules/ts-jest/dist/legacy/ts-jest-transformer.js\u001b[2m:119:16)\u001b[22m\n      \u001b[2mat TsJestTransformer._configsFor (\u001b[22mnode_modules/ts-jest/dist/legacy/ts-jest-transformer.js\u001b[2m:98:34)\u001b[22m\n      \u001b[2mat TsJestTransformer.getCacheKey (\u001b[22mnode_modules/ts-jest/dist/legacy/ts-jest-transformer.js\u001b[2m:249:30)\u001b[22m\n      \u001b[2mat ScriptTransformer._getCacheKey (\u001b[22mnode_modules/@jest/transform/build/ScriptTransformer.js\u001b[2m:228:41)\u001b[22m\n      \u001b[2mat ScriptTransformer._getFileCachePath (\u001b[22mnode_modules/@jest/transform/build/ScriptTransformer.js\u001b[2m:289:27)\u001b[22m\n      \u001b[2mat ScriptTransformer.transformSource (\u001b[22mnode_modules/@jest/transform/build/ScriptTransformer.js\u001b[2m:525:32)\u001b[22m\n      \u001b[2mat ScriptTransformer._transformAndBuildScript (\u001b[22mnode_modules/@jest/transform/build/ScriptTransformer.js\u001b[2m:674:40)\u001b[22m\n      \u001b[2mat ScriptTransformer.transform (\u001b[22mnode_modules/@jest/transform/build/ScriptTransformer.js\u001b[2m:726:19)\u001b[22m\n","name":"C:\\learning\\pcf\\SVTList\\DetailsListVOA\\tests\\WRT-308-manual-task-creation\\WRT-308-manual-task-creation.ac.test.ts","startTime":1775679042182,"status":"failed","summary":""},{"assertionResults":[],"coverage":{},"endTime":1775679042182,"message":"  \u001b[1m● \u001b[22mTest suite failed to run\n\n    File not found: tsconfig.test.json (resolved as: C:\\learning\\pcf\\SVTList\\DetailsListVOA\\tsconfig.test.json)\n\n      \u001b[2mat ConfigSet.resolvePath (\u001b[22mnode_modules/ts-jest/dist/legacy/config/config-set.js\u001b[2m:616:19)\u001b[22m\n      \u001b[2mat ConfigSet._setupConfigSet (\u001b[22mnode_modules/ts-jest/dist/legacy/config/config-set.js\u001b[2m:322:71)\u001b[22m\n      \u001b[2mat new ConfigSet (\u001b[22mnode_modules/ts-jest/dist/legacy/config/config-set.js\u001b[2m:206:14)\u001b[22m\n      \u001b[2mat TsJestTransformer._createConfigSet (\u001b[22mnode_modules/ts-jest/dist/legacy/ts-jest-transformer.js\u001b[2m:119:16)\u001b[22m\n      \u001b[2mat TsJestTransformer._configsFor (\u001b[22mnode_modules/ts-jest/dist/legacy/ts-jest-transformer.js\u001b[2m:98:34)\u001b[22m\n      \u001b[2mat TsJestTransformer.getCacheKey (\u001b[22mnode_modules/ts-jest/dist/legacy/ts-jest-transformer.js\u001b[2m:249:30)\u001b[22m\n      \u001b[2mat ScriptTransformer._getCacheKey (\u001b[22mnode_modules/@jest/transform/build/ScriptTransformer.js\u001b[2m:228:41)\u001b[22m\n      \u001b[2mat ScriptTransformer._getFileCachePath (\u001b[22mnode_modules/@jest/transform/build/ScriptTransformer.js\u001b[2m:289:27)\u001b[22m\n      \u001b[2mat ScriptTransformer.transformSource (\u001b[22mnode_modules/@jest/transform/build/ScriptTransformer.js\u001b[2m:525:32)\u001b[22m\n      \u001b[2mat ScriptTransformer._transformAndBuildScript (\u001b[22mnode_modules/@jest/transform/build/ScriptTransformer.js\u001b[2m:674:40)\u001b[22m\n      \u001b[2mat ScriptTransformer.transform (\u001b[22mnode_modules/@jest/transform/build/ScriptTransformer.js\u001b[2m:726:19)\u001b[22m\n","name":"C:\\learning\\pcf\\SVTList\\DetailsListVOA\\tests\\svt-submit-qc-remarks\\svt-submit-qc-remarks.test.ts","startTime":1775679042182,"status":"failed","summary":""},{"assertionResults":[],"coverage":{},"endTime":1775679042182,"message":"  \u001b[1m● \u001b[22mTest suite failed to run\n\n    File not found: tsconfig.test.json (resolved as: C:\\learning\\pcf\\SVTList\\DetailsListVOA\\tsconfig.test.json)\n\n      \u001b[2mat ConfigSet.resolvePath (\u001b[22mnode_modules/ts-jest/dist/legacy/config/config-set.js\u001b[2m:616:19)\u001b[22m\n      \u001b[2mat ConfigSet._setupConfigSet (\u001b[22mnode_modules/ts-jest/dist/legacy/config/config-set.js\u001b[2m:322:71)\u001b[22m\n      \u001b[2mat new ConfigSet (\u001b[22mnode_modules/ts-jest/dist/legacy/config/config-set.js\u001b[2m:206:14)\u001b[22m\n      \u001b[2mat TsJestTransformer._createConfigSet (\u001b[22mnode_modules/ts-jest/dist/legacy/ts-jest-transformer.js\u001b[2m:119:16)\u001b[22m\n      \u001b[2mat TsJestTransformer._configsFor (\u001b[22mnode_modules/ts-jest/dist/legacy/ts-jest-transformer.js\u001b[2m:98:34)\u001b[22m\n      \u001b[2mat TsJestTransformer.getCacheKey (\u001b[22mnode_modules/ts-jest/dist/legacy/ts-jest-transformer.js\u001b[2m:249:30)\u001b[22m\n      \u001b[2mat ScriptTransformer._getCacheKey (\u001b[22mnode_modules/@jest/transform/build/ScriptTransformer.js\u001b[2m:228:41)\u001b[22m\n      \u001b[2mat ScriptTransformer._getFileCachePath (\u001b[22mnode_modules/@jest/transform/build/ScriptTransformer.js\u001b[2m:289:27)\u001b[22m\n      \u001b[2mat ScriptTransformer.transformSource (\u001b[22mnode_modules/@jest/transform/build/ScriptTransformer.js\u001b[2m:525:32)\u001b[22m\n      \u001b[2mat ScriptTransformer._transformAndBuildScript (\u001b[22mnode_modules/@jest/transform/build/ScriptTransformer.js\u001b[2m:674:40)\u001b[22m\n      \u001b[2mat ScriptTransformer.transform (\u001b[22mnode_modules/@jest/transform/build/ScriptTransformer.js\u001b[2m:726:19)\u001b[22m\n","name":"C:\\learning\\pcf\\SVTList\\DetailsListVOA\\tests\\grid-usability-contract.test.ts","startTime":1775679042182,"status":"failed","summary":""},{"assertionResults":[],"coverage":{},"endTime":1775679042182,"message":"  \u001b[1m● \u001b[22mTest suite failed to run\n\n    File not found: tsconfig.test.json (resolved as: C:\\learning\\pcf\\SVTList\\DetailsListVOA\\tsconfig.test.json)\n\n      \u001b[2mat ConfigSet.resolvePath (\u001b[22mnode_modules/ts-jest/dist/legacy/config/config-set.js\u001b[2m:616:19)\u001b[22m\n      \u001b[2mat ConfigSet._setupConfigSet (\u001b[22mnode_modules/ts-jest/dist/legacy/config/config-set.js\u001b[2m:322:71)\u001b[22m\n      \u001b[2mat new ConfigSet (\u001b[22mnode_modules/ts-jest/dist/legacy/config/config-set.js\u001b[2m:206:14)\u001b[22m\n      \u001b[2mat TsJestTransformer._createConfigSet (\u001b[22mnode_modules/ts-jest/dist/legacy/ts-jest-transformer.js\u001b[2m:119:16)\u001b[22m\n      \u001b[2mat TsJestTransformer._configsFor (\u001b[22mnode_modules/ts-jest/dist/legacy/ts-jest-transformer.js\u001b[2m:98:34)\u001b[22m\n      \u001b[2mat TsJestTransformer.getCacheKey (\u001b[22mnode_modules/ts-jest/dist/legacy/ts-jest-transformer.js\u001b[2m:249:30)\u001b[22m\n      \u001b[2mat ScriptTransformer._getCacheKey (\u001b[22mnode_modules/@jest/transform/build/ScriptTransformer.js\u001b[2m:228:41)\u001b[22m\n      \u001b[2mat ScriptTransformer._getFileCachePath (\u001b[22mnode_modules/@jest/transform/build/ScriptTransformer.js\u001b[2m:289:27)\u001b[22m\n      \u001b[2mat ScriptTransformer.transformSource (\u001b[22mnode_modules/@jest/transform/build/ScriptTransformer.js\u001b[2m:525:32)\u001b[22m\n      \u001b[2mat ScriptTransformer._transformAndBuildScript (\u001b[22mnode_modules/@jest/transform/build/ScriptTransformer.js\u001b[2m:674:40)\u001b[22m\n      \u001b[2mat ScriptTransformer.transform (\u001b[22mnode_modules/@jest/transform/build/ScriptTransformer.js\u001b[2m:726:19)\u001b[22m\n","name":"C:\\learning\\pcf\\SVTList\\DetailsListVOA\\tests\\get-hereditament-related-requests\\get-hereditament-related-requests.test.ts","startTime":1775679042182,"status":"failed","summary":""},{"assertionResults":[],"coverage":{},"endTime":1775679042182,"message":"  \u001b[1m● \u001b[22mTest suite failed to run\n\n    File not found: tsconfig.test.json (resolved as: C:\\learning\\pcf\\SVTList\\DetailsListVOA\\tsconfig.test.json)\n\n      \u001b[2mat ConfigSet.resolvePath (\u001b[22mnode_modules/ts-jest/dist/legacy/config/config-set.js\u001b[2m:616:19)\u001b[22m\n      \u001b[2mat ConfigSet._setupConfigSet (\u001b[22mnode_modules/ts-jest/dist/legacy/config/config-set.js\u001b[2m:322:71)\u001b[22m\n      \u001b[2mat new ConfigSet (\u001b[22mnode_modules/ts-jest/dist/legacy/config/config-set.js\u001b[2m:206:14)\u001b[22m\n      \u001b[2mat TsJestTransformer._createConfigSet (\u001b[22mnode_modules/ts-jest/dist/legacy/ts-jest-transformer.js\u001b[2m:119:16)\u001b[22m\n      \u001b[2mat TsJestTransformer._configsFor (\u001b[22mnode_modules/ts-jest/dist/legacy/ts-jest-transformer.js\u001b[2m:98:34)\u001b[22m\n      \u001b[2mat TsJestTransformer.getCacheKey (\u001b[22mnode_modules/ts-jest/dist/legacy/ts-jest-transformer.js\u001b[2m:249:30)\u001b[22m\n      \u001b[2mat ScriptTransformer._getCacheKey (\u001b[22mnode_modules/@jest/transform/build/ScriptTransformer.js\u001b[2m:228:41)\u001b[22m\n      \u001b[2mat ScriptTransformer._getFileCachePath (\u001b[22mnode_modules/@jest/transform/build/ScriptTransformer.js\u001b[2m:289:27)\u001b[22m\n      \u001b[2mat ScriptTransformer.transformSource (\u001b[22mnode_modules/@jest/transform/build/ScriptTransformer.js\u001b[2m:525:32)\u001b[22m\n      \u001b[2mat ScriptTransformer._transformAndBuildScript (\u001b[22mnode_modules/@jest/transform/build/ScriptTransformer.js\u001b[2m:674:40)\u001b[22m\n      \u001b[2mat ScriptTransformer.transform (\u001b[22mnode_modules/@jest/transform/build/ScriptTransformer.js\u001b[2m:726:19)\u001b[22m\n","name":"C:\\learning\\pcf\\SVTList\\DetailsListVOA\\tests\\svt-get-audit-logs\\svt-get-audit-logs.test.ts","startTime":1775679042182,"status":"failed","summary":""},{"assertionResults":[],"coverage":{},"endTime":1775679042182,"message":"  \u001b[1m● \u001b[22mTest suite failed to run\n\n    File not found: tsconfig.test.json (resolved as: C:\\learning\\pcf\\SVTList\\DetailsListVOA\\tsconfig.test.json)\n\n      \u001b[2mat ConfigSet.resolvePath (\u001b[22mnode_modules/ts-jest/dist/legacy/config/config-set.js\u001b[2m:616:19)\u001b[22m\n      \u001b[2mat ConfigSet._setupConfigSet (\u001b[22mnode_modules/ts-jest/dist/legacy/config/config-set.js\u001b[2m:322:71)\u001b[22m\n      \u001b[2mat new ConfigSet (\u001b[22mnode_modules/ts-jest/dist/legacy/config/config-set.js\u001b[2m:206:14)\u001b[22m\n      \u001b[2mat TsJestTransformer._createConfigSet (\u001b[22mnode_modules/ts-jest/dist/legacy/ts-jest-transformer.js\u001b[2m:119:16)\u001b[22m\n      \u001b[2mat TsJestTransformer._configsFor (\u001b[22mnode_modules/ts-jest/dist/legacy/ts-jest-transformer.js\u001b[2m:98:34)\u001b[22m\n      \u001b[2mat TsJestTransformer.getCacheKey (\u001b[22mnode_modules/ts-jest/dist/legacy/ts-jest-transformer.js\u001b[2m:249:30)\u001b[22m\n      \u001b[2mat ScriptTransformer._getCacheKey (\u001b[22mnode_modules/@jest/transform/build/ScriptTransformer.js\u001b[2m:228:41)\u001b[22m\n      \u001b[2mat ScriptTransformer._getFileCachePath (\u001b[22mnode_modules/@jest/transform/build/ScriptTransformer.js\u001b[2m:289:27)\u001b[22m\n      \u001b[2mat ScriptTransformer.transformSource (\u001b[22mnode_modules/@jest/transform/build/ScriptTransformer.js\u001b[2m:525:32)\u001b[22m\n      \u001b[2mat ScriptTransformer._transformAndBuildScript (\u001b[22mnode_modules/@jest/transform/build/ScriptTransformer.js\u001b[2m:674:40)\u001b[22m\n      \u001b[2mat ScriptTransformer.transform (\u001b[22mnode_modules/@jest/transform/build/ScriptTransformer.js\u001b[2m:726:19)\u001b[22m\n","name":"C:\\learning\\pcf\\SVTList\\DetailsListVOA\\tests\\grid-column-filters.test.ts","startTime":1775679042182,"status":"failed","summary":""},{"assertionResults":[],"coverage":{},"endTime":1775679042182,"message":"  \u001b[1m● \u001b[22mTest suite failed to run\n\n    File not found: tsconfig.test.json (resolved as: C:\\learning\\pcf\\SVTList\\DetailsListVOA\\tsconfig.test.json)\n\n      \u001b[2mat ConfigSet.resolvePath (\u001b[22mnode_modules/ts-jest/dist/legacy/config/config-set.js\u001b[2m:616:19)\u001b[22m\n      \u001b[2mat ConfigSet._setupConfigSet (\u001b[22mnode_modules/ts-jest/dist/legacy/config/config-set.js\u001b[2m:322:71)\u001b[22m\n      \u001b[2mat new ConfigSet (\u001b[22mnode_modules/ts-jest/dist/legacy/config/config-set.js\u001b[2m:206:14)\u001b[22m\n      \u001b[2mat TsJestTransformer._createConfigSet (\u001b[22mnode_modules/ts-jest/dist/legacy/ts-jest-transformer.js\u001b[2m:119:16)\u001b[22m\n      \u001b[2mat TsJestTransformer._configsFor (\u001b[22mnode_modules/ts-jest/dist/legacy/ts-jest-transformer.js\u001b[2m:98:34)\u001b[22m\n      \u001b[2mat TsJestTransformer.getCacheKey (\u001b[22mnode_modules/ts-jest/dist/legacy/ts-jest-transformer.js\u001b[2m:249:30)\u001b[22m\n      \u001b[2mat ScriptTransformer._getCacheKey (\u001b[22mnode_modules/@jest/transform/build/ScriptTransformer.js\u001b[2m:228:41)\u001b[22m\n      \u001b[2mat ScriptTransformer._getFileCachePath (\u001b[22mnode_modules/@jest/transform/build/ScriptTransformer.js\u001b[2m:289:27)\u001b[22m\n      \u001b[2mat ScriptTransformer.transformSource (\u001b[22mnode_modules/@jest/transform/build/ScriptTransformer.js\u001b[2m:525:32)\u001b[22m\n      \u001b[2mat ScriptTransformer._transformAndBuildScript (\u001b[22mnode_modules/@jest/transform/build/ScriptTransformer.js\u001b[2m:674:40)\u001b[22m\n      \u001b[2mat ScriptTransformer.transform (\u001b[22mnode_modules/@jest/transform/build/ScriptTransformer.js\u001b[2m:726:19)\u001b[22m\n","name":"C:\\learning\\pcf\\SVTList\\DetailsListVOA\\tests\\svt-modify-task\\svt-modify-task.test.ts","startTime":1775679042182,"status":"failed","summary":""},{"assertionResults":[],"coverage":{},"endTime":1775679042182,"message":"  \u001b[1m● \u001b[22mTest suite failed to run\n\n    File not found: tsconfig.test.json (resolved as: C:\\learning\\pcf\\SVTList\\DetailsListVOA\\tsconfig.test.json)\n\n      \u001b[2mat ConfigSet.resolvePath (\u001b[22mnode_modules/ts-jest/dist/legacy/config/config-set.js\u001b[2m:616:19)\u001b[22m\n      \u001b[2mat ConfigSet._setupConfigSet (\u001b[22mnode_modules/ts-jest/dist/legacy/config/config-set.js\u001b[2m:322:71)\u001b[22m\n      \u001b[2mat new ConfigSet (\u001b[22mnode_modules/ts-jest/dist/legacy/config/config-set.js\u001b[2m:206:14)\u001b[22m\n      \u001b[2mat TsJestTransformer._createConfigSet (\u001b[22mnode_modules/ts-jest/dist/legacy/ts-jest-transformer.js\u001b[2m:119:16)\u001b[22m\n      \u001b[2mat TsJestTransformer._configsFor (\u001b[22mnode_modules/ts-jest/dist/legacy/ts-jest-transformer.js\u001b[2m:98:34)\u001b[22m\n      \u001b[2mat TsJestTransformer.getCacheKey (\u001b[22mnode_modules/ts-jest/dist/legacy/ts-jest-transformer.js\u001b[2m:249:30)\u001b[22m\n      \u001b[2mat ScriptTransformer._getCacheKey (\u001b[22mnode_modules/@jest/transform/build/ScriptTransformer.js\u001b[2m:228:41)\u001b[22m\n      \u001b[2mat ScriptTransformer._getFileCachePath (\u001b[22mnode_modules/@jest/transform/build/ScriptTransformer.js\u001b[2m:289:27)\u001b[22m\n      \u001b[2mat ScriptTransformer.transformSource (\u001b[22mnode_modules/@jest/transform/build/ScriptTransformer.js\u001b[2m:525:32)\u001b[22m\n      \u001b[2mat ScriptTransformer._transformAndBuildScript (\u001b[22mnode_modules/@jest/transform/build/ScriptTransformer.js\u001b[2m:674:40)\u001b[22m\n      \u001b[2mat ScriptTransformer.transform (\u001b[22mnode_modules/@jest/transform/build/ScriptTransformer.js\u001b[2m:726:19)\u001b[22m\n","name":"C:\\learning\\pcf\\SVTList\\DetailsListVOA\\tests\\column-alignment.test.ts","startTime":1775679042182,"status":"failed","summary":""},{"assertionResults":[],"coverage":{},"endTime":1775679042182,"message":"  \u001b[1m● \u001b[22mTest suite failed to run\n\n    File not found: tsconfig.test.json (resolved as: C:\\learning\\pcf\\SVTList\\DetailsListVOA\\tsconfig.test.json)\n\n      \u001b[2mat ConfigSet.resolvePath (\u001b[22mnode_modules/ts-jest/dist/legacy/config/config-set.js\u001b[2m:616:19)\u001b[22m\n      \u001b[2mat ConfigSet._setupConfigSet (\u001b[22mnode_modules/ts-jest/dist/legacy/config/config-set.js\u001b[2m:322:71)\u001b[22m\n      \u001b[2mat new ConfigSet (\u001b[22mnode_modules/ts-jest/dist/legacy/config/config-set.js\u001b[2m:206:14)\u001b[22m\n      \u001b[2mat TsJestTransformer._createConfigSet (\u001b[22mnode_modules/ts-jest/dist/legacy/ts-jest-transformer.js\u001b[2m:119:16)\u001b[22m\n      \u001b[2mat TsJestTransformer._configsFor (\u001b[22mnode_modules/ts-jest/dist/legacy/ts-jest-transformer.js\u001b[2m:98:34)\u001b[22m\n      \u001b[2mat TsJestTransformer.getCacheKey (\u001b[22mnode_modules/ts-jest/dist/legacy/ts-jest-transformer.js\u001b[2m:249:30)\u001b[22m\n      \u001b[2mat ScriptTransformer._getCacheKey (\u001b[22mnode_modules/@jest/transform/build/ScriptTransformer.js\u001b[2m:228:41)\u001b[22m\n      \u001b[2mat ScriptTransformer._getFileCachePath (\u001b[22mnode_modules/@jest/transform/build/ScriptTransformer.js\u001b[2m:289:27)\u001b[22m\n      \u001b[2mat ScriptTransformer.transformSource (\u001b[22mnode_modules/@jest/transform/build/ScriptTransformer.js\u001b[2m:525:32)\u001b[22m\n      \u001b[2mat ScriptTransformer._transformAndBuildScript (\u001b[22mnode_modules/@jest/transform/build/ScriptTransformer.js\u001b[2m:674:40)\u001b[22m\n      \u001b[2mat ScriptTransformer.transform (\u001b[22mnode_modules/@jest/transform/build/ScriptTransformer.js\u001b[2m:726:19)\u001b[22m\n","name":"C:\\learning\\pcf\\SVTList\\DetailsListVOA\\tests\\summary-flag-eq-contract.test.ts","startTime":1775679042182,"status":"failed","summary":""},{"assertionResults":[],"coverage":{},"endTime":1775679042182,"message":"  \u001b[1m● \u001b[22mTest suite failed to run\n\n    File not found: tsconfig.test.json (resolved as: C:\\learning\\pcf\\SVTList\\DetailsListVOA\\tsconfig.test.json)\n\n      \u001b[2mat ConfigSet.resolvePath (\u001b[22mnode_modules/ts-jest/dist/legacy/config/config-set.js\u001b[2m:616:19)\u001b[22m\n      \u001b[2mat ConfigSet._setupConfigSet (\u001b[22mnode_modules/ts-jest/dist/legacy/config/config-set.js\u001b[2m:322:71)\u001b[22m\n      \u001b[2mat new ConfigSet (\u001b[22mnode_modules/ts-jest/dist/legacy/config/config-set.js\u001b[2m:206:14)\u001b[22m\n      \u001b[2mat TsJestTransformer._createConfigSet (\u001b[22mnode_modules/ts-jest/dist/legacy/ts-jest-transformer.js\u001b[2m:119:16)\u001b[22m\n      \u001b[2mat TsJestTransformer._configsFor (\u001b[22mnode_modules/ts-jest/dist/legacy/ts-jest-transformer.js\u001b[2m:98:34)\u001b[22m\n      \u001b[2mat TsJestTransformer.getCacheKey (\u001b[22mnode_modules/ts-jest/dist/legacy/ts-jest-transformer.js\u001b[2m:249:30)\u001b[22m\n      \u001b[2mat ScriptTransformer._getCacheKey (\u001b[22mnode_modules/@jest/transform/build/ScriptTransformer.js\u001b[2m:228:41)\u001b[22m\n      \u001b[2mat ScriptTransformer._getFileCachePath (\u001b[22mnode_modules/@jest/transform/build/ScriptTransformer.js\u001b[2m:289:27)\u001b[22m\n      \u001b[2mat ScriptTransformer.transformSource (\u001b[22mnode_modules/@jest/transform/build/ScriptTransformer.js\u001b[2m:525:32)\u001b[22m\n      \u001b[2mat ScriptTransformer._transformAndBuildScript (\u001b[22mnode_modules/@jest/transform/build/ScriptTransformer.js\u001b[2m:674:40)\u001b[22m\n      \u001b[2mat ScriptTransformer.transform (\u001b[22mnode_modules/@jest/transform/build/ScriptTransformer.js\u001b[2m:726:19)\u001b[22m\n","name":"C:\\learning\\pcf\\SVTList\\DetailsListVOA\\tests\\grid-state-persistence.test.ts","startTime":1775679042182,"status":"failed","summary":""},{"assertionResults":[],"coverage":{},"endTime":1775679042182,"message":"  \u001b[1m● \u001b[22mTest suite failed to run\n\n    File not found: tsconfig.test.json (resolved as: C:\\learning\\pcf\\SVTList\\DetailsListVOA\\tsconfig.test.json)\n\n      \u001b[2mat ConfigSet.resolvePath (\u001b[22mnode_modules/ts-jest/dist/legacy/config/config-set.js\u001b[2m:616:19)\u001b[22m\n      \u001b[2mat ConfigSet._setupConfigSet (\u001b[22mnode_modules/ts-jest/dist/legacy/config/config-set.js\u001b[2m:322:71)\u001b[22m\n      \u001b[2mat new ConfigSet (\u001b[22mnode_modules/ts-jest/dist/legacy/config/config-set.js\u001b[2m:206:14)\u001b[22m\n      \u001b[2mat TsJestTransformer._createConfigSet (\u001b[22mnode_modules/ts-jest/dist/legacy/ts-jest-transformer.js\u001b[2m:119:16)\u001b[22m\n      \u001b[2mat TsJestTransformer._configsFor (\u001b[22mnode_modules/ts-jest/dist/legacy/ts-jest-transformer.js\u001b[2m:98:34)\u001b[22m\n      \u001b[2mat TsJestTransformer.getCacheKey (\u001b[22mnode_modules/ts-jest/dist/legacy/ts-jest-transformer.js\u001b[2m:249:30)\u001b[22m\n      \u001b[2mat ScriptTransformer._getCacheKey (\u001b[22mnode_modules/@jest/transform/build/ScriptTransformer.js\u001b[2m:228:41)\u001b[22m\n      \u001b[2mat ScriptTransformer._getFileCachePath (\u001b[22mnode_modules/@jest/transform/build/ScriptTransformer.js\u001b[2m:289:27)\u001b[22m\n      \u001b[2mat ScriptTransformer.transformSource (\u001b[22mnode_modules/@jest/transform/build/ScriptTransformer.js\u001b[2m:525:32)\u001b[22m\n      \u001b[2mat ScriptTransformer._transformAndBuildScript (\u001b[22mnode_modules/@jest/transform/build/ScriptTransformer.js\u001b[2m:674:40)\u001b[22m\n      \u001b[2mat ScriptTransformer.transform (\u001b[22mnode_modules/@jest/transform/build/ScriptTransformer.js\u001b[2m:726:19)\u001b[22m\n","name":"C:\\learning\\pcf\\SVTList\\DetailsListVOA\\tests\\prefilter-mapping.test.ts","startTime":1775679042182,"status":"failed","summary":""},{"assertionResults":[],"coverage":{},"endTime":1775679042182,"message":"  \u001b[1m● \u001b[22mTest suite failed to run\n\n    File not found: tsconfig.test.json (resolved as: C:\\learning\\pcf\\SVTList\\DetailsListVOA\\tsconfig.test.json)\n\n      \u001b[2mat ConfigSet.resolvePath (\u001b[22mnode_modules/ts-jest/dist/legacy/config/config-set.js\u001b[2m:616:19)\u001b[22m\n      \u001b[2mat ConfigSet._setupConfigSet (\u001b[22mnode_modules/ts-jest/dist/legacy/config/config-set.js\u001b[2m:322:71)\u001b[22m\n      \u001b[2mat new ConfigSet (\u001b[22mnode_modules/ts-jest/dist/legacy/config/config-set.js\u001b[2m:206:14)\u001b[22m\n      \u001b[2mat TsJestTransformer._createConfigSet (\u001b[22mnode_modules/ts-jest/dist/legacy/ts-jest-transformer.js\u001b[2m:119:16)\u001b[22m\n      \u001b[2mat TsJestTransformer._configsFor (\u001b[22mnode_modules/ts-jest/dist/legacy/ts-jest-transformer.js\u001b[2m:98:34)\u001b[22m\n      \u001b[2mat TsJestTransformer.getCacheKey (\u001b[22mnode_modules/ts-jest/dist/legacy/ts-jest-transformer.js\u001b[2m:249:30)\u001b[22m\n      \u001b[2mat ScriptTransformer._getCacheKey (\u001b[22mnode_modules/@jest/transform/build/ScriptTransformer.js\u001b[2m:228:41)\u001b[22m\n      \u001b[2mat ScriptTransformer._getFileCachePath (\u001b[22mnode_modules/@jest/transform/build/ScriptTransformer.js\u001b[2m:289:27)\u001b[22m\n      \u001b[2mat ScriptTransformer.transformSource (\u001b[22mnode_modules/@jest/transform/build/ScriptTransformer.js\u001b[2m:525:32)\u001b[22m\n      \u001b[2mat ScriptTransformer._transformAndBuildScript (\u001b[22mnode_modules/@jest/transform/build/ScriptTransformer.js\u001b[2m:674:40)\u001b[22m\n      \u001b[2mat ScriptTransformer.transform (\u001b[22mnode_modules/@jest/transform/build/ScriptTransformer.js\u001b[2m:726:19)\u001b[22m\n","name":"C:\\learning\\pcf\\SVTList\\DetailsListVOA\\tests\\prefilter-configs-extra.test.ts","startTime":1775679042182,"status":"failed","summary":""},{"assertionResults":[],"coverage":{},"endTime":1775679042182,"message":"  \u001b[1m● \u001b[22mTest suite failed to run\n\n    File not found: tsconfig.test.json (resolved as: C:\\learning\\pcf\\SVTList\\DetailsListVOA\\tsconfig.test.json)\n\n      \u001b[2mat ConfigSet.resolvePath (\u001b[22mnode_modules/ts-jest/dist/legacy/config/config-set.js\u001b[2m:616:19)\u001b[22m\n      \u001b[2mat ConfigSet._setupConfigSet (\u001b[22mnode_modules/ts-jest/dist/legacy/config/config-set.js\u001b[2m:322:71)\u001b[22m\n      \u001b[2mat new ConfigSet (\u001b[22mnode_modules/ts-jest/dist/legacy/config/config-set.js\u001b[2m:206:14)\u001b[22m\n      \u001b[2mat TsJestTransformer._createConfigSet (\u001b[22mnode_modules/ts-jest/dist/legacy/ts-jest-transformer.js\u001b[2m:119:16)\u001b[22m\n      \u001b[2mat TsJestTransformer._configsFor (\u001b[22mnode_modules/ts-jest/dist/legacy/ts-jest-transformer.js\u001b[2m:98:34)\u001b[22m\n      \u001b[2mat TsJestTransformer.getCacheKey (\u001b[22mnode_modules/ts-jest/dist/legacy/ts-jest-transformer.js\u001b[2m:249:30)\u001b[22m\n      \u001b[2mat ScriptTransformer._getCacheKey (\u001b[22mnode_modules/@jest/transform/build/ScriptTransformer.js\u001b[2m:228:41)\u001b[22m\n      \u001b[2mat ScriptTransformer._getFileCachePath (\u001b[22mnode_modules/@jest/transform/build/ScriptTransformer.js\u001b[2m:289:27)\u001b[22m\n      \u001b[2mat ScriptTransformer.transformSource (\u001b[22mnode_modules/@jest/transform/build/ScriptTransformer.js\u001b[2m:525:32)\u001b[22m\n      \u001b[2mat ScriptTransformer._transformAndBuildScript (\u001b[22mnode_modules/@jest/transform/build/ScriptTransformer.js\u001b[2m:674:40)\u001b[22m\n      \u001b[2mat ScriptTransformer.transform (\u001b[22mnode_modules/@jest/transform/build/ScriptTransformer.js\u001b[2m:726:19)\u001b[22m\n","name":"C:\\learning\\pcf\\SVTList\\DetailsListVOA\\tests\\view-sale-action-rules.test.ts","startTime":1775679042182,"status":"failed","summary":""},{"assertionResults":[],"coverage":{},"endTime":1775679042182,"message":"  \u001b[1m● \u001b[22mTest suite failed to run\n\n    File not found: tsconfig.test.json (resolved as: C:\\learning\\pcf\\SVTList\\DetailsListVOA\\tsconfig.test.json)\n\n      \u001b[2mat ConfigSet.resolvePath (\u001b[22mnode_modules/ts-jest/dist/legacy/config/config-set.js\u001b[2m:616:19)\u001b[22m\n      \u001b[2mat ConfigSet._setupConfigSet (\u001b[22mnode_modules/ts-jest/dist/legacy/config/config-set.js\u001b[2m:322:71)\u001b[22m\n      \u001b[2mat new ConfigSet (\u001b[22mnode_modules/ts-jest/dist/legacy/config/config-set.js\u001b[2m:206:14)\u001b[22m\n      \u001b[2mat TsJestTransformer._createConfigSet (\u001b[22mnode_modules/ts-jest/dist/legacy/ts-jest-transformer.js\u001b[2m:119:16)\u001b[22m\n      \u001b[2mat TsJestTransformer._configsFor (\u001b[22mnode_modules/ts-jest/dist/legacy/ts-jest-transformer.js\u001b[2m:98:34)\u001b[22m\n      \u001b[2mat TsJestTransformer.getCacheKey (\u001b[22mnode_modules/ts-jest/dist/legacy/ts-jest-transformer.js\u001b[2m:249:30)\u001b[22m\n      \u001b[2mat ScriptTransformer._getCacheKey (\u001b[22mnode_modules/@jest/transform/build/ScriptTransformer.js\u001b[2m:228:41)\u001b[22m\n      \u001b[2mat ScriptTransformer._getFileCachePath (\u001b[22mnode_modules/@jest/transform/build/ScriptTransformer.js\u001b[2m:289:27)\u001b[22m\n      \u001b[2mat ScriptTransformer.transformSource (\u001b[22mnode_modules/@jest/transform/build/ScriptTransformer.js\u001b[2m:525:32)\u001b[22m\n      \u001b[2mat ScriptTransformer._transformAndBuildScript (\u001b[22mnode_modules/@jest/transform/build/ScriptTransformer.js\u001b[2m:674:40)\u001b[22m\n      \u001b[2mat ScriptTransformer.transform (\u001b[22mnode_modules/@jest/transform/build/ScriptTransformer.js\u001b[2m:726:19)\u001b[22m\n","name":"C:\\learning\\pcf\\SVTList\\DetailsListVOA\\tests\\svt-submit-sales-verification\\svt-submit-sales-verification.test.ts","startTime":1775679042182,"status":"failed","summary":""},{"assertionResults":[],"coverage":{},"endTime":1775679042182,"message":"  \u001b[1m● \u001b[22mTest suite failed to run\n\n    File not found: tsconfig.test.json (resolved as: C:\\learning\\pcf\\SVTList\\DetailsListVOA\\tsconfig.test.json)\n\n      \u001b[2mat ConfigSet.resolvePath (\u001b[22mnode_modules/ts-jest/dist/legacy/config/config-set.js\u001b[2m:616:19)\u001b[22m\n      \u001b[2mat ConfigSet._setupConfigSet (\u001b[22mnode_modules/ts-jest/dist/legacy/config/config-set.js\u001b[2m:322:71)\u001b[22m\n      \u001b[2mat new ConfigSet (\u001b[22mnode_modules/ts-jest/dist/legacy/config/config-set.js\u001b[2m:206:14)\u001b[22m\n      \u001b[2mat TsJestTransformer._createConfigSet (\u001b[22mnode_modules/ts-jest/dist/legacy/ts-jest-transformer.js\u001b[2m:119:16)\u001b[22m\n      \u001b[2mat TsJestTransformer._configsFor (\u001b[22mnode_modules/ts-jest/dist/legacy/ts-jest-transformer.js\u001b[2m:98:34)\u001b[22m\n      \u001b[2mat TsJestTransformer.getCacheKey (\u001b[22mnode_modules/ts-jest/dist/legacy/ts-jest-transformer.js\u001b[2m:249:30)\u001b[22m\n      \u001b[2mat ScriptTransformer._getCacheKey (\u001b[22mnode_modules/@jest/transform/build/ScriptTransformer.js\u001b[2m:228:41)\u001b[22m\n      \u001b[2mat ScriptTransformer._getFileCachePath (\u001b[22mnode_modules/@jest/transform/build/ScriptTransformer.js\u001b[2m:289:27)\u001b[22m\n      \u001b[2mat ScriptTransformer.transformSource (\u001b[22mnode_modules/@jest/transform/build/ScriptTransformer.js\u001b[2m:525:32)\u001b[22m\n      \u001b[2mat ScriptTransformer._transformAndBuildScript (\u001b[22mnode_modules/@jest/transform/build/ScriptTransformer.js\u001b[2m:674:40)\u001b[22m\n      \u001b[2mat ScriptTransformer.transform (\u001b[22mnode_modules/@jest/transform/build/ScriptTransformer.js\u001b[2m:726:19)\u001b[22m\n","name":"C:\\learning\\pcf\\SVTList\\DetailsListVOA\\tests\\WRT-310-view-sales-record-readonly\\WRT-310-view-sales-record-readonly.ac.test.ts","startTime":1775679042182,"status":"failed","summary":""},{"assertionResults":[],"coverage":{},"endTime":1775679042182,"message":"  \u001b[1m● \u001b[22mTest suite failed to run\n\n    File not found: tsconfig.test.json (resolved as: C:\\learning\\pcf\\SVTList\\DetailsListVOA\\tsconfig.test.json)\n\n      \u001b[2mat ConfigSet.resolvePath (\u001b[22mnode_modules/ts-jest/dist/legacy/config/config-set.js\u001b[2m:616:19)\u001b[22m\n      \u001b[2mat ConfigSet._setupConfigSet (\u001b[22mnode_modules/ts-jest/dist/legacy/config/config-set.js\u001b[2m:322:71)\u001b[22m\n      \u001b[2mat new ConfigSet (\u001b[22mnode_modules/ts-jest/dist/legacy/config/config-set.js\u001b[2m:206:14)\u001b[22m\n      \u001b[2mat TsJestTransformer._createConfigSet (\u001b[22mnode_modules/ts-jest/dist/legacy/ts-jest-transformer.js\u001b[2m:119:16)\u001b[22m\n      \u001b[2mat TsJestTransformer._configsFor (\u001b[22mnode_modules/ts-jest/dist/legacy/ts-jest-transformer.js\u001b[2m:98:34)\u001b[22m\n      \u001b[2mat TsJestTransformer.getCacheKey (\u001b[22mnode_modules/ts-jest/dist/legacy/ts-jest-transformer.js\u001b[2m:249:30)\u001b[22m\n      \u001b[2mat ScriptTransformer._getCacheKey (\u001b[22mnode_modules/@jest/transform/build/ScriptTransformer.js\u001b[2m:228:41)\u001b[22m\n      \u001b[2mat ScriptTransformer._getFileCachePath (\u001b[22mnode_modules/@jest/transform/build/ScriptTransformer.js\u001b[2m:289:27)\u001b[22m\n      \u001b[2mat ScriptTransformer.transformSource (\u001b[22mnode_modules/@jest/transform/build/ScriptTransformer.js\u001b[2m:525:32)\u001b[22m\n      \u001b[2mat ScriptTransformer._transformAndBuildScript (\u001b[22mnode_modules/@jest/transform/build/ScriptTransformer.js\u001b[2m:674:40)\u001b[22m\n      \u001b[2mat ScriptTransformer.transform (\u001b[22mnode_modules/@jest/transform/build/ScriptTransformer.js\u001b[2m:726:19)\u001b[22m\n","name":"C:\\learning\\pcf\\SVTList\\DetailsListVOA\\tests\\column-filter-query.test.ts","startTime":1775679042182,"status":"failed","summary":""},{"assertionResults":[],"coverage":{},"endTime":1775679042182,"message":"  \u001b[1m● \u001b[22mTest suite failed to run\n\n    File not found: tsconfig.test.json (resolved as: C:\\learning\\pcf\\SVTList\\DetailsListVOA\\tsconfig.test.json)\n\n      \u001b[2mat ConfigSet.resolvePath (\u001b[22mnode_modules/ts-jest/dist/legacy/config/config-set.js\u001b[2m:616:19)\u001b[22m\n      \u001b[2mat ConfigSet._setupConfigSet (\u001b[22mnode_modules/ts-jest/dist/legacy/config/config-set.js\u001b[2m:322:71)\u001b[22m\n      \u001b[2mat new ConfigSet (\u001b[22mnode_modules/ts-jest/dist/legacy/config/config-set.js\u001b[2m:206:14)\u001b[22m\n      \u001b[2mat TsJestTransformer._createConfigSet (\u001b[22mnode_modules/ts-jest/dist/legacy/ts-jest-transformer.js\u001b[2m:119:16)\u001b[22m\n      \u001b[2mat TsJestTransformer._configsFor (\u001b[22mnode_modules/ts-jest/dist/legacy/ts-jest-transformer.js\u001b[2m:98:34)\u001b[22m\n      \u001b[2mat TsJestTransformer.getCacheKey (\u001b[22mnode_modules/ts-jest/dist/legacy/ts-jest-transformer.js\u001b[2m:249:30)\u001b[22m\n      \u001b[2mat ScriptTransformer._getCacheKey (\u001b[22mnode_modules/@jest/transform/build/ScriptTransformer.js\u001b[2m:228:41)\u001b[22m\n      \u001b[2mat ScriptTransformer._getFileCachePath (\u001b[22mnode_modules/@jest/transform/build/ScriptTransformer.js\u001b[2m:289:27)\u001b[22m\n      \u001b[2mat ScriptTransformer.transformSource (\u001b[22mnode_modules/@jest/transform/build/ScriptTransformer.js\u001b[2m:525:32)\u001b[22m\n      \u001b[2mat ScriptTransformer._transformAndBuildScript (\u001b[22mnode_modules/@jest/transform/build/ScriptTransformer.js\u001b[2m:674:40)\u001b[22m\n      \u001b[2mat ScriptTransformer.transform (\u001b[22mnode_modules/@jest/transform/build/ScriptTransformer.js\u001b[2m:726:19)\u001b[22m\n","name":"C:\\learning\\pcf\\SVTList\\DetailsListVOA\\tests\\prefilter-utils.test.ts","startTime":1775679042182,"status":"failed","summary":""},{"assertionResults":[],"coverage":{},"endTime":1775679042182,"message":"  \u001b[1m● \u001b[22mTest suite failed to run\n\n    File not found: tsconfig.test.json (resolved as: C:\\learning\\pcf\\SVTList\\DetailsListVOA\\tsconfig.test.json)\n\n      \u001b[2mat ConfigSet.resolvePath (\u001b[22mnode_modules/ts-jest/dist/legacy/config/config-set.js\u001b[2m:616:19)\u001b[22m\n      \u001b[2mat ConfigSet._setupConfigSet (\u001b[22mnode_modules/ts-jest/dist/legacy/config/config-set.js\u001b[2m:322:71)\u001b[22m\n      \u001b[2mat new ConfigSet (\u001b[22mnode_modules/ts-jest/dist/legacy/config/config-set.js\u001b[2m:206:14)\u001b[22m\n      \u001b[2mat TsJestTransformer._createConfigSet (\u001b[22mnode_modules/ts-jest/dist/legacy/ts-jest-transformer.js\u001b[2m:119:16)\u001b[22m\n      \u001b[2mat TsJestTransformer._configsFor (\u001b[22mnode_modules/ts-jest/dist/legacy/ts-jest-transformer.js\u001b[2m:98:34)\u001b[22m\n      \u001b[2mat TsJestTransformer.getCacheKey (\u001b[22mnode_modules/ts-jest/dist/legacy/ts-jest-transformer.js\u001b[2m:249:30)\u001b[22m\n      \u001b[2mat ScriptTransformer._getCacheKey (\u001b[22mnode_modules/@jest/transform/build/ScriptTransformer.js\u001b[2m:228:41)\u001b[22m\n      \u001b[2mat ScriptTransformer._getFileCachePath (\u001b[22mnode_modules/@jest/transform/build/ScriptTransformer.js\u001b[2m:289:27)\u001b[22m\n      \u001b[2mat ScriptTransformer.transformSource (\u001b[22mnode_modules/@jest/transform/build/ScriptTransformer.js\u001b[2m:525:32)\u001b[22m\n      \u001b[2mat ScriptTransformer._transformAndBuildScript (\u001b[22mnode_modules/@jest/transform/build/ScriptTransformer.js\u001b[2m:674:40)\u001b[22m\n      \u001b[2mat ScriptTransformer.transform (\u001b[22mnode_modules/@jest/transform/build/ScriptTransformer.js\u001b[2m:726:19)\u001b[22m\n","name":"C:\\learning\\pcf\\SVTList\\DetailsListVOA\\tests\\hereditament-url.test.ts","startTime":1775679042182,"status":"failed","summary":""},{"assertionResults":[],"coverage":{},"endTime":1775679042182,"message":"  \u001b[1m● \u001b[22mTest suite failed to run\n\n    File not found: tsconfig.test.json (resolved as: C:\\learning\\pcf\\SVTList\\DetailsListVOA\\tsconfig.test.json)\n\n      \u001b[2mat ConfigSet.resolvePath (\u001b[22mnode_modules/ts-jest/dist/legacy/config/config-set.js\u001b[2m:616:19)\u001b[22m\n      \u001b[2mat ConfigSet._setupConfigSet (\u001b[22mnode_modules/ts-jest/dist/legacy/config/config-set.js\u001b[2m:322:71)\u001b[22m\n      \u001b[2mat new ConfigSet (\u001b[22mnode_modules/ts-jest/dist/legacy/config/config-set.js\u001b[2m:206:14)\u001b[22m\n      \u001b[2mat TsJestTransformer._createConfigSet (\u001b[22mnode_modules/ts-jest/dist/legacy/ts-jest-transformer.js\u001b[2m:119:16)\u001b[22m\n      \u001b[2mat TsJestTransformer._configsFor (\u001b[22mnode_modules/ts-jest/dist/legacy/ts-jest-transformer.js\u001b[2m:98:34)\u001b[22m\n      \u001b[2mat TsJestTransformer.getCacheKey (\u001b[22mnode_modules/ts-jest/dist/legacy/ts-jest-transformer.js\u001b[2m:249:30)\u001b[22m\n      \u001b[2mat ScriptTransformer._getCacheKey (\u001b[22mnode_modules/@jest/transform/build/ScriptTransformer.js\u001b[2m:228:41)\u001b[22m\n      \u001b[2mat ScriptTransformer._getFileCachePath (\u001b[22mnode_modules/@jest/transform/build/ScriptTransformer.js\u001b[2m:289:27)\u001b[22m\n      \u001b[2mat ScriptTransformer.transformSource (\u001b[22mnode_modules/@jest/transform/build/ScriptTransformer.js\u001b[2m:525:32)\u001b[22m\n      \u001b[2mat ScriptTransformer._transformAndBuildScript (\u001b[22mnode_modules/@jest/transform/build/ScriptTransformer.js\u001b[2m:674:40)\u001b[22m\n      \u001b[2mat ScriptTransformer.transform (\u001b[22mnode_modules/@jest/transform/build/ScriptTransformer.js\u001b[2m:726:19)\u001b[22m\n","name":"C:\\learning\\pcf\\SVTList\\DetailsListVOA\\tests\\api-user-name-mapping.test.ts","startTime":1775679042182,"status":"failed","summary":""},{"assertionResults":[],"coverage":{},"endTime":1775679042182,"message":"  \u001b[1m● \u001b[22mTest suite failed to run\n\n    File not found: tsconfig.test.json (resolved as: C:\\learning\\pcf\\SVTList\\DetailsListVOA\\tsconfig.test.json)\n\n      \u001b[2mat ConfigSet.resolvePath (\u001b[22mnode_modules/ts-jest/dist/legacy/config/config-set.js\u001b[2m:616:19)\u001b[22m\n      \u001b[2mat ConfigSet._setupConfigSet (\u001b[22mnode_modules/ts-jest/dist/legacy/config/config-set.js\u001b[2m:322:71)\u001b[22m\n      \u001b[2mat new ConfigSet (\u001b[22mnode_modules/ts-jest/dist/legacy/config/config-set.js\u001b[2m:206:14)\u001b[22m\n      \u001b[2mat TsJestTransformer._createConfigSet (\u001b[22mnode_modules/ts-jest/dist/legacy/ts-jest-transformer.js\u001b[2m:119:16)\u001b[22m\n      \u001b[2mat TsJestTransformer._configsFor (\u001b[22mnode_modules/ts-jest/dist/legacy/ts-jest-transformer.js\u001b[2m:98:34)\u001b[22m\n      \u001b[2mat TsJestTransformer.getCacheKey (\u001b[22mnode_modules/ts-jest/dist/legacy/ts-jest-transformer.js\u001b[2m:249:30)\u001b[22m\n      \u001b[2mat ScriptTransformer._getCacheKey (\u001b[22mnode_modules/@jest/transform/build/ScriptTransformer.js\u001b[2m:228:41)\u001b[22m\n      \u001b[2mat ScriptTransformer._getFileCachePath (\u001b[22mnode_modules/@jest/transform/build/ScriptTransformer.js\u001b[2m:289:27)\u001b[22m\n      \u001b[2mat ScriptTransformer.transformSource (\u001b[22mnode_modules/@jest/transform/build/ScriptTransformer.js\u001b[2m:525:32)\u001b[22m\n      \u001b[2mat ScriptTransformer._transformAndBuildScript (\u001b[22mnode_modules/@jest/transform/build/ScriptTransformer.js\u001b[2m:674:40)\u001b[22m\n      \u001b[2mat ScriptTransformer.transform (\u001b[22mnode_modules/@jest/transform/build/ScriptTransformer.js\u001b[2m:726:19)\u001b[22m\n","name":"C:\\learning\\pcf\\SVTList\\DetailsListVOA\\tests\\WRT-313-caseworker-access\\WRT-313-caseworker-access.ac.test.ts","startTime":1775679042182,"status":"failed","summary":""},{"assertionResults":[],"coverage":{},"endTime":1775679042182,"message":"  \u001b[1m● \u001b[22mTest suite failed to run\n\n    File not found: tsconfig.test.json (resolved as: C:\\learning\\pcf\\SVTList\\DetailsListVOA\\tsconfig.test.json)\n\n      \u001b[2mat ConfigSet.resolvePath (\u001b[22mnode_modules/ts-jest/dist/legacy/config/config-set.js\u001b[2m:616:19)\u001b[22m\n      \u001b[2mat ConfigSet._setupConfigSet (\u001b[22mnode_modules/ts-jest/dist/legacy/config/config-set.js\u001b[2m:322:71)\u001b[22m\n      \u001b[2mat new ConfigSet (\u001b[22mnode_modules/ts-jest/dist/legacy/config/config-set.js\u001b[2m:206:14)\u001b[22m\n      \u001b[2mat TsJestTransformer._createConfigSet (\u001b[22mnode_modules/ts-jest/dist/legacy/ts-jest-transformer.js\u001b[2m:119:16)\u001b[22m\n      \u001b[2mat TsJestTransformer._configsFor (\u001b[22mnode_modules/ts-jest/dist/legacy/ts-jest-transformer.js\u001b[2m:98:34)\u001b[22m\n      \u001b[2mat TsJestTransformer.getCacheKey (\u001b[22mnode_modules/ts-jest/dist/legacy/ts-jest-transformer.js\u001b[2m:249:30)\u001b[22m\n      \u001b[2mat ScriptTransformer._getCacheKey (\u001b[22mnode_modules/@jest/transform/build/ScriptTransformer.js\u001b[2m:228:41)\u001b[22m\n      \u001b[2mat ScriptTransformer._getFileCachePath (\u001b[22mnode_modules/@jest/transform/build/ScriptTransformer.js\u001b[2m:289:27)\u001b[22m\n      \u001b[2mat ScriptTransformer.transformSource (\u001b[22mnode_modules/@jest/transform/build/ScriptTransformer.js\u001b[2m:525:32)\u001b[22m\n      \u001b[2mat ScriptTransformer._transformAndBuildScript (\u001b[22mnode_modules/@jest/transform/build/ScriptTransformer.js\u001b[2m:674:40)\u001b[22m\n      \u001b[2mat ScriptTransformer.transform (\u001b[22mnode_modules/@jest/transform/build/ScriptTransformer.js\u001b[2m:726:19)\u001b[22m\n","name":"C:\\learning\\pcf\\SVTList\\DetailsListVOA\\tests\\user-display-name-utils.test.ts","startTime":1775679042182,"status":"failed","summary":""},{"assertionResults":[],"coverage":{},"endTime":1775679042182,"message":"  \u001b[1m● \u001b[22mTest suite failed to run\n\n    File not found: tsconfig.test.json (resolved as: C:\\learning\\pcf\\SVTList\\DetailsListVOA\\tsconfig.test.json)\n\n      \u001b[2mat ConfigSet.resolvePath (\u001b[22mnode_modules/ts-jest/dist/legacy/config/config-set.js\u001b[2m:616:19)\u001b[22m\n      \u001b[2mat ConfigSet._setupConfigSet (\u001b[22mnode_modules/ts-jest/dist/legacy/config/config-set.js\u001b[2m:322:71)\u001b[22m\n      \u001b[2mat new ConfigSet (\u001b[22mnode_modules/ts-jest/dist/legacy/config/config-set.js\u001b[2m:206:14)\u001b[22m\n      \u001b[2mat TsJestTransformer._createConfigSet (\u001b[22mnode_modules/ts-jest/dist/legacy/ts-jest-transformer.js\u001b[2m:119:16)\u001b[22m\n      \u001b[2mat TsJestTransformer._configsFor (\u001b[22mnode_modules/ts-jest/dist/legacy/ts-jest-transformer.js\u001b[2m:98:34)\u001b[22m\n      \u001b[2mat TsJestTransformer.getCacheKey (\u001b[22mnode_modules/ts-jest/dist/legacy/ts-jest-transformer.js\u001b[2m:249:30)\u001b[22m\n      \u001b[2mat ScriptTransformer._getCacheKey (\u001b[22mnode_modules/@jest/transform/build/ScriptTransformer.js\u001b[2m:228:41)\u001b[22m\n      \u001b[2mat ScriptTransformer._getFileCachePath (\u001b[22mnode_modules/@jest/transform/build/ScriptTransformer.js\u001b[2m:289:27)\u001b[22m\n      \u001b[2mat ScriptTransformer.transformSource (\u001b[22mnode_modules/@jest/transform/build/ScriptTransformer.js\u001b[2m:525:32)\u001b[22m\n      \u001b[2mat ScriptTransformer._transformAndBuildScript (\u001b[22mnode_modules/@jest/transform/build/ScriptTransformer.js\u001b[2m:674:40)\u001b[22m\n      \u001b[2mat ScriptTransformer.transform (\u001b[22mnode_modules/@jest/transform/build/ScriptTransformer.js\u001b[2m:726:19)\u001b[22m\n","name":"C:\\learning\\pcf\\SVTList\\DetailsListVOA\\tests\\screen-resolution.test.ts","startTime":1775679042182,"status":"failed","summary":""},{"assertionResults":[],"coverage":{},"endTime":1775679042182,"message":"  \u001b[1m● \u001b[22mTest suite failed to run\n\n    File not found: tsconfig.test.json (resolved as: C:\\learning\\pcf\\SVTList\\DetailsListVOA\\tsconfig.test.json)\n\n      \u001b[2mat ConfigSet.resolvePath (\u001b[22mnode_modules/ts-jest/dist/legacy/config/config-set.js\u001b[2m:616:19)\u001b[22m\n      \u001b[2mat ConfigSet._setupConfigSet (\u001b[22mnode_modules/ts-jest/dist/legacy/config/config-set.js\u001b[2m:322:71)\u001b[22m\n      \u001b[2mat new ConfigSet (\u001b[22mnode_modules/ts-jest/dist/legacy/config/config-set.js\u001b[2m:206:14)\u001b[22m\n      \u001b[2mat TsJestTransformer._createConfigSet (\u001b[22mnode_modules/ts-jest/dist/legacy/ts-jest-transformer.js\u001b[2m:119:16)\u001b[22m\n      \u001b[2mat TsJestTransformer._configsFor (\u001b[22mnode_modules/ts-jest/dist/legacy/ts-jest-transformer.js\u001b[2m:98:34)\u001b[22m\n      \u001b[2mat TsJestTransformer.getCacheKey (\u001b[22mnode_modules/ts-jest/dist/legacy/ts-jest-transformer.js\u001b[2m:249:30)\u001b[22m\n      \u001b[2mat ScriptTransformer._getCacheKey (\u001b[22mnode_modules/@jest/transform/build/ScriptTransformer.js\u001b[2m:228:41)\u001b[22m\n      \u001b[2mat ScriptTransformer._getFileCachePath (\u001b[22mnode_modules/@jest/transform/build/ScriptTransformer.js\u001b[2m:289:27)\u001b[22m\n      \u001b[2mat ScriptTransformer.transformSource (\u001b[22mnode_modules/@jest/transform/build/ScriptTransformer.js\u001b[2m:525:32)\u001b[22m\n      \u001b[2mat ScriptTransformer._transformAndBuildScript (\u001b[22mnode_modules/@jest/transform/build/ScriptTransformer.js\u001b[2m:674:40)\u001b[22m\n      \u001b[2mat ScriptTransformer.transform (\u001b[22mnode_modules/@jest/transform/build/ScriptTransformer.js\u001b[2m:726:19)\u001b[22m\n","name":"C:\\learning\\pcf\\SVTList\\DetailsListVOA\\tests\\assignment-helpers.test.ts","startTime":1775679042182,"status":"failed","summary":""},{"assertionResults":[],"coverage":{},"endTime":1775679042182,"message":"  \u001b[1m● \u001b[22mTest suite failed to run\n\n    File not found: tsconfig.test.json (resolved as: C:\\learning\\pcf\\SVTList\\DetailsListVOA\\tsconfig.test.json)\n\n      \u001b[2mat ConfigSet.resolvePath (\u001b[22mnode_modules/ts-jest/dist/legacy/config/config-set.js\u001b[2m:616:19)\u001b[22m\n      \u001b[2mat ConfigSet._setupConfigSet (\u001b[22mnode_modules/ts-jest/dist/legacy/config/config-set.js\u001b[2m:322:71)\u001b[22m\n      \u001b[2mat new ConfigSet (\u001b[22mnode_modules/ts-jest/dist/legacy/config/config-set.js\u001b[2m:206:14)\u001b[22m\n      \u001b[2mat TsJestTransformer._createConfigSet (\u001b[22mnode_modules/ts-jest/dist/legacy/ts-jest-transformer.js\u001b[2m:119:16)\u001b[22m\n      \u001b[2mat TsJestTransformer._configsFor (\u001b[22mnode_modules/ts-jest/dist/legacy/ts-jest-transformer.js\u001b[2m:98:34)\u001b[22m\n      \u001b[2mat TsJestTransformer.getCacheKey (\u001b[22mnode_modules/ts-jest/dist/legacy/ts-jest-transformer.js\u001b[2m:249:30)\u001b[22m\n      \u001b[2mat ScriptTransformer._getCacheKey (\u001b[22mnode_modules/@jest/transform/build/ScriptTransformer.js\u001b[2m:228:41)\u001b[22m\n      \u001b[2mat ScriptTransformer._getFileCachePath (\u001b[22mnode_modules/@jest/transform/build/ScriptTransformer.js\u001b[2m:289:27)\u001b[22m\n      \u001b[2mat ScriptTransformer.transformSource (\u001b[22mnode_modules/@jest/transform/build/ScriptTransformer.js\u001b[2m:525:32)\u001b[22m\n      \u001b[2mat ScriptTransformer._transformAndBuildScript (\u001b[22mnode_modules/@jest/transform/build/ScriptTransformer.js\u001b[2m:674:40)\u001b[22m\n      \u001b[2mat ScriptTransformer.transform (\u001b[22mnode_modules/@jest/transform/build/ScriptTransformer.js\u001b[2m:726:19)\u001b[22m\n","name":"C:\\learning\\pcf\\SVTList\\DetailsListVOA\\tests\\prefilter-entra-identity.test.ts","startTime":1775679042182,"status":"failed","summary":""},{"assertionResults":[],"coverage":{},"endTime":1775679042182,"message":"  \u001b[1m● \u001b[22mTest suite failed to run\n\n    File not found: tsconfig.test.json (resolved as: C:\\learning\\pcf\\SVTList\\DetailsListVOA\\tsconfig.test.json)\n\n      \u001b[2mat ConfigSet.resolvePath (\u001b[22mnode_modules/ts-jest/dist/legacy/config/config-set.js\u001b[2m:616:19)\u001b[22m\n      \u001b[2mat ConfigSet._setupConfigSet (\u001b[22mnode_modules/ts-jest/dist/legacy/config/config-set.js\u001b[2m:322:71)\u001b[22m\n      \u001b[2mat new ConfigSet (\u001b[22mnode_modules/ts-jest/dist/legacy/config/config-set.js\u001b[2m:206:14)\u001b[22m\n      \u001b[2mat TsJestTransformer._createConfigSet (\u001b[22mnode_modules/ts-jest/dist/legacy/ts-jest-transformer.js\u001b[2m:119:16)\u001b[22m\n      \u001b[2mat TsJestTransformer._configsFor (\u001b[22mnode_modules/ts-jest/dist/legacy/ts-jest-transformer.js\u001b[2m:98:34)\u001b[22m\n      \u001b[2mat TsJestTransformer.getCacheKey (\u001b[22mnode_modules/ts-jest/dist/legacy/ts-jest-transformer.js\u001b[2m:249:30)\u001b[22m\n      \u001b[2mat ScriptTransformer._getCacheKey (\u001b[22mnode_modules/@jest/transform/build/ScriptTransformer.js\u001b[2m:228:41)\u001b[22m\n      \u001b[2mat ScriptTransformer._getFileCachePath (\u001b[22mnode_modules/@jest/transform/build/ScriptTransformer.js\u001b[2m:289:27)\u001b[22m\n      \u001b[2mat ScriptTransformer.transformSource (\u001b[22mnode_modules/@jest/transform/build/ScriptTransformer.js\u001b[2m:525:32)\u001b[22m\n      \u001b[2mat ScriptTransformer._transformAndBuildScript (\u001b[22mnode_modules/@jest/transform/build/ScriptTransformer.js\u001b[2m:674:40)\u001b[22m\n      \u001b[2mat ScriptTransformer.transform (\u001b[22mnode_modules/@jest/transform/build/ScriptTransformer.js\u001b[2m:726:19)\u001b[22m\n","name":"C:\\learning\\pcf\\SVTList\\DetailsListVOA\\tests\\WRT-206-non-svt-user-access\\WRT-206-non-svt-user-access.ac.test.ts","startTime":1775679042182,"status":"failed","summary":""},{"assertionResults":[],"coverage":{},"endTime":1775679042182,"message":"  \u001b[1m● \u001b[22mTest suite failed to run\n\n    File not found: tsconfig.test.json (resolved as: C:\\learning\\pcf\\SVTList\\DetailsListVOA\\tsconfig.test.json)\n\n      \u001b[2mat ConfigSet.resolvePath (\u001b[22mnode_modules/ts-jest/dist/legacy/config/config-set.js\u001b[2m:616:19)\u001b[22m\n      \u001b[2mat ConfigSet._setupConfigSet (\u001b[22mnode_modules/ts-jest/dist/legacy/config/config-set.js\u001b[2m:322:71)\u001b[22m\n      \u001b[2mat new ConfigSet (\u001b[22mnode_modules/ts-jest/dist/legacy/config/config-set.js\u001b[2m:206:14)\u001b[22m\n      \u001b[2mat TsJestTransformer._createConfigSet (\u001b[22mnode_modules/ts-jest/dist/legacy/ts-jest-transformer.js\u001b[2m:119:16)\u001b[22m\n      \u001b[2mat TsJestTransformer._configsFor (\u001b[22mnode_modules/ts-jest/dist/legacy/ts-jest-transformer.js\u001b[2m:98:34)\u001b[22m\n      \u001b[2mat TsJestTransformer.getCacheKey (\u001b[22mnode_modules/ts-jest/dist/legacy/ts-jest-transformer.js\u001b[2m:249:30)\u001b[22m\n      \u001b[2mat ScriptTransformer._getCacheKey (\u001b[22mnode_modules/@jest/transform/build/ScriptTransformer.js\u001b[2m:228:41)\u001b[22m\n      \u001b[2mat ScriptTransformer._getFileCachePath (\u001b[22mnode_modules/@jest/transform/build/ScriptTransformer.js\u001b[2m:289:27)\u001b[22m\n      \u001b[2mat ScriptTransformer.transformSource (\u001b[22mnode_modules/@jest/transform/build/ScriptTransformer.js\u001b[2m:525:32)\u001b[22m\n      \u001b[2mat ScriptTransformer._transformAndBuildScript (\u001b[22mnode_modules/@jest/transform/build/ScriptTransformer.js\u001b[2m:674:40)\u001b[22m\n      \u001b[2mat ScriptTransformer.transform (\u001b[22mnode_modules/@jest/transform/build/ScriptTransformer.js\u001b[2m:726:19)\u001b[22m\n","name":"C:\\learning\\pcf\\SVTList\\DetailsListVOA\\tests\\WR-334-audit-history\\WR-334-audit-history.ac.test.ts","startTime":1775679042182,"status":"failed","summary":""},{"assertionResults":[],"coverage":{},"endTime":1775679042182,"message":"  \u001b[1m● \u001b[22mTest suite failed to run\n\n    File not found: tsconfig.test.json (resolved as: C:\\learning\\pcf\\SVTList\\DetailsListVOA\\tsconfig.test.json)\n\n      \u001b[2mat ConfigSet.resolvePath (\u001b[22mnode_modules/ts-jest/dist/legacy/config/config-set.js\u001b[2m:616:19)\u001b[22m\n      \u001b[2mat ConfigSet._setupConfigSet (\u001b[22mnode_modules/ts-jest/dist/legacy/config/config-set.js\u001b[2m:322:71)\u001b[22m\n      \u001b[2mat new ConfigSet (\u001b[22mnode_modules/ts-jest/dist/legacy/config/config-set.js\u001b[2m:206:14)\u001b[22m\n      \u001b[2mat TsJestTransformer._createConfigSet (\u001b[22mnode_modules/ts-jest/dist/legacy/ts-jest-transformer.js\u001b[2m:119:16)\u001b[22m\n      \u001b[2mat TsJestTransformer._configsFor (\u001b[22mnode_modules/ts-jest/dist/legacy/ts-jest-transformer.js\u001b[2m:98:34)\u001b[22m\n      \u001b[2mat TsJestTransformer.getCacheKey (\u001b[22mnode_modules/ts-jest/dist/legacy/ts-jest-transformer.js\u001b[2m:249:30)\u001b[22m\n      \u001b[2mat ScriptTransformer._getCacheKey (\u001b[22mnode_modules/@jest/transform/build/ScriptTransformer.js\u001b[2m:228:41)\u001b[22m\n      \u001b[2mat ScriptTransformer._getFileCachePath (\u001b[22mnode_modules/@jest/transform/build/ScriptTransformer.js\u001b[2m:289:27)\u001b[22m\n      \u001b[2mat ScriptTransformer.transformSource (\u001b[22mnode_modules/@jest/transform/build/ScriptTransformer.js\u001b[2m:525:32)\u001b[22m\n      \u001b[2mat ScriptTransformer._transformAndBuildScript (\u001b[22mnode_modules/@jest/transform/build/ScriptTransformer.js\u001b[2m:674:40)\u001b[22m\n      \u001b[2mat ScriptTransformer.transform (\u001b[22mnode_modules/@jest/transform/build/ScriptTransformer.js\u001b[2m:726:19)\u001b[22m\n","name":"C:\\learning\\pcf\\SVTList\\DetailsListVOA\\tests\\keyboard-review-gate.test.ts","startTime":1775679042182,"status":"failed","summary":""},{"assertionResults":[],"coverage":{},"endTime":1775679042182,"message":"  \u001b[1m● \u001b[22mTest suite failed to run\n\n    File not found: tsconfig.test.json (resolved as: C:\\learning\\pcf\\SVTList\\DetailsListVOA\\tsconfig.test.json)\n\n      \u001b[2mat ConfigSet.resolvePath (\u001b[22mnode_modules/ts-jest/dist/legacy/config/config-set.js\u001b[2m:616:19)\u001b[22m\n      \u001b[2mat ConfigSet._setupConfigSet (\u001b[22mnode_modules/ts-jest/dist/legacy/config/config-set.js\u001b[2m:322:71)\u001b[22m\n      \u001b[2mat new ConfigSet (\u001b[22mnode_modules/ts-jest/dist/legacy/config/config-set.js\u001b[2m:206:14)\u001b[22m\n      \u001b[2mat TsJestTransformer._createConfigSet (\u001b[22mnode_modules/ts-jest/dist/legacy/ts-jest-transformer.js\u001b[2m:119:16)\u001b[22m\n      \u001b[2mat TsJestTransformer._configsFor (\u001b[22mnode_modules/ts-jest/dist/legacy/ts-jest-transformer.js\u001b[2m:98:34)\u001b[22m\n      \u001b[2mat TsJestTransformer.getCacheKey (\u001b[22mnode_modules/ts-jest/dist/legacy/ts-jest-transformer.js\u001b[2m:249:30)\u001b[22m\n      \u001b[2mat ScriptTransformer._getCacheKey (\u001b[22mnode_modules/@jest/transform/build/ScriptTransformer.js\u001b[2m:228:41)\u001b[22m\n      \u001b[2mat ScriptTransformer._getFileCachePath (\u001b[22mnode_modules/@jest/transform/build/ScriptTransformer.js\u001b[2m:289:27)\u001b[22m\n      \u001b[2mat ScriptTransformer.transformSource (\u001b[22mnode_modules/@jest/transform/build/ScriptTransformer.js\u001b[2m:525:32)\u001b[22m\n      \u001b[2mat ScriptTransformer._transformAndBuildScript (\u001b[22mnode_modules/@jest/transform/build/ScriptTransformer.js\u001b[2m:674:40)\u001b[22m\n      \u001b[2mat ScriptTransformer.transform (\u001b[22mnode_modules/@jest/transform/build/ScriptTransformer.js\u001b[2m:726:19)\u001b[22m\n","name":"C:\\learning\\pcf\\SVTList\\DetailsListVOA\\tests\\view-sale-record-by-id-response\\view-sale-record-by-id-response.test.ts","startTime":1775679042182,"status":"failed","summary":""},{"assertionResults":[],"coverage":{},"endTime":1775679042182,"message":"  \u001b[1m● \u001b[22mTest suite failed to run\n\n    File not found: tsconfig.test.json (resolved as: C:\\learning\\pcf\\SVTList\\DetailsListVOA\\tsconfig.test.json)\n\n      \u001b[2mat ConfigSet.resolvePath (\u001b[22mnode_modules/ts-jest/dist/legacy/config/config-set.js\u001b[2m:616:19)\u001b[22m\n      \u001b[2mat ConfigSet._setupConfigSet (\u001b[22mnode_modules/ts-jest/dist/legacy/config/config-set.js\u001b[2m:322:71)\u001b[22m\n      \u001b[2mat new ConfigSet (\u001b[22mnode_modules/ts-jest/dist/legacy/config/config-set.js\u001b[2m:206:14)\u001b[22m\n      \u001b[2mat TsJestTransformer._createConfigSet (\u001b[22mnode_modules/ts-jest/dist/legacy/ts-jest-transformer.js\u001b[2m:119:16)\u001b[22m\n      \u001b[2mat TsJestTransformer._configsFor (\u001b[22mnode_modules/ts-jest/dist/legacy/ts-jest-transformer.js\u001b[2m:98:34)\u001b[22m\n      \u001b[2mat TsJestTransformer.getCacheKey (\u001b[22mnode_modules/ts-jest/dist/legacy/ts-jest-transformer.js\u001b[2m:249:30)\u001b[22m\n      \u001b[2mat ScriptTransformer._getCacheKey (\u001b[22mnode_modules/@jest/transform/build/ScriptTransformer.js\u001b[2m:228:41)\u001b[22m\n      \u001b[2mat ScriptTransformer._getFileCachePath (\u001b[22mnode_modules/@jest/transform/build/ScriptTransformer.js\u001b[2m:289:27)\u001b[22m\n      \u001b[2mat ScriptTransformer.transformSource (\u001b[22mnode_modules/@jest/transform/build/ScriptTransformer.js\u001b[2m:525:32)\u001b[22m\n      \u001b[2mat ScriptTransformer._transformAndBuildScript (\u001b[22mnode_modules/@jest/transform/build/ScriptTransformer.js\u001b[2m:674:40)\u001b[22m\n      \u001b[2mat ScriptTransformer.transform (\u001b[22mnode_modules/@jest/transform/build/ScriptTransformer.js\u001b[2m:726:19)\u001b[22m\n","name":"C:\\learning\\pcf\\SVTList\\DetailsListVOA\\tests\\grid-data-params.test.ts","startTime":1775679042182,"status":"failed","summary":""},{"assertionResults":[],"coverage":{},"endTime":1775679042182,"message":"  \u001b[1m● \u001b[22mTest suite failed to run\n\n    File not found: tsconfig.test.json (resolved as: C:\\learning\\pcf\\SVTList\\DetailsListVOA\\tsconfig.test.json)\n\n      \u001b[2mat ConfigSet.resolvePath (\u001b[22mnode_modules/ts-jest/dist/legacy/config/config-set.js\u001b[2m:616:19)\u001b[22m\n      \u001b[2mat ConfigSet._setupConfigSet (\u001b[22mnode_modules/ts-jest/dist/legacy/config/config-set.js\u001b[2m:322:71)\u001b[22m\n      \u001b[2mat new ConfigSet (\u001b[22mnode_modules/ts-jest/dist/legacy/config/config-set.js\u001b[2m:206:14)\u001b[22m\n      \u001b[2mat TsJestTransformer._createConfigSet (\u001b[22mnode_modules/ts-jest/dist/legacy/ts-jest-transformer.js\u001b[2m:119:16)\u001b[22m\n      \u001b[2mat TsJestTransformer._configsFor (\u001b[22mnode_modules/ts-jest/dist/legacy/ts-jest-transformer.js\u001b[2m:98:34)\u001b[22m\n      \u001b[2mat TsJestTransformer.getCacheKey (\u001b[22mnode_modules/ts-jest/dist/legacy/ts-jest-transformer.js\u001b[2m:249:30)\u001b[22m\n      \u001b[2mat ScriptTransformer._getCacheKey (\u001b[22mnode_modules/@jest/transform/build/ScriptTransformer.js\u001b[2m:228:41)\u001b[22m\n      \u001b[2mat ScriptTransformer._getFileCachePath (\u001b[22mnode_modules/@jest/transform/build/ScriptTransformer.js\u001b[2m:289:27)\u001b[22m\n      \u001b[2mat ScriptTransformer.transformSource (\u001b[22mnode_modules/@jest/transform/build/ScriptTransformer.js\u001b[2m:525:32)\u001b[22m\n      \u001b[2mat ScriptTransformer._transformAndBuildScript (\u001b[22mnode_modules/@jest/transform/build/ScriptTransformer.js\u001b[2m:674:40)\u001b[22m\n      \u001b[2mat ScriptTransformer.transform (\u001b[22mnode_modules/@jest/transform/build/ScriptTransformer.js\u001b[2m:726:19)\u001b[22m\n","name":"C:\\learning\\pcf\\SVTList\\DetailsListVOA\\tests\\external-url-safety.test.ts","startTime":1775679042182,"status":"failed","summary":""},{"assertionResults":[],"coverage":{},"endTime":1775679042182,"message":"  \u001b[1m● \u001b[22mTest suite failed to run\n\n    File not found: tsconfig.test.json (resolved as: C:\\learning\\pcf\\SVTList\\DetailsListVOA\\tsconfig.test.json)\n\n      \u001b[2mat ConfigSet.resolvePath (\u001b[22mnode_modules/ts-jest/dist/legacy/config/config-set.js\u001b[2m:616:19)\u001b[22m\n      \u001b[2mat ConfigSet._setupConfigSet (\u001b[22mnode_modules/ts-jest/dist/legacy/config/config-set.js\u001b[2m:322:71)\u001b[22m\n      \u001b[2mat new ConfigSet (\u001b[22mnode_modules/ts-jest/dist/legacy/config/config-set.js\u001b[2m:206:14)\u001b[22m\n      \u001b[2mat TsJestTransformer._createConfigSet (\u001b[22mnode_modules/ts-jest/dist/legacy/ts-jest-transformer.js\u001b[2m:119:16)\u001b[22m\n      \u001b[2mat TsJestTransformer._configsFor (\u001b[22mnode_modules/ts-jest/dist/legacy/ts-jest-transformer.js\u001b[2m:98:34)\u001b[22m\n      \u001b[2mat TsJestTransformer.getCacheKey (\u001b[22mnode_modules/ts-jest/dist/legacy/ts-jest-transformer.js\u001b[2m:249:30)\u001b[22m\n      \u001b[2mat ScriptTransformer._getCacheKey (\u001b[22mnode_modules/@jest/transform/build/ScriptTransformer.js\u001b[2m:228:41)\u001b[22m\n      \u001b[2mat ScriptTransformer._getFileCachePath (\u001b[22mnode_modules/@jest/transform/build/ScriptTransformer.js\u001b[2m:289:27)\u001b[22m\n      \u001b[2mat ScriptTransformer.transformSource (\u001b[22mnode_modules/@jest/transform/build/ScriptTransformer.js\u001b[2m:525:32)\u001b[22m\n      \u001b[2mat ScriptTransformer._transformAndBuildScript (\u001b[22mnode_modules/@jest/transform/build/ScriptTransformer.js\u001b[2m:674:40)\u001b[22m\n      \u001b[2mat ScriptTransformer.transform (\u001b[22mnode_modules/@jest/transform/build/ScriptTransformer.js\u001b[2m:726:19)\u001b[22m\n","name":"C:\\learning\\pcf\\SVTList\\DetailsListVOA\\tests\\WRT-198-view-update-sales-verification-details\\WRT-198-view-update-sales-verification-details.ac.test.ts","startTime":1775679042182,"status":"failed","summary":""},{"assertionResults":[],"coverage":{},"endTime":1775679042182,"message":"  \u001b[1m● \u001b[22mTest suite failed to run\n\n    File not found: tsconfig.test.json (resolved as: C:\\learning\\pcf\\SVTList\\DetailsListVOA\\tsconfig.test.json)\n\n      \u001b[2mat ConfigSet.resolvePath (\u001b[22mnode_modules/ts-jest/dist/legacy/config/config-set.js\u001b[2m:616:19)\u001b[22m\n      \u001b[2mat ConfigSet._setupConfigSet (\u001b[22mnode_modules/ts-jest/dist/legacy/config/config-set.js\u001b[2m:322:71)\u001b[22m\n      \u001b[2mat new ConfigSet (\u001b[22mnode_modules/ts-jest/dist/legacy/config/config-set.js\u001b[2m:206:14)\u001b[22m\n      \u001b[2mat TsJestTransformer._createConfigSet (\u001b[22mnode_modules/ts-jest/dist/legacy/ts-jest-transformer.js\u001b[2m:119:16)\u001b[22m\n      \u001b[2mat TsJestTransformer._configsFor (\u001b[22mnode_modules/ts-jest/dist/legacy/ts-jest-transformer.js\u001b[2m:98:34)\u001b[22m\n      \u001b[2mat TsJestTransformer.getCacheKey (\u001b[22mnode_modules/ts-jest/dist/legacy/ts-jest-transformer.js\u001b[2m:249:30)\u001b[22m\n      \u001b[2mat ScriptTransformer._getCacheKey (\u001b[22mnode_modules/@jest/transform/build/ScriptTransformer.js\u001b[2m:228:41)\u001b[22m\n      \u001b[2mat ScriptTransformer._getFileCachePath (\u001b[22mnode_modules/@jest/transform/build/ScriptTransformer.js\u001b[2m:289:27)\u001b[22m\n      \u001b[2mat ScriptTransformer.transformSource (\u001b[22mnode_modules/@jest/transform/build/ScriptTransformer.js\u001b[2m:525:32)\u001b[22m\n      \u001b[2mat ScriptTransformer._transformAndBuildScript (\u001b[22mnode_modules/@jest/transform/build/ScriptTransformer.js\u001b[2m:674:40)\u001b[22m\n      \u001b[2mat ScriptTransformer.transform (\u001b[22mnode_modules/@jest/transform/build/ScriptTransformer.js\u001b[2m:726:19)\u001b[22m\n","name":"C:\\learning\\pcf\\SVTList\\DetailsListVOA\\tests\\sales-search-validation.test.ts","startTime":1775679042182,"status":"failed","summary":""},{"assertionResults":[],"coverage":{},"endTime":1775679042182,"message":"  \u001b[1m● \u001b[22mTest suite failed to run\n\n    File not found: tsconfig.test.json (resolved as: C:\\learning\\pcf\\SVTList\\DetailsListVOA\\tsconfig.test.json)\n\n      \u001b[2mat ConfigSet.resolvePath (\u001b[22mnode_modules/ts-jest/dist/legacy/config/config-set.js\u001b[2m:616:19)\u001b[22m\n      \u001b[2mat ConfigSet._setupConfigSet (\u001b[22mnode_modules/ts-jest/dist/legacy/config/config-set.js\u001b[2m:322:71)\u001b[22m\n      \u001b[2mat new ConfigSet (\u001b[22mnode_modules/ts-jest/dist/legacy/config/config-set.js\u001b[2m:206:14)\u001b[22m\n      \u001b[2mat TsJestTransformer._createConfigSet (\u001b[22mnode_modules/ts-jest/dist/legacy/ts-jest-transformer.js\u001b[2m:119:16)\u001b[22m\n      \u001b[2mat TsJestTransformer._configsFor (\u001b[22mnode_modules/ts-jest/dist/legacy/ts-jest-transformer.js\u001b[2m:98:34)\u001b[22m\n      \u001b[2mat TsJestTransformer.getCacheKey (\u001b[22mnode_modules/ts-jest/dist/legacy/ts-jest-transformer.js\u001b[2m:249:30)\u001b[22m\n      \u001b[2mat ScriptTransformer._getCacheKey (\u001b[22mnode_modules/@jest/transform/build/ScriptTransformer.js\u001b[2m:228:41)\u001b[22m\n      \u001b[2mat ScriptTransformer._getFileCachePath (\u001b[22mnode_modules/@jest/transform/build/ScriptTransformer.js\u001b[2m:289:27)\u001b[22m\n      \u001b[2mat ScriptTransformer.transformSource (\u001b[22mnode_modules/@jest/transform/build/ScriptTransformer.js\u001b[2m:525:32)\u001b[22m\n      \u001b[2mat ScriptTransformer._transformAndBuildScript (\u001b[22mnode_modules/@jest/transform/build/ScriptTransformer.js\u001b[2m:674:40)\u001b[22m\n      \u001b[2mat ScriptTransformer.transform (\u001b[22mnode_modules/@jest/transform/build/ScriptTransformer.js\u001b[2m:726:19)\u001b[22m\n","name":"C:\\learning\\pcf\\SVTList\\DetailsListVOA\\tests\\WRT-201-view-promote-wltt-records\\WRT-201-view-promote-wltt-records.ac.test.ts","startTime":1775679042182,"status":"failed","summary":""},{"assertionResults":[],"coverage":{},"endTime":1775679042182,"message":"  \u001b[1m● \u001b[22mTest suite failed to run\n\n    File not found: tsconfig.test.json (resolved as: C:\\learning\\pcf\\SVTList\\DetailsListVOA\\tsconfig.test.json)\n\n      \u001b[2mat ConfigSet.resolvePath (\u001b[22mnode_modules/ts-jest/dist/legacy/config/config-set.js\u001b[2m:616:19)\u001b[22m\n      \u001b[2mat ConfigSet._setupConfigSet (\u001b[22mnode_modules/ts-jest/dist/legacy/config/config-set.js\u001b[2m:322:71)\u001b[22m\n      \u001b[2mat new ConfigSet (\u001b[22mnode_modules/ts-jest/dist/legacy/config/config-set.js\u001b[2m:206:14)\u001b[22m\n      \u001b[2mat TsJestTransformer._createConfigSet (\u001b[22mnode_modules/ts-jest/dist/legacy/ts-jest-transformer.js\u001b[2m:119:16)\u001b[22m\n      \u001b[2mat TsJestTransformer._configsFor (\u001b[22mnode_modules/ts-jest/dist/legacy/ts-jest-transformer.js\u001b[2m:98:34)\u001b[22m\n      \u001b[2mat TsJestTransformer.getCacheKey (\u001b[22mnode_modules/ts-jest/dist/legacy/ts-jest-transformer.js\u001b[2m:249:30)\u001b[22m\n      \u001b[2mat ScriptTransformer._getCacheKey (\u001b[22mnode_modules/@jest/transform/build/ScriptTransformer.js\u001b[2m:228:41)\u001b[22m\n      \u001b[2mat ScriptTransformer._getFileCachePath (\u001b[22mnode_modules/@jest/transform/build/ScriptTransformer.js\u001b[2m:289:27)\u001b[22m\n      \u001b[2mat ScriptTransformer.transformSource (\u001b[22mnode_modules/@jest/transform/build/ScriptTransformer.js\u001b[2m:525:32)\u001b[22m\n      \u001b[2mat ScriptTransformer._transformAndBuildScript (\u001b[22mnode_modules/@jest/transform/build/ScriptTransformer.js\u001b[2m:674:40)\u001b[22m\n      \u001b[2mat ScriptTransformer.transform (\u001b[22mnode_modules/@jest/transform/build/ScriptTransformer.js\u001b[2m:726:19)\u001b[22m\n","name":"C:\\learning\\pcf\\SVTList\\DetailsListVOA\\tests\\date-sort-utils.test.ts","startTime":1775679042182,"status":"failed","summary":""},{"assertionResults":[],"coverage":{},"endTime":1775679042182,"message":"  \u001b[1m● \u001b[22mTest suite failed to run\n\n    File not found: tsconfig.test.json (resolved as: C:\\learning\\pcf\\SVTList\\DetailsListVOA\\tsconfig.test.json)\n\n      \u001b[2mat ConfigSet.resolvePath (\u001b[22mnode_modules/ts-jest/dist/legacy/config/config-set.js\u001b[2m:616:19)\u001b[22m\n      \u001b[2mat ConfigSet._setupConfigSet (\u001b[22mnode_modules/ts-jest/dist/legacy/config/config-set.js\u001b[2m:322:71)\u001b[22m\n      \u001b[2mat new ConfigSet (\u001b[22mnode_modules/ts-jest/dist/legacy/config/config-set.js\u001b[2m:206:14)\u001b[22m\n      \u001b[2mat TsJestTransformer._createConfigSet (\u001b[22mnode_modules/ts-jest/dist/legacy/ts-jest-transformer.js\u001b[2m:119:16)\u001b[22m\n      \u001b[2mat TsJestTransformer._configsFor (\u001b[22mnode_modules/ts-jest/dist/legacy/ts-jest-transformer.js\u001b[2m:98:34)\u001b[22m\n      \u001b[2mat TsJestTransformer.getCacheKey (\u001b[22mnode_modules/ts-jest/dist/legacy/ts-jest-transformer.js\u001b[2m:249:30)\u001b[22m\n      \u001b[2mat ScriptTransformer._getCacheKey (\u001b[22mnode_modules/@jest/transform/build/ScriptTransformer.js\u001b[2m:228:41)\u001b[22m\n      \u001b[2mat ScriptTransformer._getFileCachePath (\u001b[22mnode_modules/@jest/transform/build/ScriptTransformer.js\u001b[2m:289:27)\u001b[22m\n      \u001b[2mat ScriptTransformer.transformSource (\u001b[22mnode_modules/@jest/transform/build/ScriptTransformer.js\u001b[2m:525:32)\u001b[22m\n      \u001b[2mat ScriptTransformer._transformAndBuildScript (\u001b[22mnode_modules/@jest/transform/build/ScriptTransformer.js\u001b[2m:674:40)\u001b[22m\n      \u001b[2mat ScriptTransformer.transform (\u001b[22mnode_modules/@jest/transform/build/ScriptTransformer.js\u001b[2m:726:19)\u001b[22m\n","name":"C:\\learning\\pcf\\SVTList\\DetailsListVOA\\tests\\WRT-400-modify-svt-task\\WRT-400-modify-svt-task.ac.test.ts","startTime":1775679042182,"status":"failed","summary":""},{"assertionResults":[],"coverage":{},"endTime":1775679042182,"message":"  \u001b[1m● \u001b[22mTest suite failed to run\n\n    File not found: tsconfig.test.json (resolved as: C:\\learning\\pcf\\SVTList\\DetailsListVOA\\tsconfig.test.json)\n\n      \u001b[2mat ConfigSet.resolvePath (\u001b[22mnode_modules/ts-jest/dist/legacy/config/config-set.js\u001b[2m:616:19)\u001b[22m\n      \u001b[2mat ConfigSet._setupConfigSet (\u001b[22mnode_modules/ts-jest/dist/legacy/config/config-set.js\u001b[2m:322:71)\u001b[22m\n      \u001b[2mat new ConfigSet (\u001b[22mnode_modules/ts-jest/dist/legacy/config/config-set.js\u001b[2m:206:14)\u001b[22m\n      \u001b[2mat TsJestTransformer._createConfigSet (\u001b[22mnode_modules/ts-jest/dist/legacy/ts-jest-transformer.js\u001b[2m:119:16)\u001b[22m\n      \u001b[2mat TsJestTransformer._configsFor (\u001b[22mnode_modules/ts-jest/dist/legacy/ts-jest-transformer.js\u001b[2m:98:34)\u001b[22m\n      \u001b[2mat TsJestTransformer.getCacheKey (\u001b[22mnode_modules/ts-jest/dist/legacy/ts-jest-transformer.js\u001b[2m:249:30)\u001b[22m\n      \u001b[2mat ScriptTransformer._getCacheKey (\u001b[22mnode_modules/@jest/transform/build/ScriptTransformer.js\u001b[2m:228:41)\u001b[22m\n      \u001b[2mat ScriptTransformer._getFileCachePath (\u001b[22mnode_modules/@jest/transform/build/ScriptTransformer.js\u001b[2m:289:27)\u001b[22m\n      \u001b[2mat ScriptTransformer.transformSource (\u001b[22mnode_modules/@jest/transform/build/ScriptTransformer.js\u001b[2m:525:32)\u001b[22m\n      \u001b[2mat ScriptTransformer._transformAndBuildScript (\u001b[22mnode_modules/@jest/transform/build/ScriptTransformer.js\u001b[2m:674:40)\u001b[22m\n      \u001b[2mat ScriptTransformer.transform (\u001b[22mnode_modules/@jest/transform/build/ScriptTransformer.js\u001b[2m:726:19)\u001b[22m\n","name":"C:\\learning\\pcf\\SVTList\\DetailsListVOA\\tests\\WRT-205-sales-verification-complete-submit\\WRT-205-sales-verification-complete-submit.ac.test.ts","startTime":1775679042182,"status":"failed","summary":""},{"assertionResults":[],"coverage":{},"endTime":1775679042182,"message":"  \u001b[1m● \u001b[22mTest suite failed to run\n\n    File not found: tsconfig.test.json (resolved as: C:\\learning\\pcf\\SVTList\\DetailsListVOA\\tsconfig.test.json)\n\n      \u001b[2mat ConfigSet.resolvePath (\u001b[22mnode_modules/ts-jest/dist/legacy/config/config-set.js\u001b[2m:616:19)\u001b[22m\n      \u001b[2mat ConfigSet._setupConfigSet (\u001b[22mnode_modules/ts-jest/dist/legacy/config/config-set.js\u001b[2m:322:71)\u001b[22m\n      \u001b[2mat new ConfigSet (\u001b[22mnode_modules/ts-jest/dist/legacy/config/config-set.js\u001b[2m:206:14)\u001b[22m\n      \u001b[2mat TsJestTransformer._createConfigSet (\u001b[22mnode_modules/ts-jest/dist/legacy/ts-jest-transformer.js\u001b[2m:119:16)\u001b[22m\n      \u001b[2mat TsJestTransformer._configsFor (\u001b[22mnode_modules/ts-jest/dist/legacy/ts-jest-transformer.js\u001b[2m:98:34)\u001b[22m\n      \u001b[2mat TsJestTransformer.getCacheKey (\u001b[22mnode_modules/ts-jest/dist/legacy/ts-jest-transformer.js\u001b[2m:249:30)\u001b[22m\n      \u001b[2mat ScriptTransformer._getCacheKey (\u001b[22mnode_modules/@jest/transform/build/ScriptTransformer.js\u001b[2m:228:41)\u001b[22m\n      \u001b[2mat ScriptTransformer._getFileCachePath (\u001b[22mnode_modules/@jest/transform/build/ScriptTransformer.js\u001b[2m:289:27)\u001b[22m\n      \u001b[2mat ScriptTransformer.transformSource (\u001b[22mnode_modules/@jest/transform/build/ScriptTransformer.js\u001b[2m:525:32)\u001b[22m\n      \u001b[2mat ScriptTransformer._transformAndBuildScript (\u001b[22mnode_modules/@jest/transform/build/ScriptTransformer.js\u001b[2m:674:40)\u001b[22m\n      \u001b[2mat ScriptTransformer.transform (\u001b[22mnode_modules/@jest/transform/build/ScriptTransformer.js\u001b[2m:726:19)\u001b[22m\n","name":"C:\\learning\\pcf\\SVTList\\DetailsListVOA\\tests\\tag-semantic-utils.test.ts","startTime":1775679042182,"status":"failed","summary":""},{"assertionResults":[],"coverage":{},"endTime":1775679042182,"message":"  \u001b[1m● \u001b[22mTest suite failed to run\n\n    File not found: tsconfig.test.json (resolved as: C:\\learning\\pcf\\SVTList\\DetailsListVOA\\tsconfig.test.json)\n\n      \u001b[2mat ConfigSet.resolvePath (\u001b[22mnode_modules/ts-jest/dist/legacy/config/config-set.js\u001b[2m:616:19)\u001b[22m\n      \u001b[2mat ConfigSet._setupConfigSet (\u001b[22mnode_modules/ts-jest/dist/legacy/
[...]
e":"C:\\learning\\pcf\\SVTList\\DetailsListVOA\\tests\\WRT-366-view-sales-record-through-quality-control-assignment\\WRT-366-view-sales-record-through-quality-control-assignment.ac.test.ts","startTime":1775679042182,"status":"failed","summary":""},{"assertionResults":[],"coverage":{},"endTime":1775679042182,"message":"  \u001b[1m● \u001b[22mTest suite failed to run\n\n    File not found: tsconfig.test.json (resolved as: C:\\learning\\pcf\\SVTList\\DetailsListVOA\\tsconfig.test.json)\n\n      \u001b[2mat ConfigSet.resolvePath (\u001b[22mnode_modules/ts-jest/dist/legacy/config/config-set.js\u001b[2m:616:19)\u001b[22m\n      \u001b[2mat ConfigSet._setupConfigSet (\u001b[22mnode_modules/ts-jest/dist/legacy/config/config-set.js\u001b[2m:322:71)\u001b[22m\n      \u001b[2mat new ConfigSet (\u001b[22mnode_modules/ts-jest/dist/legacy/config/config-set.js\u001b[2m:206:14)\u001b[22m\n      \u001b[2mat TsJestTransformer._createConfigSet (\u001b[22mnode_modules/ts-jest/dist/legacy/ts-jest-transformer.js\u001b[2m:119:16)\u001b[22m\n      \u001b[2mat TsJestTransformer._configsFor (\u001b[22mnode_modules/ts-jest/dist/legacy/ts-jest-transformer.js\u001b[2m:98:34)\u001b[22m\n      \u001b[2mat TsJestTransformer.getCacheKey (\u001b[22mnode_modules/ts-jest/dist/legacy/ts-jest-transformer.js\u001b[2m:249:30)\u001b[22m\n      \u001b[2mat ScriptTransformer._getCacheKey (\u001b[22mnode_modules/@jest/transform/build/ScriptTransformer.js\u001b[2m:228:41)\u001b[22m\n      \u001b[2mat ScriptTransformer._getFileCachePath (\u001b[22mnode_modules/@jest/transform/build/ScriptTransformer.js\u001b[2m:289:27)\u001b[22m\n      \u001b[2mat ScriptTransformer.transformSource (\u001b[22mnode_modules/@jest/transform/build/ScriptTransformer.js\u001b[2m:525:32)\u001b[22m\n      \u001b[2mat ScriptTransformer._transformAndBuildScript (\u001b[22mnode_modules/@jest/transform/build/ScriptTransformer.js\u001b[2m:674:40)\u001b[22m\n      \u001b[2mat ScriptTransformer.transform (\u001b[22mnode_modules/@jest/transform/build/ScriptTransformer.js\u001b[2m:726:19)\u001b[22m\n","name":"C:\\learning\\pcf\\SVTList\\DetailsListVOA\\tests\\assigned-user-mapping-contract.test.ts","startTime":1775679042182,"status":"failed","summary":""},{"assertionResults":[],"coverage":{},"endTime":1775679042182,"message":"  \u001b[1m● \u001b[22mTest suite failed to run\n\n    File not found: tsconfig.test.json (resolved as: C:\\learning\\pcf\\SVTList\\DetailsListVOA\\tsconfig.test.json)\n\n      \u001b[2mat ConfigSet.resolvePath (\u001b[22mnode_modules/ts-jest/dist/legacy/config/config-set.js\u001b[2m:616:19)\u001b[22m\n      \u001b[2mat ConfigSet._setupConfigSet (\u001b[22mnode_modules/ts-jest/dist/legacy/config/config-set.js\u001b[2m:322:71)\u001b[22m\n      \u001b[2mat new ConfigSet (\u001b[22mnode_modules/ts-jest/dist/legacy/config/config-set.js\u001b[2m:206:14)\u001b[22m\n      \u001b[2mat TsJestTransformer._createConfigSet (\u001b[22mnode_modules/ts-jest/dist/legacy/ts-jest-transformer.js\u001b[2m:119:16)\u001b[22m\n      \u001b[2mat TsJestTransformer._configsFor (\u001b[22mnode_modules/ts-jest/dist/legacy/ts-jest-transformer.js\u001b[2m:98:34)\u001b[22m\n      \u001b[2mat TsJestTransformer.getCacheKey (\u001b[22mnode_modules/ts-jest/dist/legacy/ts-jest-transformer.js\u001b[2m:249:30)\u001b[22m\n      \u001b[2mat ScriptTransformer._getCacheKey (\u001b[22mnode_modules/@jest/transform/build/ScriptTransformer.js\u001b[2m:228:41)\u001b[22m\n      \u001b[2mat ScriptTransformer._getFileCachePath (\u001b[22mnode_modules/@jest/transform/build/ScriptTransformer.js\u001b[2m:289:27)\u001b[22m\n      \u001b[2mat ScriptTransformer.transformSource (\u001b[22mnode_modules/@jest/transform/build/ScriptTransformer.js\u001b[2m:525:32)\u001b[22m\n      \u001b[2mat ScriptTransformer._transformAndBuildScript (\u001b[22mnode_modules/@jest/transform/build/ScriptTransformer.js\u001b[2m:674:40)\u001b[22m\n      \u001b[2mat ScriptTransformer.transform (\u001b[22mnode_modules/@jest/transform/build/ScriptTransformer.js\u001b[2m:726:19)\u001b[22m\n","name":"C:\\learning\\pcf\\SVTList\\DetailsListVOA\\tests\\WRT-197-view-hereditament-banding-details\\WRT-197-view-hereditament-banding-details.ac.test.ts","startTime":1775679042182,"status":"failed","summary":""},{"assertionResults":[],"coverage":{},"endTime":1775679042182,"message":"  \u001b[1m● \u001b[22mTest suite failed to run\n\n    File not found: tsconfig.test.json (resolved as: C:\\learning\\pcf\\SVTList\\DetailsListVOA\\tsconfig.test.json)\n\n      \u001b[2mat ConfigSet.resolvePath (\u001b[22mnode_modules/ts-jest/dist/legacy/config/config-set.js\u001b[2m:616:19)\u001b[22m\n      \u001b[2mat ConfigSet._setupConfigSet (\u001b[22mnode_modules/ts-jest/dist/legacy/config/config-set.js\u001b[2m:322:71)\u001b[22m\n      \u001b[2mat new ConfigSet (\u001b[22mnode_modules/ts-jest/dist/legacy/config/config-set.js\u001b[2m:206:14)\u001b[22m\n      \u001b[2mat TsJestTransformer._createConfigSet (\u001b[22mnode_modules/ts-jest/dist/legacy/ts-jest-transformer.js\u001b[2m:119:16)\u001b[22m\n      \u001b[2mat TsJestTransformer._configsFor (\u001b[22mnode_modules/ts-jest/dist/legacy/ts-jest-transformer.js\u001b[2m:98:34)\u001b[22m\n      \u001b[2mat TsJestTransformer.getCacheKey (\u001b[22mnode_modules/ts-jest/dist/legacy/ts-jest-transformer.js\u001b[2m:249:30)\u001b[22m\n      \u001b[2mat ScriptTransformer._getCacheKey (\u001b[22mnode_modules/@jest/transform/build/ScriptTransformer.js\u001b[2m:228:41)\u001b[22m\n      \u001b[2mat ScriptTransformer._getFileCachePath (\u001b[22mnode_modules/@jest/transform/build/ScriptTransformer.js\u001b[2m:289:27)\u001b[22m\n      \u001b[2mat ScriptTransformer.transformSource (\u001b[22mnode_modules/@jest/transform/build/ScriptTransformer.js\u001b[2m:525:32)\u001b[22m\n      \u001b[2mat ScriptTransformer._transformAndBuildScript (\u001b[22mnode_modules/@jest/transform/build/ScriptTransformer.js\u001b[2m:674:40)\u001b[22m\n      \u001b[2mat ScriptTransformer.transform (\u001b[22mnode_modules/@jest/transform/build/ScriptTransformer.js\u001b[2m:726:19)\u001b[22m\n","name":"C:\\learning\\pcf\\SVTList\\DetailsListVOA\\tests\\audit-user-identity-resolution.test.ts","startTime":1775679042182,"status":"failed","summary":""},{"assertionResults":[],"coverage":{},"endTime":1775679042182,"message":"  \u001b[1m● \u001b[22mTest suite failed to run\n\n    File not found: tsconfig.test.json (resolved as: C:\\learning\\pcf\\SVTList\\DetailsListVOA\\tsconfig.test.json)\n\n      \u001b[2mat ConfigSet.resolvePath (\u001b[22mnode_modules/ts-jest/dist/legacy/config/config-set.js\u001b[2m:616:19)\u001b[22m\n      \u001b[2mat ConfigSet._setupConfigSet (\u001b[22mnode_modules/ts-jest/dist/legacy/config/config-set.js\u001b[2m:322:71)\u001b[22m\n      \u001b[2mat new ConfigSet (\u001b[22mnode_modules/ts-jest/dist/legacy/config/config-set.js\u001b[2m:206:14)\u001b[22m\n      \u001b[2mat TsJestTransformer._createConfigSet (\u001b[22mnode_modules/ts-jest/dist/legacy/ts-jest-transformer.js\u001b[2m:119:16)\u001b[22m\n      \u001b[2mat TsJestTransformer._configsFor (\u001b[22mnode_modules/ts-jest/dist/legacy/ts-jest-transformer.js\u001b[2m:98:34)\u001b[22m\n      \u001b[2mat TsJestTransformer.getCacheKey (\u001b[22mnode_modules/ts-jest/dist/legacy/ts-jest-transformer.js\u001b[2m:249:30)\u001b[22m\n      \u001b[2mat ScriptTransformer._getCacheKey (\u001b[22mnode_modules/@jest/transform/build/ScriptTransformer.js\u001b[2m:228:41)\u001b[22m\n      \u001b[2mat ScriptTransformer._getFileCachePath (\u001b[22mnode_modules/@jest/transform/build/ScriptTransformer.js\u001b[2m:289:27)\u001b[22m\n      \u001b[2mat ScriptTransformer.transformSource (\u001b[22mnode_modules/@jest/transform/build/ScriptTransformer.js\u001b[2m:525:32)\u001b[22m\n      \u001b[2mat ScriptTransformer._transformAndBuildScript (\u001b[22mnode_modules/@jest/transform/build/ScriptTransformer.js\u001b[2m:674:40)\u001b[22m\n      \u001b[2mat ScriptTransformer.transform (\u001b[22mnode_modules/@jest/transform/build/ScriptTransformer.js\u001b[2m:726:19)\u001b[22m\n","name":"C:\\learning\\pcf\\SVTList\\DetailsListVOA\\tests\\date-input-utils.test.ts","startTime":1775679042182,"status":"failed","summary":""},{"assertionResults":[],"coverage":{},"endTime":1775679042182,"message":"  \u001b[1m● \u001b[22mTest suite failed to run\n\n    File not found: tsconfig.test.json (resolved as: C:\\learning\\pcf\\SVTList\\DetailsListVOA\\tsconfig.test.json)\n\n      \u001b[2mat ConfigSet.resolvePath (\u001b[22mnode_modules/ts-jest/dist/legacy/config/config-set.js\u001b[2m:616:19)\u001b[22m\n      \u001b[2mat ConfigSet._setupConfigSet (\u001b[22mnode_modules/ts-jest/dist/legacy/config/config-set.js\u001b[2m:322:71)\u001b[22m\n      \u001b[2mat new ConfigSet (\u001b[22mnode_modules/ts-jest/dist/legacy/config/config-set.js\u001b[2m:206:14)\u001b[22m\n      \u001b[2mat TsJestTransformer._createConfigSet (\u001b[22mnode_modules/ts-jest/dist/legacy/ts-jest-transformer.js\u001b[2m:119:16)\u001b[22m\n      \u001b[2mat TsJestTransformer._configsFor (\u001b[22mnode_modules/ts-jest/dist/legacy/ts-jest-transformer.js\u001b[2m:98:34)\u001b[22m\n      \u001b[2mat TsJestTransformer.getCacheKey (\u001b[22mnode_modules/ts-jest/dist/legacy/ts-jest-transformer.js\u001b[2m:249:30)\u001b[22m\n      \u001b[2mat ScriptTransformer._getCacheKey (\u001b[22mnode_modules/@jest/transform/build/ScriptTransformer.js\u001b[2m:228:41)\u001b[22m\n      \u001b[2mat ScriptTransformer._getFileCachePath (\u001b[22mnode_modules/@jest/transform/build/ScriptTransformer.js\u001b[2m:289:27)\u001b[22m\n      \u001b[2mat ScriptTransformer.transformSource (\u001b[22mnode_modules/@jest/transform/build/ScriptTransformer.js\u001b[2m:525:32)\u001b[22m\n      \u001b[2mat ScriptTransformer._transformAndBuildScript (\u001b[22mnode_modules/@jest/transform/build/ScriptTransformer.js\u001b[2m:674:40)\u001b[22m\n      \u001b[2mat ScriptTransformer.transform (\u001b[22mnode_modules/@jest/transform/build/ScriptTransformer.js\u001b[2m:726:19)\u001b[22m\n","name":"C:\\learning\\pcf\\SVTList\\DetailsListVOA\\tests\\ui-display-fixes\\ui-display-fixes.test.ts","startTime":1775679042182,"status":"failed","summary":""},{"assertionResults":[],"coverage":{},"endTime":1775679042182,"message":"  \u001b[1m● \u001b[22mTest suite failed to run\n\n    File not found: tsconfig.test.json (resolved as: C:\\learning\\pcf\\SVTList\\DetailsListVOA\\tsconfig.test.json)\n\n      \u001b[2mat ConfigSet.resolvePath (\u001b[22mnode_modules/ts-jest/dist/legacy/config/config-set.js\u001b[2m:616:19)\u001b[22m\n      \u001b[2mat ConfigSet._setupConfigSet (\u001b[22mnode_modules/ts-jest/dist/legacy/config/config-set.js\u001b[2m:322:71)\u001b[22m\n      \u001b[2mat new ConfigSet (\u001b[22mnode_modules/ts-jest/dist/legacy/config/config-set.js\u001b[2m:206:14)\u001b[22m\n      \u001b[2mat TsJestTransformer._createConfigSet (\u001b[22mnode_modules/ts-jest/dist/legacy/ts-jest-transformer.js\u001b[2m:119:16)\u001b[22m\n      \u001b[2mat TsJestTransformer._configsFor (\u001b[22mnode_modules/ts-jest/dist/legacy/ts-jest-transformer.js\u001b[2m:98:34)\u001b[22m\n      \u001b[2mat TsJestTransformer.getCacheKey (\u001b[22mnode_modules/ts-jest/dist/legacy/ts-jest-transformer.js\u001b[2m:249:30)\u001b[22m\n      \u001b[2mat ScriptTransformer._getCacheKey (\u001b[22mnode_modules/@jest/transform/build/ScriptTransformer.js\u001b[2m:228:41)\u001b[22m\n      \u001b[2mat ScriptTransformer._getFileCachePath (\u001b[22mnode_modules/@jest/transform/build/ScriptTransformer.js\u001b[2m:289:27)\u001b[22m\n      \u001b[2mat ScriptTransformer.transformSource (\u001b[22mnode_modules/@jest/transform/build/ScriptTransformer.js\u001b[2m:525:32)\u001b[22m\n      \u001b[2mat ScriptTransformer._transformAndBuildScript (\u001b[22mnode_modules/@jest/transform/build/ScriptTransformer.js\u001b[2m:674:40)\u001b[22m\n      \u001b[2mat ScriptTransformer.transform (\u001b[22mnode_modules/@jest/transform/build/ScriptTransformer.js\u001b[2m:726:19)\u001b[22m\n","name":"C:\\learning\\pcf\\SVTList\\DetailsListVOA\\tests\\host-load-dedupe-contract.test.ts","startTime":1775679042182,"status":"failed","summary":""},{"assertionResults":[],"coverage":{},"endTime":1775679042182,"message":"  \u001b[1m● \u001b[22mTest suite failed to run\n\n    File not found: tsconfig.test.json (resolved as: C:\\learning\\pcf\\SVTList\\DetailsListVOA\\tsconfig.test.json)\n\n      \u001b[2mat ConfigSet.resolvePath (\u001b[22mnode_modules/ts-jest/dist/legacy/config/config-set.js\u001b[2m:616:19)\u001b[22m\n      \u001b[2mat ConfigSet._setupConfigSet (\u001b[22mnode_modules/ts-jest/dist/legacy/config/config-set.js\u001b[2m:322:71)\u001b[22m\n      \u001b[2mat new ConfigSet (\u001b[22mnode_modules/ts-jest/dist/legacy/config/config-set.js\u001b[2m:206:14)\u001b[22m\n      \u001b[2mat TsJestTransformer._createConfigSet (\u001b[22mnode_modules/ts-jest/dist/legacy/ts-jest-transformer.js\u001b[2m:119:16)\u001b[22m\n      \u001b[2mat TsJestTransformer._configsFor (\u001b[22mnode_modules/ts-jest/dist/legacy/ts-jest-transformer.js\u001b[2m:98:34)\u001b[22m\n      \u001b[2mat TsJestTransformer.getCacheKey (\u001b[22mnode_modules/ts-jest/dist/legacy/ts-jest-transformer.js\u001b[2m:249:30)\u001b[22m\n      \u001b[2mat ScriptTransformer._getCacheKey (\u001b[22mnode_modules/@jest/transform/build/ScriptTransformer.js\u001b[2m:228:41)\u001b[22m\n      \u001b[2mat ScriptTransformer._getFileCachePath (\u001b[22mnode_modules/@jest/transform/build/ScriptTransformer.js\u001b[2m:289:27)\u001b[22m\n      \u001b[2mat ScriptTransformer.transformSource (\u001b[22mnode_modules/@jest/transform/build/ScriptTransformer.js\u001b[2m:525:32)\u001b[22m\n      \u001b[2mat ScriptTransformer._transformAndBuildScript (\u001b[22mnode_modules/@jest/transform/build/ScriptTransformer.js\u001b[2m:674:40)\u001b[22m\n      \u001b[2mat ScriptTransformer.transform (\u001b[22mnode_modules/@jest/transform/build/ScriptTransformer.js\u001b[2m:726:19)\u001b[22m\n","name":"C:\\learning\\pcf\\SVTList\\DetailsListVOA\\tests\\WRT-200-master-sales-record\\WRT-200-master-sales-record.ac.test.ts","startTime":1775679042182,"status":"failed","summary":""},{"assertionResults":[],"coverage":{},"endTime":1775679042182,"message":"  \u001b[1m● \u001b[22mTest suite failed to run\n\n    File not found: tsconfig.test.json (resolved as: C:\\learning\\pcf\\SVTList\\DetailsListVOA\\tsconfig.test.json)\n\n      \u001b[2mat ConfigSet.resolvePath (\u001b[22mnode_modules/ts-jest/dist/legacy/config/config-set.js\u001b[2m:616:19)\u001b[22m\n      \u001b[2mat ConfigSet._setupConfigSet (\u001b[22mnode_modules/ts-jest/dist/legacy/config/config-set.js\u001b[2m:322:71)\u001b[22m\n      \u001b[2mat new ConfigSet (\u001b[22mnode_modules/ts-jest/dist/legacy/config/config-set.js\u001b[2m:206:14)\u001b[22m\n      \u001b[2mat TsJestTransformer._createConfigSet (\u001b[22mnode_modules/ts-jest/dist/legacy/ts-jest-transformer.js\u001b[2m:119:16)\u001b[22m\n      \u001b[2mat TsJestTransformer._configsFor (\u001b[22mnode_modules/ts-jest/dist/legacy/ts-jest-transformer.js\u001b[2m:98:34)\u001b[22m\n      \u001b[2mat TsJestTransformer.getCacheKey (\u001b[22mnode_modules/ts-jest/dist/legacy/ts-jest-transformer.js\u001b[2m:249:30)\u001b[22m\n      \u001b[2mat ScriptTransformer._getCacheKey (\u001b[22mnode_modules/@jest/transform/build/ScriptTransformer.js\u001b[2m:228:41)\u001b[22m\n      \u001b[2mat ScriptTransformer._getFileCachePath (\u001b[22mnode_modules/@jest/transform/build/ScriptTransformer.js\u001b[2m:289:27)\u001b[22m\n      \u001b[2mat ScriptTransformer.transformSource (\u001b[22mnode_modules/@jest/transform/build/ScriptTransformer.js\u001b[2m:525:32)\u001b[22m\n      \u001b[2mat ScriptTransformer._transformAndBuildScript (\u001b[22mnode_modules/@jest/transform/build/ScriptTransformer.js\u001b[2m:674:40)\u001b[22m\n      \u001b[2mat ScriptTransformer.transform (\u001b[22mnode_modules/@jest/transform/build/ScriptTransformer.js\u001b[2m:726:19)\u001b[22m\n","name":"C:\\learning\\pcf\\SVTList\\DetailsListVOA\\tests\\security-review-gate.test.ts","startTime":1775679042182,"status":"failed","summary":""},{"assertionResults":[],"coverage":{},"endTime":1775679042182,"message":"  \u001b[1m● \u001b[22mTest suite failed to run\n\n    File not found: tsconfig.test.json (resolved as: C:\\learning\\pcf\\SVTList\\DetailsListVOA\\tsconfig.test.json)\n\n      \u001b[2mat ConfigSet.resolvePath (\u001b[22mnode_modules/ts-jest/dist/legacy/config/config-set.js\u001b[2m:616:19)\u001b[22m\n      \u001b[2mat ConfigSet._setupConfigSet (\u001b[22mnode_modules/ts-jest/dist/legacy/config/config-set.js\u001b[2m:322:71)\u001b[22m\n      \u001b[2mat new ConfigSet (\u001b[22mnode_modules/ts-jest/dist/legacy/config/config-set.js\u001b[2m:206:14)\u001b[22m\n      \u001b[2mat TsJestTransformer._createConfigSet (\u001b[22mnode_modules/ts-jest/dist/legacy/ts-jest-transformer.js\u001b[2m:119:16)\u001b[22m\n      \u001b[2mat TsJestTransformer._configsFor (\u001b[22mnode_modules/ts-jest/dist/legacy/ts-jest-transformer.js\u001b[2m:98:34)\u001b[22m\n      \u001b[2mat TsJestTransformer.getCacheKey (\u001b[22mnode_modules/ts-jest/dist/legacy/ts-jest-transformer.js\u001b[2m:249:30)\u001b[22m\n      \u001b[2mat ScriptTransformer._getCacheKey (\u001b[22mnode_modules/@jest/transform/build/ScriptTransformer.js\u001b[2m:228:41)\u001b[22m\n      \u001b[2mat ScriptTransformer._getFileCachePath (\u001b[22mnode_modules/@jest/transform/build/ScriptTransformer.js\u001b[2m:289:27)\u001b[22m\n      \u001b[2mat ScriptTransformer.transformSource (\u001b[22mnode_modules/@jest/transform/build/ScriptTransformer.js\u001b[2m:525:32)\u001b[22m\n      \u001b[2mat ScriptTransformer._transformAndBuildScript (\u001b[22mnode_modules/@jest/transform/build/ScriptTransformer.js\u001b[2m:674:40)\u001b[22m\n      \u001b[2mat ScriptTransformer.transform (\u001b[22mnode_modules/@jest/transform/build/ScriptTransformer.js\u001b[2m:726:19)\u001b[22m\n","name":"C:\\learning\\pcf\\SVTList\\DetailsListVOA\\tests\\details-list-host-hydration-contract.test.ts","startTime":1775679042182,"status":"failed","summary":""},{"assertionResults":[],"coverage":{},"endTime":1775679042182,"message":"  \u001b[1m● \u001b[22mTest suite failed to run\n\n    File not found: tsconfig.test.json (resolved as: C:\\learning\\pcf\\SVTList\\DetailsListVOA\\tsconfig.test.json)\n\n      \u001b[2mat ConfigSet.resolvePath (\u001b[22mnode_modules/ts-jest/dist/legacy/config/config-set.js\u001b[2m:616:19)\u001b[22m\n      \u001b[2mat ConfigSet._setupConfigSet (\u001b[22mnode_modules/ts-jest/dist/legacy/config/config-set.js\u001b[2m:322:71)\u001b[22m\n      \u001b[2mat new ConfigSet (\u001b[22mnode_modules/ts-jest/dist/legacy/config/config-set.js\u001b[2m:206:14)\u001b[22m\n      \u001b[2mat TsJestTransformer._createConfigSet (\u001b[22mnode_modules/ts-jest/dist/legacy/ts-jest-transformer.js\u001b[2m:119:16)\u001b[22m\n      \u001b[2mat TsJestTransformer._configsFor (\u001b[22mnode_modules/ts-jest/dist/legacy/ts-jest-transformer.js\u001b[2m:98:34)\u001b[22m\n      \u001b[2mat TsJestTransformer.getCacheKey (\u001b[22mnode_modules/ts-jest/dist/legacy/ts-jest-transformer.js\u001b[2m:249:30)\u001b[22m\n      \u001b[2mat ScriptTransformer._getCacheKey (\u001b[22mnode_modules/@jest/transform/build/ScriptTransformer.js\u001b[2m:228:41)\u001b[22m\n      \u001b[2mat ScriptTransformer._getFileCachePath (\u001b[22mnode_modules/@jest/transform/build/ScriptTransformer.js\u001b[2m:289:27)\u001b[22m\n      \u001b[2mat ScriptTransformer.transformSource (\u001b[22mnode_modules/@jest/transform/build/ScriptTransformer.js\u001b[2m:525:32)\u001b[22m\n      \u001b[2mat ScriptTransformer._transformAndBuildScript (\u001b[22mnode_modules/@jest/transform/build/ScriptTransformer.js\u001b[2m:674:40)\u001b[22m\n      \u001b[2mat ScriptTransformer.transform (\u001b[22mnode_modules/@jest/transform/build/ScriptTransformer.js\u001b[2m:726:19)\u001b[22m\n","name":"C:\\learning\\pcf\\SVTList\\DetailsListVOA\\tests\\headings-review-gate.test.ts","startTime":1775679042182,"status":"failed","summary":""}],"wasInterrupted":false}
