<?xml version="1.0" encoding="UTF-8"?>
<testsuites name="jest tests" tests="1691" failures="0" errors="0" time="5.8">
  <testsuite name="keyboard review gate" errors="0" failures="0" skipped="0" timestamp="2026-04-28T10:07:39" time="2.714" tests="4">
    <testcase classname="keyboard review gate keeps active custom controls keyboard-operable" name="keyboard review gate keeps active custom controls keyboard-operable" time="0.033">
    </testcase>
    <testcase classname="keyboard review gate removes inactive controls from keyboard navigation by using disabled states" name="keyboard review gate removes inactive controls from keyboard navigation by using disabled states" time="0.007">
    </testcase>
    <testcase classname="keyboard review gate keeps grouped controls and scroll regions intentionally structured for keyboard flow" name="keyboard review gate keeps grouped controls and scroll regions intentionally structured for keyboard flow" time="0.005">
    </testcase>
    <testcase classname="keyboard review gate keeps date pickers manually editable with typed input support" name="keyboard review gate keeps date pickers manually editable with typed input support" time="0.001">
    </testcase>
  </testsuite>
  <testsuite name="DataService.tryFormatDate" errors="0" failures="0" skipped="0" timestamp="2026-04-28T10:07:39" time="2.896" tests="7">
    <testcase classname="DataService.tryFormatDate returns empty string for empty input" name="DataService.tryFormatDate returns empty string for empty input" time="0.017">
    </testcase>
    <testcase classname="DataService.tryFormatDate returns original value for invalid date string" name="DataService.tryFormatDate returns original value for invalid date string" time="0.001">
    </testcase>
    <testcase classname="DataService.tryFormatDate formats valid date string using en-GB locale" name="DataService.tryFormatDate formats valid date string using en-GB locale" time="0.098">
    </testcase>
    <testcase classname="DataService.mapTaskItemToRecord maps core fields and entity record functions" name="DataService.mapTaskItemToRecord maps core fields and entity record functions" time="0.003">
    </testcase>
    <testcase classname="DataService.mapTaskItemToRecord formats transaction date into transactiondate and transactionDate fields" name="DataService.mapTaskItemToRecord formats transaction date into transactiondate and transactionDate fields" time="0.001">
    </testcase>
    <testcase classname="DataService.mapTaskItemToRecord falls back to uprn-index as record id when taskId is empty" name="DataService.mapTaskItemToRecord falls back to uprn-index as record id when taskId is empty" time="0.001">
    </testcase>
    <testcase classname="DataService.mapTaskItemToRecord handles string assignedTo and empty optional values" name="DataService.mapTaskItemToRecord handles string assignedTo and empty optional values" time="0.002">
    </testcase>
  </testsuite>
  <testsuite name="GetHereditamentRelatedRequests model" errors="0" failures="0" skipped="0" timestamp="2026-04-28T10:07:39" time="2.977" tests="136">
    <testcase classname="GetHereditamentRelatedRequests model GetHereditamentRelatedRequestsRequest real request satisfies the request interface" name="GetHereditamentRelatedRequests model GetHereditamentRelatedRequestsRequest real request satisfies the request interface" time="0.01">
    </testcase>
    <testcase classname="GetHereditamentRelatedRequests model GetHereditamentRelatedRequestsRequest request has exactly one field" name="GetHereditamentRelatedRequests model GetHereditamentRelatedRequestsRequest request has exactly one field" time="0.002">
    </testcase>
    <testcase classname="GetHereditamentRelatedRequests model GetHereditamentRelatedRequestsRequest hereditamentId is a GUID string" name="GetHereditamentRelatedRequests model GetHereditamentRelatedRequestsRequest hereditamentId is a GUID string" time="0.001">
    </testcase>
    <testcase classname="GetHereditamentRelatedRequests model GetHereditamentRelatedRequestsResponse real response satisfies the response interface" name="GetHereditamentRelatedRequests model GetHereditamentRelatedRequestsResponse real response satisfies the response interface" time="0.004">
    </testcase>
    <testcase classname="GetHereditamentRelatedRequests model GetHereditamentRelatedRequestsResponse response with active request is valid" name="GetHereditamentRelatedRequests model GetHereditamentRelatedRequestsResponse response with active request is valid" time="0.002">
    </testcase>
    <testcase classname="GetHereditamentRelatedRequests model GetHereditamentRelatedRequestsResponse @odata.context is present in real response" name="GetHereditamentRelatedRequests model GetHereditamentRelatedRequestsResponse @odata.context is present in real response" time="0.001">
    </testcase>
    <testcase classname="GetHereditamentRelatedRequests model GetHereditamentRelatedRequestsResponse response fields are all optional" name="GetHereditamentRelatedRequests model GetHereditamentRelatedRequestsResponse response fields are all optional" time="0">
    </testcase>
    <testcase classname="GetHereditamentRelatedRequests model GetHereditamentRelatedRequestsResponse hereditamentActiveRequest is boolean, not string or number" name="GetHereditamentRelatedRequests model GetHereditamentRelatedRequestsResponse hereditamentActiveRequest is boolean, not string or number" time="0">
    </testcase>
    <testcase classname="GetHereditamentRelatedRequests model PluginErrorMessage hereditamentId required error is a valid error" name="GetHereditamentRelatedRequests model PluginErrorMessage hereditamentId required error is a valid error" time="0.001">
    </testcase>
    <testcase classname="GetHereditamentRelatedRequests model PluginErrorMessage generic error message is a valid error" name="GetHereditamentRelatedRequests model PluginErrorMessage generic error message is a valid error" time="0">
    </testcase>
    <testcase classname="GetHereditamentRelatedRequests model QueryEntityName query entity is voa_requestlineitem" name="GetHereditamentRelatedRequests model QueryEntityName query entity is voa_requestlineitem" time="0">
    </testcase>
    <testcase classname="GetHereditamentRelatedRequests model QueryAttribute query attribute is voa_requestlineitemid" name="GetHereditamentRelatedRequests model QueryAttribute query attribute is voa_requestlineitemid" time="0.004">
    </testcase>
    <testcase classname="GetHereditamentRelatedRequests model FetchXmlFilterCondition statecode condition shape is valid" name="GetHereditamentRelatedRequests model FetchXmlFilterCondition statecode condition shape is valid" time="0.001">
    </testcase>
    <testcase classname="GetHereditamentRelatedRequests model FetchXmlFilterCondition voa_statutoryspatialunitid condition shape is valid" name="GetHereditamentRelatedRequests model FetchXmlFilterCondition voa_statutoryspatialunitid condition shape is valid" time="0">
    </testcase>
    <testcase classname="GetHereditamentRelatedRequests model PadStatusSyncedValue synced trigger value is Committed" name="GetHereditamentRelatedRequests model PadStatusSyncedValue synced trigger value is Committed" time="0.001">
    </testcase>
    <testcase classname="GetHereditamentRelatedRequests model PadStatusSyncedLabel synced label text matches PadSection rendering" name="GetHereditamentRelatedRequests model PadStatusSyncedLabel synced label text matches PadSection rendering" time="0">
    </testcase>
    <testcase classname="GetHereditamentRelatedRequests model ActiveRequestWarningText warning text matches PadSection rendering" name="GetHereditamentRelatedRequests model ActiveRequestWarningText warning text matches PadSection rendering" time="0">
    </testcase>
    <testcase classname="GetHereditamentRelatedRequests model TrueLikeValue &quot;true&quot; is a valid TrueLikeValue" name="GetHereditamentRelatedRequests model TrueLikeValue &quot;true&quot; is a valid TrueLikeValue" time="0.001">
    </testcase>
    <testcase classname="GetHereditamentRelatedRequests model TrueLikeValue &quot;yes&quot; is a valid TrueLikeValue" name="GetHereditamentRelatedRequests model TrueLikeValue &quot;yes&quot; is a valid TrueLikeValue" time="0">
    </testcase>
    <testcase classname="GetHereditamentRelatedRequests model TrueLikeValue &quot;1&quot; is a valid TrueLikeValue" name="GetHereditamentRelatedRequests model TrueLikeValue &quot;1&quot; is a valid TrueLikeValue" time="0.001">
    </testcase>
    <testcase classname="GetHereditamentRelatedRequests model TrueLikeValue &quot;y&quot; is a valid TrueLikeValue" name="GetHereditamentRelatedRequests model TrueLikeValue &quot;y&quot; is a valid TrueLikeValue" time="0">
    </testcase>
    <testcase classname="GetHereditamentRelatedRequests model ActiveRequestFallbackKey &quot;activeRequestInVos&quot; is a valid fallback key" name="GetHereditamentRelatedRequests model ActiveRequestFallbackKey &quot;activeRequestInVos&quot; is a valid fallback key" time="0.001">
    </testcase>
    <testcase classname="GetHereditamentRelatedRequests model ActiveRequestFallbackKey &quot;isActiveRequestPresent&quot; is a valid fallback key" name="GetHereditamentRelatedRequests model ActiveRequestFallbackKey &quot;isActiveRequestPresent&quot; is a valid fallback key" time="0">
    </testcase>
    <testcase classname="GetHereditamentRelatedRequests model CSS class types synced class matches" name="GetHereditamentRelatedRequests model CSS class types synced class matches" time="0">
    </testcase>
    <testcase classname="GetHereditamentRelatedRequests model CSS class types warning class matches" name="GetHereditamentRelatedRequests model CSS class types warning class matches" time="0.001">
    </testcase>
    <testcase classname="GetHereditamentRelatedRequests model Plugin class metadata class name matches" name="GetHereditamentRelatedRequests model Plugin class metadata class name matches" time="0">
    </testcase>
    <testcase classname="GetHereditamentRelatedRequests model Plugin class metadata namespace matches" name="GetHereditamentRelatedRequests model Plugin class metadata namespace matches" time="0">
    </testcase>
    <testcase classname="GetHereditamentRelatedRequests model Plugin class metadata base class matches" name="GetHereditamentRelatedRequests model Plugin class metadata base class matches" time="0">
    </testcase>
    <testcase classname="View model PAD status mapping padStatusLabel derivation reads padStatus from propertyAndBandingDetails" name="View model PAD status mapping padStatusLabel derivation reads padStatus from propertyAndBandingDetails" time="0">
    </testcase>
    <testcase classname="View model PAD status mapping padStatusLabel derivation shows &quot;PAD Status: Synced&quot; when active request is not trueLike" name="View model PAD status mapping padStatusLabel derivation shows &quot;PAD Status: Synced&quot; when active request is not trueLike" time="0">
    </testcase>
    <testcase classname="View model PAD status mapping padStatusLabel derivation falls back to empty string when not applicable" name="View model PAD status mapping padStatusLabel derivation falls back to empty string when not applicable" time="0">
    </testcase>
    <testcase classname="View model PAD status mapping isActiveRequestPresent derivation uses isTrueLike wrapper" name="View model PAD status mapping isActiveRequestPresent derivation uses isTrueLike wrapper" time="0">
    </testcase>
    <testcase classname="View model PAD status mapping isActiveRequestPresent derivation uses firstNonEmpty for fallback chain" name="View model PAD status mapping isActiveRequestPresent derivation uses firstNonEmpty for fallback chain" time="0">
    </testcase>
    <testcase classname="View model PAD status mapping isActiveRequestPresent derivation checks propertyAndBandingDetails.hereditamentActiveRequest first" name="View model PAD status mapping isActiveRequestPresent derivation checks propertyAndBandingDetails.hereditamentActiveRequest first" time="0.001">
    </testcase>
    <testcase classname="View model PAD status mapping isActiveRequestPresent derivation checks details.hereditamentActiveRequest second" name="View model PAD status mapping isActiveRequestPresent derivation checks details.hereditamentActiveRequest second" time="0">
    </testcase>
    <testcase classname="View model PAD status mapping isActiveRequestPresent derivation checks hereditamentActiveRequestRaw is non-empty" name="View model PAD status mapping isActiveRequestPresent derivation checks hereditamentActiveRequestRaw is non-empty" time="0">
    </testcase>
    <testcase classname="View model PAD status mapping isActiveRequestPresent derivation checks hereditamentActiveRequestRaw is not dash placeholder" name="View model PAD status mapping isActiveRequestPresent derivation checks hereditamentActiveRequestRaw is not dash placeholder" time="0">
    </testcase>
    <testcase classname="View model PAD status mapping isActiveRequestPresent derivation hereditamentActiveRequest fallback sources are in the correct order" name="View model PAD status mapping isActiveRequestPresent derivation hereditamentActiveRequest fallback sources are in the correct order" time="0">
    </testcase>
    <testcase classname="isTrueLike utility function is exported in utils.ts" name="isTrueLike utility function is exported in utils.ts" time="0">
    </testcase>
    <testcase classname="isTrueLike utility normalizes input with trim().toLowerCase()" name="isTrueLike utility normalizes input with trim().toLowerCase()" time="0">
    </testcase>
    <testcase classname="isTrueLike utility accepts &quot;true&quot; as truthy" name="isTrueLike utility accepts &quot;true&quot; as truthy" time="0">
    </testcase>
    <testcase classname="isTrueLike utility accepts &quot;yes&quot; as truthy" name="isTrueLike utility accepts &quot;yes&quot; as truthy" time="0">
    </testcase>
    <testcase classname="isTrueLike utility accepts &quot;1&quot; as truthy" name="isTrueLike utility accepts &quot;1&quot; as truthy" time="0">
    </testcase>
    <testcase classname="isTrueLike utility accepts &quot;y&quot; as truthy" name="isTrueLike utility accepts &quot;y&quot; as truthy" time="0">
    </testcase>
    <testcase classname="isTrueLike utility implementation in source matches expected truthy values" name="isTrueLike utility implementation in source matches expected truthy values" time="0">
    </testcase>
    <testcase classname="isTrueLike utility function returns boolean" name="isTrueLike utility function returns boolean" time="0">
    </testcase>
    <testcase classname="isTrueLike utility simulated isTrueLike behavior isTrueLike(&quot;true&quot;) → true" name="isTrueLike utility simulated isTrueLike behavior isTrueLike(&quot;true&quot;) → true" time="0">
    </testcase>
    <testcase classname="isTrueLike utility simulated isTrueLike behavior isTrueLike(&quot;True&quot;) → true" name="isTrueLike utility simulated isTrueLike behavior isTrueLike(&quot;True&quot;) → true" time="0">
    </testcase>
    <testcase classname="isTrueLike utility simulated isTrueLike behavior isTrueLike(&quot;TRUE&quot;) → true" name="isTrueLike utility simulated isTrueLike behavior isTrueLike(&quot;TRUE&quot;) → true" time="0.001">
    </testcase>
    <testcase classname="isTrueLike utility simulated isTrueLike behavior isTrueLike(&quot;  true  &quot;) → true" name="isTrueLike utility simulated isTrueLike behavior isTrueLike(&quot;  true  &quot;) → true" time="0">
    </testcase>
    <testcase classname="isTrueLike utility simulated isTrueLike behavior isTrueLike(&quot;yes&quot;) → true" name="isTrueLike utility simulated isTrueLike behavior isTrueLike(&quot;yes&quot;) → true" time="0">
    </testcase>
    <testcase classname="isTrueLike utility simulated isTrueLike behavior isTrueLike(&quot;Yes&quot;) → true" name="isTrueLike utility simulated isTrueLike behavior isTrueLike(&quot;Yes&quot;) → true" time="0">
    </testcase>
    <testcase classname="isTrueLike utility simulated isTrueLike behavior isTrueLike(&quot;YES&quot;) → true" name="isTrueLike utility simulated isTrueLike behavior isTrueLike(&quot;YES&quot;) → true" time="0">
    </testcase>
    <testcase classname="isTrueLike utility simulated isTrueLike behavior isTrueLike(&quot;1&quot;) → true" name="isTrueLike utility simulated isTrueLike behavior isTrueLike(&quot;1&quot;) → true" time="0">
    </testcase>
    <testcase classname="isTrueLike utility simulated isTrueLike behavior isTrueLike(&quot;y&quot;) → true" name="isTrueLike utility simulated isTrueLike behavior isTrueLike(&quot;y&quot;) → true" time="0">
    </testcase>
    <testcase classname="isTrueLike utility simulated isTrueLike behavior isTrueLike(&quot;Y&quot;) → true" name="isTrueLike utility simulated isTrueLike behavior isTrueLike(&quot;Y&quot;) → true" time="0">
    </testcase>
    <testcase classname="isTrueLike utility simulated isTrueLike behavior isTrueLike(&quot;false&quot;) → false" name="isTrueLike utility simulated isTrueLike behavior isTrueLike(&quot;false&quot;) → false" time="0">
    </testcase>
    <testcase classname="isTrueLike utility simulated isTrueLike behavior isTrueLike(&quot;no&quot;) → false" name="isTrueLike utility simulated isTrueLike behavior isTrueLike(&quot;no&quot;) → false" time="0">
    </testcase>
    <testcase classname="isTrueLike utility simulated isTrueLike behavior isTrueLike(&quot;0&quot;) → false" name="isTrueLike utility simulated isTrueLike behavior isTrueLike(&quot;0&quot;) → false" time="0">
    </testcase>
    <testcase classname="isTrueLike utility simulated isTrueLike behavior isTrueLike(&quot;n&quot;) → false" name="isTrueLike utility simulated isTrueLike behavior isTrueLike(&quot;n&quot;) → false" time="0">
    </testcase>
    <testcase classname="isTrueLike utility simulated isTrueLike behavior isTrueLike(&quot;&quot;) → false" name="isTrueLike utility simulated isTrueLike behavior isTrueLike(&quot;&quot;) → false" time="0">
    </testcase>
    <testcase classname="isTrueLike utility simulated isTrueLike behavior isTrueLike(&quot;maybe&quot;) → false" name="isTrueLike utility simulated isTrueLike behavior isTrueLike(&quot;maybe&quot;) → false" time="0">
    </testcase>
    <testcase classname="isTrueLike utility simulated isTrueLike behavior isTrueLike(&quot;2&quot;) → false" name="isTrueLike utility simulated isTrueLike behavior isTrueLike(&quot;2&quot;) → false" time="0">
    </testcase>
    <testcase classname="isTrueLike utility simulated isTrueLike behavior isTrueLike(&quot;truthy&quot;) → false" name="isTrueLike utility simulated isTrueLike behavior isTrueLike(&quot;truthy&quot;) → false" time="0.001">
    </testcase>
    <testcase classname="isTrueLike utility simulated isTrueLike behavior isTrueLike(&quot;  &quot;) → false" name="isTrueLike utility simulated isTrueLike behavior isTrueLike(&quot;  &quot;) → false" time="0">
    </testcase>
    <testcase classname="PadSection component props interface accepts padStatusDisplay prop" name="PadSection component props interface accepts padStatusDisplay prop" time="0">
    </testcase>
    <testcase classname="PadSection component props interface accepts padStatusLabel prop" name="PadSection component props interface accepts padStatusLabel prop" time="0">
    </testcase>
    <testcase classname="PadSection component props interface accepts isActiveRequestPresent prop" name="PadSection component props interface accepts isActiveRequestPresent prop" time="0">
    </testcase>
    <testcase classname="PadSection component synced tag rendering renders synced tag with voa-pad-top-tag--synced class" name="PadSection component synced tag rendering renders synced tag with voa-pad-top-tag--synced class" time="0.001">
    </testcase>
    <testcase classname="PadSection component synced tag rendering displays padStatusLabel in synced tag" name="PadSection component synced tag rendering displays padStatusLabel in synced tag" time="0">
    </testcase>
    <testcase classname="PadSection component synced tag rendering synced tag is conditional on padStatusLabel being truthy" name="PadSection component synced tag rendering synced tag is conditional on padStatusLabel being truthy" time="0">
    </testcase>
    <testcase classname="PadSection component warning tag rendering renders warning tag with voa-pad-top-tag--warning class" name="PadSection component warning tag rendering renders warning tag with voa-pad-top-tag--warning class" time="0">
    </testcase>
    <testcase classname="PadSection component warning tag rendering warning tag is conditional on isActiveRequestPresent" name="PadSection component warning tag rendering warning tag is conditional on isActiveRequestPresent" time="0">
    </testcase>
    <testcase classname="PadSection component warning tag rendering warning tag shows &quot;Active request/job in VOS&quot; text" name="PadSection component warning tag rendering warning tag shows &quot;Active request/job in VOS&quot; text" time="0.001">
    </testcase>
    <testcase classname="PadSection component warning tag rendering warning tag has title tooltip explaining the context" name="PadSection component warning tag rendering warning tag has title tooltip explaining the context" time="0">
    </testcase>
    <testcase classname="PadSection component warning tag rendering warning tag uses Warning icon from Fluent UI" name="PadSection component warning tag rendering warning tag uses Warning icon from Fluent UI" time="0">
    </testcase>
    <testcase classname="PadSection component warning tag rendering warning icon is aria-hidden" name="PadSection component warning tag rendering warning icon is aria-hidden" time="0">
    </testcase>
    <testcase classname="PadSection component tags container tags are wrapped in voa-pad-top-tags div" name="PadSection component tags container tags are wrapped in voa-pad-top-tags div" time="0">
    </testcase>
    <testcase classname="PadSection component section heading section is labelled &quot;Property Attribute Details&quot;" name="PadSection component section heading section is labelled &quot;Property Attribute Details&quot;" time="0">
    </testcase>
    <testcase classname="PadSection component section heading uses aria-labelledby for pad-heading" name="PadSection component section heading uses aria-labelledby for pad-heading" time="0.001">
    </testcase>
    <testcase classname="PadSection component PAD status chip in table (committed vs default) committed status gets committed chip class" name="PadSection component PAD status chip in table (committed vs default) committed status gets committed chip class" time="0">
    </testcase>
    <testcase classname="PadSection component PAD status chip in table (committed vs default) chip has aria-label for PAD status" name="PadSection component PAD status chip in table (committed vs default) chip has aria-label for PAD status" time="0">
    </testcase>
    <testcase classname="CSS class alignment voa-pad-top-tag base class exists" name="CSS class alignment voa-pad-top-tag base class exists" time="0">
    </testcase>
    <testcase classname="CSS class alignment voa-pad-top-tag uses pill shape (border-radius: 999px)" name="CSS class alignment voa-pad-top-tag uses pill shape (border-radius: 999px)" time="0">
    </testcase>
    <testcase classname="CSS class alignment synced tag has blue background (#3949ab)" name="CSS class alignment synced tag has blue background (#3949ab)" time="0.001">
    </testcase>
    <testcase classname="CSS class alignment synced tag has white text (#ffffff)" name="CSS class alignment synced tag has white text (#ffffff)" time="0">
    </testcase>
    <testcase classname="CSS class alignment warning tag has amber background (#ffbf00)" name="CSS class alignment warning tag has amber background (#ffbf00)" time="0">
    </testcase>
    <testcase classname="CSS class alignment warning tag has dark text (#1f1f1f)" name="CSS class alignment warning tag has dark text (#1f1f1f)" time="0">
    </testcase>
    <testcase classname="CSS class alignment warning tag has border (#d3a128)" name="CSS class alignment warning tag has border (#d3a128)" time="0">
    </testcase>
    <testcase classname="CSS class alignment tags container uses flexbox with gap" name="CSS class alignment tags container uses flexbox with gap" time="0.001">
    </testcase>
    <testcase classname="CSS class alignment base tag uses inline-flex and font-weight 600" name="CSS class alignment base tag uses inline-flex and font-weight 600" time="0">
    </testcase>
    <testcase classname="SaleDetailsViewModel types alignment types include padStatusDisplay: string" name="SaleDetailsViewModel types alignment types include padStatusDisplay: string" time="0">
    </testcase>
    <testcase classname="SaleDetailsViewModel types alignment types include padStatusLabel: string" name="SaleDetailsViewModel types alignment types include padStatusLabel: string" time="0">
    </testcase>
    <testcase classname="SaleDetailsViewModel types alignment types include isActiveRequestPresent: boolean" name="SaleDetailsViewModel types alignment types include isActiveRequestPresent: boolean" time="0">
    </testcase>
    <testcase classname="SaleDetailsViewModel types alignment all three PAD fields are present" name="SaleDetailsViewModel types alignment all three PAD fields are present" time="0.001">
    </testcase>
    <testcase classname="PropertyAndBandingDetails model alignment ViewSaleRecordById model has activeRequestInVos field" name="PropertyAndBandingDetails model alignment ViewSaleRecordById model has activeRequestInVos field" time="0">
    </testcase>
    <testcase classname="PropertyAndBandingDetails model alignment activeRequestInVos is typed as optional boolean" name="PropertyAndBandingDetails model alignment activeRequestInVos is typed as optional boolean" time="0">
    </testcase>
    <testcase classname="PropertyAndBandingDetails model alignment model has suId field (hereditament GUID)" name="PropertyAndBandingDetails model alignment model has suId field (hereditament GUID)" time="0">
    </testcase>
    <testcase classname="PropertyAndBandingDetails model alignment model has padStatus field" name="PropertyAndBandingDetails model alignment model has padStatus field" time="0">
    </testcase>
    <testcase classname="PropertyAndBandingDetails model alignment model includes PropertyAndBandingDetails interface" name="PropertyAndBandingDetails model alignment model includes PropertyAndBandingDetails interface" time="0.001">
    </testcase>
    <testcase classname="PropertyAndBandingDetails model alignment activeRequestInVos has JSDoc comment" name="PropertyAndBandingDetails model alignment activeRequestInVos has JSDoc comment" time="0">
    </testcase>
    <testcase classname="Real payload round-trip request payload matches expected structure" name="Real payload round-trip request payload matches expected structure" time="0">
    </testcase>
    <testcase classname="Real payload round-trip response payload matches expected structure" name="Real payload round-trip response payload matches expected structure" time="0.002">
    </testcase>
    <testcase classname="Real payload round-trip false response means PAD is synced" name="Real payload round-trip false response means PAD is synced" time="0.001">
    </testcase>
    <testcase classname="Real payload round-trip JSON.stringify preserves boolean type for hereditamentActiveRequest" name="Real payload round-trip JSON.stringify preserves boolean type for hereditamentActiveRequest" time="0.001">
    </testcase>
    <testcase classname="Real payload round-trip response round-trips through JSON without data loss" name="Real payload round-trip response round-trips through JSON without data loss" time="0">
    </testcase>
    <testcase classname="Simulated PAD status label derivation padStatusDisplay &quot;Committed&quot; → &quot;PAD Status: Synced&quot;" name="Simulated PAD status label derivation padStatusDisplay &quot;Committed&quot; → &quot;PAD Status: Synced&quot;" time="0">
    </testcase>
    <testcase classname="Simulated PAD status label derivation padStatusDisplay &quot;committed&quot; → &quot;PAD Status: Synced&quot;" name="Simulated PAD status label derivation padStatusDisplay &quot;committed&quot; → &quot;PAD Status: Synced&quot;" time="0.001">
    </testcase>
    <testcase classname="Simulated PAD status label derivation padStatusDisplay &quot;COMMITTED&quot; → &quot;PAD Status: Synced&quot;" name="Simulated PAD status label derivation padStatusDisplay &quot;COMMITTED&quot; → &quot;PAD Status: Synced&quot;" time="0">
    </testcase>
    <testcase classname="Simulated PAD status label derivation padStatusDisplay &quot;Active&quot; → &quot;PAD Status: Active&quot;" name="Simulated PAD status label derivation padStatusDisplay &quot;Active&quot; → &quot;PAD Status: Active&quot;" time="0">
    </testcase>
    <testcase classname="Simulated PAD status label derivation padStatusDisplay &quot;Draft&quot; → &quot;PAD Status: Draft&quot;" name="Simulated PAD status label derivation padStatusDisplay &quot;Draft&quot; → &quot;PAD Status: Draft&quot;" time="0">
    </testcase>
    <testcase classname="Simulated PAD status label derivation padStatusDisplay &quot;Pending&quot; → &quot;PAD Status: Pending&quot;" name="Simulated PAD status label derivation padStatusDisplay &quot;Pending&quot; → &quot;PAD Status: Pending&quot;" time="0">
    </testcase>
    <testcase classname="Simulated PAD status label derivation padStatusDisplay &quot;-&quot; → &quot;PAD Status: -&quot;" name="Simulated PAD status label derivation padStatusDisplay &quot;-&quot; → &quot;PAD Status: -&quot;" time="0">
    </testcase>
    <testcase classname="Simulated PAD status label derivation padStatusDisplay &quot;Unknown&quot; → &quot;PAD Status: Unknown&quot;" name="Simulated PAD status label derivation padStatusDisplay &quot;Unknown&quot; → &quot;PAD Status: Unknown&quot;" time="0">
    </testcase>
    <testcase classname="Business logic integration scenarios scenario: hereditament with no active requests hereditamentActiveRequest is false" name="Business logic integration scenarios scenario: hereditament with no active requests hereditamentActiveRequest is false" time="0.001">
    </testcase>
    <testcase classname="Business logic integration scenarios scenario: hereditament with no active requests PAD status should show as Synced when padStatus is Committed" name="Business logic integration scenarios scenario: hereditament with no active requests PAD status should show as Synced when padStatus is Committed" time="0">
    </testcase>
    <testcase classname="Business logic integration scenarios scenario: hereditament with no active requests isActiveRequestPresent should be false" name="Business logic integration scenarios scenario: hereditament with no active requests isActiveRequestPresent should be false" time="0">
    </testcase>
    <testcase classname="Business logic integration scenarios scenario: hereditament with active requests hereditamentActiveRequest is true" name="Business logic integration scenarios scenario: hereditament with active requests hereditamentActiveRequest is true" time="0">
    </testcase>
    <testcase classname="Business logic integration scenarios scenario: hereditament with active requests isActiveRequestPresent should be true" name="Business logic integration scenarios scenario: hereditament with active requests isActiveRequestPresent should be true" time="0.001">
    </testcase>
    <testcase classname="Business logic integration scenarios scenario: hereditament with active requests warning tag text should be &quot;Active request/job in VOS&quot;" name="Business logic integration scenarios scenario: hereditament with active requests warning tag text should be &quot;Active request/job in VOS&quot;" time="0.029">
    </testcase>
    <testcase classname="Business logic integration scenarios scenario: hereditamentId validation valid GUID passes regex" name="Business logic integration scenarios scenario: hereditamentId validation valid GUID passes regex" time="0">
    </testcase>
    <testcase classname="Business logic integration scenarios scenario: hereditamentId validation invalid GUID fails regex" name="Business logic integration scenarios scenario: hereditamentId validation invalid GUID fails regex" time="0.001">
    </testcase>
    <testcase classname="Edge cases empty response object is assignable to response type" name="Edge cases empty response object is assignable to response type" time="0">
    </testcase>
    <testcase classname="Edge cases null hereditamentActiveRequest is tolerated by optional typing" name="Edge cases null hereditamentActiveRequest is tolerated by optional typing" time="0">
    </testcase>
    <testcase classname="Edge cases odata context is optional" name="Edge cases odata context is optional" time="0">
    </testcase>
    <testcase classname="Edge cases request with empty-string hereditamentId fails GUID validation" name="Edge cases request with empty-string hereditamentId fails GUID validation" time="0">
    </testcase>
    <testcase classname="Edge cases padStatusDisplay of &quot;-&quot; hides synced tag per PadSection" name="Edge cases padStatusDisplay of &quot;-&quot; hides synced tag per PadSection" time="0.001">
    </testcase>
    <testcase classname="Edge cases isTrueLike with whitespace-only string returns false" name="Edge cases isTrueLike with whitespace-only string returns false" time="0">
    </testcase>
    <testcase classname="Sample data alignment sample data includes padStatus field" name="Sample data alignment sample data includes padStatus field" time="0">
    </testcase>
    <testcase classname="Sample data alignment sample data uses Committed as padStatus value" name="Sample data alignment sample data uses Committed as padStatus value" time="0.001">
    </testcase>
    <testcase classname="Sample data alignment sample data includes activeRequestInVos field" name="Sample data alignment sample data includes activeRequestInVos field" time="0">
    </testcase>
    <testcase classname="Sample data alignment sample data activeRequestInVos is boolean true" name="Sample data alignment sample data activeRequestInVos is boolean true" time="0">
    </testcase>
    <testcase classname="WRT-197 test alignment WRT-197 tests exist for hereditament and banding details" name="WRT-197 test alignment WRT-197 tests exist for hereditament and banding details" time="0">
    </testcase>
    <testcase classname="WRT-197 test alignment WRT-197 tests cover address hyperlink with suId" name="WRT-197 test alignment WRT-197 tests cover address hyperlink with suId" time="0">
    </testcase>
    <testcase classname="WRT-197 test alignment WRT-197 tests cover banding effective date formatting" name="WRT-197 test alignment WRT-197 tests cover banding effective date formatting" time="0">
    </testcase>
    <testcase classname="WRT-197 test alignment WRT-197 tests do not cover PAD sync status (covered by this suite)" name="WRT-197 test alignment WRT-197 tests do not cover PAD sync status (covered by this suite)" time="0">
    </testcase>
  </testsuite>
  <testsuite name="WRT-366 View Sales Record through Quality Control Assignment AC" errors="0" failures="0" skipped="0" timestamp="2026-04-28T10:07:39" time="2.991" tests="5">
    <testcase classname="WRT-366 View Sales Record through Quality Control Assignment AC AC1: quality control assignment resolves to QA assignment table and keeps view-sales action available" name="WRT-366 View Sales Record through Quality Control Assignment AC AC1: quality control assignment resolves to QA assignment table and keeps view-sales action available" time="0.042">
    </testcase>
    <testcase classname="WRT-366 View Sales Record through Quality Control Assignment AC AC2: sale-id link and View Sales Record button route through the same navigate handler" name="WRT-366 View Sales Record through Quality Control Assignment AC AC2: sale-id link and View Sales Record button route through the same navigate handler" time="0.049">
    </testcase>
    <testcase classname="WRT-366 View Sales Record through Quality Control Assignment AC AC3: row invoke sends qc-assignment context and runtime stores it before loading details" name="WRT-366 View Sales Record through Quality Control Assignment AC AC3: row invoke sends qc-assignment context and runtime stores it before loading details" time="0.002">
    </testcase>
    <testcase classname="WRT-366 View Sales Record through Quality Control Assignment AC AC4: qc-assignment view-sales details remain read-only for non-caseworker ownership contexts" name="WRT-366 View Sales Record through Quality Control Assignment AC AC4: qc-assignment view-sales details remain read-only for non-caseworker ownership contexts" time="0.005">
    </testcase>
    <testcase classname="WRT-366 View Sales Record through Quality Control Assignment AC AC5: sale record shows full sections in read-only mode including Create Data Enhancement Job" name="WRT-366 View Sales Record through Quality Control Assignment AC AC5: sale record shows full sections in read-only mode including Create Data Enhancement Job" time="0.002">
    </testcase>
  </testsuite>
  <testsuite name="runtime user context role/team matching" errors="0" failures="0" skipped="0" timestamp="2026-04-28T10:07:39" time="3.056" tests="4">
    <testcase classname="runtime user context role/team matching caseworker access is detected from matchedRoleNames multi-role list (contains-based)" name="runtime user context role/team matching caseworker access is detected from matchedRoleNames multi-role list (contains-based)" time="0.047">
    </testcase>
    <testcase classname="runtime user context role/team matching manager access is detected from matchedRoleNames multi-role list" name="runtime user context role/team matching manager access is detected from matchedRoleNames multi-role list" time="0.002">
    </testcase>
    <testcase classname="runtime user context role/team matching qa access is detected from matchedRoleNames multi-role list" name="runtime user context role/team matching qa access is detected from matchedRoleNames multi-role list" time="0.002">
    </testcase>
    <testcase classname="runtime user context role/team matching team evidence supports contains-based matching from matchedTeamNames" name="runtime user context role/team matching team evidence supports contains-based matching from matchedTeamNames" time="0">
    </testcase>
  </testsuite>
  <testsuite name="isRecord" errors="0" failures="0" skipped="0" timestamp="2026-04-28T10:07:39" time="3.162" tests="68">
    <testcase classname="isRecord returns true for plain objects" name="isRecord returns true for plain objects" time="0.008">
    </testcase>
    <testcase classname="isRecord returns false for arrays" name="isRecord returns false for arrays" time="0.001">
    </testcase>
    <testcase classname="isRecord returns false for null and primitives" name="isRecord returns false for null and primitives" time="0">
    </testcase>
    <testcase classname="toDisplayText null and undefined return empty string" name="toDisplayText null and undefined return empty string" time="0">
    </testcase>
    <testcase classname="toDisplayText string values pass through" name="toDisplayText string values pass through" time="0.001">
    </testcase>
    <testcase classname="toDisplayText numbers and booleans convert to string" name="toDisplayText numbers and booleans convert to string" time="0">
    </testcase>
    <testcase classname="toDisplayText array values join non-empty items with comma" name="toDisplayText array values join non-empty items with comma" time="0.001">
    </testcase>
    <testcase classname="toDisplayText record values JSON stringify" name="toDisplayText record values JSON stringify" time="0">
    </testcase>
    <testcase classname="getRecord returns the nested record when present" name="getRecord returns the nested record when present" time="0.001">
    </testcase>
    <testcase classname="getRecord returns empty object when key is missing or not a record" name="getRecord returns empty object when key is missing or not a record" time="0.001">
    </testcase>
    <testcase classname="getRecordFromKeys returns the first matching key" name="getRecordFromKeys returns the first matching key" time="0">
    </testcase>
    <testcase classname="getRecordFromKeys skips non-record values and falls back" name="getRecordFromKeys skips non-record values and falls back" time="0">
    </testcase>
    <testcase classname="getRecordFromKeys returns empty object when no keys match" name="getRecordFromKeys returns empty object when no keys match" time="0">
    </testcase>
    <testcase classname="getRecordFromPath traverses dot-separated path" name="getRecordFromPath traverses dot-separated path" time="0">
    </testcase>
    <testcase classname="getRecordFromPath returns empty object for missing path" name="getRecordFromPath returns empty object for missing path" time="0.001">
    </testcase>
    <testcase classname="getRecordFromPath returns empty object for empty path" name="getRecordFromPath returns empty object for empty path" time="0">
    </testcase>
    <testcase classname="getRecordFromPath handles array index traversal" name="getRecordFromPath handles array index traversal" time="0">
    </testcase>
    <testcase classname="getRecordFromPath returns empty object when array index is out of bounds" name="getRecordFromPath returns empty object when array index is out of bounds" time="0">
    </testcase>
    <testcase classname="getRecordArray returns array of records filtered from mixed array" name="getRecordArray returns array of records filtered from mixed array" time="0">
    </testcase>
    <testcase classname="getRecordArray returns empty array when key not present or not an array" name="getRecordArray returns empty array when key not present or not an array" time="0">
    </testcase>
    <testcase classname="getRecordArrayFromKeys returns the first array found among keys" name="getRecordArrayFromKeys returns the first array found among keys" time="0.001">
    </testcase>
    <testcase classname="getRecordArrayFromKeys returns empty array when no key has an array" name="getRecordArrayFromKeys returns empty array when no key has an array" time="0">
    </testcase>
    <testcase classname="getRecordArrayFromPath traverses to array and filters records" name="getRecordArrayFromPath traverses to array and filters records" time="0">
    </testcase>
    <testcase classname="getRecordArrayFromPath returns empty array for non-array path" name="getRecordArrayFromPath returns empty array for non-array path" time="0">
    </testcase>
    <testcase classname="getValue and getValueFromPath getValue returns trimmed display text for a record key" name="getValue and getValueFromPath getValue returns trimmed display text for a record key" time="0">
    </testcase>
    <testcase classname="getValue and getValueFromPath getValue returns empty string for missing key" name="getValue and getValueFromPath getValue returns empty string for missing key" time="0">
    </testcase>
    <testcase classname="getValue and getValueFromPath getValueFromPath resolves dot-path and returns trimmed text" name="getValue and getValueFromPath getValueFromPath resolves dot-path and returns trimmed text" time="0">
    </testcase>
    <testcase classname="firstNonEmpty returns first non-blank value" name="firstNonEmpty returns first non-blank value" time="0">
    </testcase>
    <testcase classname="firstNonEmpty returns empty string when all are blank" name="firstNonEmpty returns empty string when all are blank" time="0">
    </testcase>
    <testcase classname="formatValue returns value as-is when non-empty" name="formatValue returns value as-is when non-empty" time="0">
    </testcase>
    <testcase classname="formatValue returns dash placeholder for empty/blank strings" name="formatValue returns dash placeholder for empty/blank strings" time="0">
    </testcase>
    <testcase classname="isHttpUrl returns true for https and http URLs" name="isHttpUrl returns true for https and http URLs" time="0">
    </testcase>
    <testcase classname="isHttpUrl returns false for non-http schemes and bare paths" name="isHttpUrl returns false for non-http schemes and bare paths" time="0">
    </testcase>
    <testcase classname="toUkDate converts ISO date string to DD/MM/YYYY" name="toUkDate converts ISO date string to DD/MM/YYYY" time="0.001">
    </testcase>
    <testcase classname="toUkDate returns the original value when date cannot be parsed" name="toUkDate returns the original value when date cannot be parsed" time="0.001">
    </testcase>
    <testcase classname="toUkDate returns empty string for empty input" name="toUkDate returns empty string for empty input" time="0">
    </testcase>
    <testcase classname="toUkCurrency formats positive number as GBP currency" name="toUkCurrency formats positive number as GBP currency" time="0.05">
    </testcase>
    <testcase classname="toUkCurrency handles pound-sign-prefixed input" name="toUkCurrency handles pound-sign-prefixed input" time="0">
    </testcase>
    <testcase classname="toUkCurrency returns empty string for blank or dash input" name="toUkCurrency returns empty string for blank or dash input" time="0.001">
    </testcase>
    <testcase classname="toUkCurrency returns untouched non-numeric string" name="toUkCurrency returns untouched non-numeric string" time="0">
    </testcase>
    <testcase classname="buildSearchUrl appends URL-encoded query to the base URL" name="buildSearchUrl appends URL-encoded query to the base URL" time="0.001">
    </testcase>
    <testcase classname="buildSearchUrl returns empty string when query is blank" name="buildSearchUrl returns empty string when query is blank" time="0">
    </testcase>
    <testcase classname="parseSaleDetails parses valid JSON object" name="parseSaleDetails parses valid JSON object" time="0">
    </testcase>
    <testcase classname="parseSaleDetails returns empty object for invalid JSON" name="parseSaleDetails returns empty object for invalid JSON" time="0.001">
    </testcase>
    <testcase classname="parseSaleDetails returns empty object for empty string" name="parseSaleDetails returns empty object for empty string" time="0">
    </testcase>
    <testcase classname="parseSaleDetails returns empty object when JSON parses to non-record" name="parseSaleDetails returns empty object when JSON parses to non-record" time="0">
    </testcase>
    <testcase classname="toInitials returns first letters of first and last name uppercased" name="toInitials returns first letters of first and last name uppercased" time="0.001">
    </testcase>
    <testcase classname="toInitials returns first two chars for single-word name" name="toInitials returns first two chars for single-word name" time="0">
    </testcase>
    <testcase classname="toInitials returns ? for empty string" name="toInitials returns ? for empty string" time="0">
    </testcase>
    <testcase classname="toInitials handles multiple spaces between names" name="toInitials handles multiple spaces between names" time="0">
    </testcase>
    <testcase classname="toStatusTone returns critical for fail/reject statuses" name="toStatusTone returns critical for fail/reject statuses" time="0.001">
    </testcase>
    <testcase classname="toStatusTone returns ok for complete/pass/commit statuses" name="toStatusTone returns ok for complete/pass/commit statuses" time="0">
    </testcase>
    <testcase classname="toStatusTone returns warning for review/assigned statuses" name="toStatusTone returns warning for review/assigned statuses" time="0">
    </testcase>
    <testcase classname="toStatusTone returns neutral for empty or unrecognised status" name="toStatusTone returns neutral for empty or unrecognised status" time="0">
    </testcase>
    <testcase classname="parseCsvCodes splits comma-separated codes" name="parseCsvCodes splits comma-separated codes" time="0">
    </testcase>
    <testcase classname="parseCsvCodes trims whitespace from each code" name="parseCsvCodes trims whitespace from each code" time="0">
    </testcase>
    <testcase classname="parseCsvCodes returns empty array for empty or dash input" name="parseCsvCodes returns empty array for empty or dash input" time="0.001">
    </testcase>
    <testcase classname="isTrueLike returns true for truthy text representations" name="isTrueLike returns true for truthy text representations" time="0">
    </testcase>
    <testcase classname="isTrueLike returns false for falsy and unrecognised values" name="isTrueLike returns false for falsy and unrecognised values" time="0">
    </testcase>
    <testcase classname="mapPadConfirmationToKey maps job-created text to key" name="mapPadConfirmationToKey maps job-created text to key" time="0">
    </testcase>
    <testcase classname="mapPadConfirmationToKey maps job-not-required text to key" name="mapPadConfirmationToKey maps job-not-required text to key" time="0">
    </testcase>
    <testcase classname="mapPadConfirmationToKey maps pads-not-reviewed text to key" name="mapPadConfirmationToKey maps pads-not-reviewed text to key" time="0">
    </testcase>
    <testcase classname="mapPadConfirmationToKey returns undefined for empty or dash" name="mapPadConfirmationToKey returns undefined for empty or dash" time="0.012">
    </testcase>
    <testcase classname="mapPadConfirmationToKey returns undefined for unrecognised text" name="mapPadConfirmationToKey returns undefined for unrecognised text" time="0">
    </testcase>
    <testcase classname="toReadableLabel converts camelCase to readable label" name="toReadableLabel converts camelCase to readable label" time="0.001">
    </testcase>
    <testcase classname="toReadableLabel leaves already-spaced string unchanged content" name="toReadableLabel leaves already-spaced string unchanged content" time="0">
    </testcase>
    <testcase classname="createAttributeChip creates chip with all provided fields" name="createAttributeChip creates chip with all provided fields" time="0.001">
    </testcase>
    <testcase classname="createAttributeChip creates chip without optional tooltip and color" name="createAttributeChip creates chip without optional tooltip and color" time="0">
    </testcase>
  </testsuite>
  <testsuite name="sections Stack uses a key that changes per sale/task" errors="0" failures="0" skipped="0" timestamp="2026-04-28T10:07:42" time="0.223" tests="38">
    <testcase classname="sections Stack uses a key that changes per sale/task sections Stack has key built from model.saleId and model.taskId" name="sections Stack uses a key that changes per sale/task sections Stack has key built from model.saleId and model.taskId" time="0.004">
    </testcase>
    <testcase classname="sections Stack uses a key that changes per sale/task key appears on the Stack wrapper that contains all detail sections" name="sections Stack uses a key that changes per sale/task key appears on the Stack wrapper that contains all detail sections" time="0.001">
    </testcase>
    <testcase classname="sections Stack uses a key that changes per sale/task key is on the Stack that also contains PadSection so padConfirmationKey resets" name="sections Stack uses a key that changes per sale/task key is on the Stack that also contains PadSection so padConfirmationKey resets" time="0.001">
    </testcase>
    <testcase classname="SalesParticularSection state initialisation each required field has useState initialised from model" name="SalesParticularSection state initialisation each required field has useState initialised from model" time="0.002">
    </testcase>
    <testcase classname="SalesParticularSection state initialisation onDraftChange effect fires whenever field values change" name="SalesParticularSection state initialisation onDraftChange effect fires whenever field values change" time="0.001">
    </testcase>
    <testcase classname="SalesParticularSection state initialisation onDraftChange uses useLayoutEffect to avoid one-render stale draft lag" name="SalesParticularSection state initialisation onDraftChange uses useLayoutEffect to avoid one-render stale draft lag" time="0">
    </testcase>
    <testcase classname="cross-section mandatory validation collectCrossSectionMandatoryErrors checks salesParticularModel (the draft)" name="cross-section mandatory validation collectCrossSectionMandatoryErrors checks salesParticularModel (the draft)" time="0.001">
    </testcase>
    <testcase classname="cross-section mandatory validation all 8 required fields are validated (including condition score)" name="cross-section mandatory validation all 8 required fields are validated (including condition score)" time="0">
    </testcase>
    <testcase classname="cross-section mandatory validation padConfirmation is also validated cross-section" name="cross-section mandatory validation padConfirmation is also validated cross-section" time="0">
    </testcase>
    <testcase classname="retainSaleDetails behaviour in runtime controller retainSaleDetails is true only when PCF view is already showing" name="retainSaleDetails behaviour in runtime controller retainSaleDetails is true only when PCF view is already showing" time="0">
    </testcase>
    <testcase classname="retainSaleDetails behaviour in runtime controller beginViewSaleRequest clears _saleDetails when NOT retaining" name="retainSaleDetails behaviour in runtime controller beginViewSaleRequest clears _saleDetails when NOT retaining" time="0.001">
    </testcase>
    <testcase classname="retainSaleDetails behaviour in runtime controller finishViewSaleRequest preserves QC outcome fields when incoming payload is missing them" name="retainSaleDetails behaviour in runtime controller finishViewSaleRequest preserves QC outcome fields when incoming payload is missing them" time="0">
    </testcase>
    <testcase classname="retainSaleDetails behaviour in runtime controller handleDetailsBack clears _saleDetails" name="retainSaleDetails behaviour in runtime controller handleDetailsBack clears _saleDetails" time="0">
    </testcase>
    <testcase classname="shell draft resync effects salesParticularDraft resync effect exists with saleId, taskId dependencies" name="shell draft resync effects salesParticularDraft resync effect exists with saleId, taskId dependencies" time="0.001">
    </testcase>
    <testcase classname="shell draft resync effects padConfirmationKey resync effect exists" name="shell draft resync effects padConfirmationKey resync effect exists" time="0.004">
    </testcase>
    <testcase classname="shell draft resync effects promotedMasterRecord resync effect exists" name="shell draft resync effects promotedMasterRecord resync effect exists" time="0.003">
    </testcase>
    <testcase classname="error clearing on model change SalesVerificationSection clears mandatoryErrorMessages when model changes" name="error clearing on model change SalesVerificationSection clears mandatoryErrorMessages when model changes" time="0">
    </testcase>
    <testcase classname="error clearing on model change SalesVerificationSection clears validation state when editing becomes disabled" name="error clearing on model change SalesVerificationSection clears validation state when editing becomes disabled" time="0.001">
    </testcase>
    <testcase classname="error clearing on model change SalesVerificationSection clears mandatory errors when salesParticularModel changes" name="error clearing on model change SalesVerificationSection clears mandatory errors when salesParticularModel changes" time="0">
    </testcase>
    <testcase classname="error clearing on model change SalesParticularSection clears validationErrors when model changes" name="error clearing on model change SalesParticularSection clears validationErrors when model changes" time="0.001">
    </testcase>
    <testcase classname="QC section state is reset by key-based remount SalesVerificationSection with QC section is inside the keyed Stack" name="QC section state is reset by key-based remount SalesVerificationSection with QC section is inside the keyed Stack" time="0">
    </testcase>
    <testcase classname="QC section state is reset by key-based remount QC local state (qcOutcomeKey, qcOutcomeRemarks, qcRemarks) is useState in SalesVerificationSection" name="QC section state is reset by key-based remount QC local state (qcOutcomeKey, qcOutcomeRemarks, qcRemarks) is useState in SalesVerificationSection" time="0.001">
    </testcase>
    <testcase classname="QC section state is reset by key-based remount QC props (canSubmitQcOutcome, showQcSection) are passed to SalesVerificationSection from shell" name="QC section state is reset by key-based remount QC props (canSubmitQcOutcome, showQcSection) are passed to SalesVerificationSection from shell" time="0">
    </testcase>
    <testcase classname="QC section state is reset by key-based remount runtime controller recalculates QC access in finishViewSaleRequest" name="QC section state is reset by key-based remount runtime controller recalculates QC access in finishViewSaleRequest" time="0">
    </testcase>
    <testcase classname="condition score mandatory validation conditionScore is in centralized mandatory validation rules" name="condition score mandatory validation conditionScore is in centralized mandatory validation rules" time="0">
    </testcase>
    <testcase classname="condition score mandatory validation condition score validation only triggers for details-available" name="condition score mandatory validation condition score validation only triggers for details-available" time="0">
    </testcase>
    <testcase classname="condition score mandatory validation calculate button exists in SalesParticularSection" name="condition score mandatory validation calculate button exists in SalesParticularSection" time="0">
    </testcase>
    <testcase classname="condition score mandatory validation condition score field placeholder indicates auto-calculation" name="condition score mandatory validation condition score field placeholder indicates auto-calculation" time="0.001">
    </testcase>
    <testcase classname="grid auto-refresh on back from details handleDetailsBack calls emitAction(back) to signal the host" name="grid auto-refresh on back from details handleDetailsBack calls emitAction(back) to signal the host" time="0">
    </testcase>
    <testcase classname="grid auto-refresh on back from details handleDetailsBack does NOT call _notifyOutputChanged directly (emitAction handles it)" name="grid auto-refresh on back from details handleDetailsBack does NOT call _notifyOutputChanged directly (emitAction handles it)" time="0">
    </testcase>
    <testcase classname="grid auto-refresh on back from details handleDetailsBack is consistent with handleBackToCanvas in using emitAction" name="grid auto-refresh on back from details handleDetailsBack is consistent with handleBackToCanvas in using emitAction" time="0">
    </testcase>
    <testcase classname="grid auto-refresh on back from details emitAction(back) clears selection and bumps actionRequestId for host-driven searchTrigger" name="grid auto-refresh on back from details emitAction(back) clears selection and bumps actionRequestId for host-driven searchTrigger" time="0">
    </testcase>
    <testcase classname="grid auto-refresh on back from details APIM load effect uses searchTrigger from context to detect host-driven refresh" name="grid auto-refresh on back from details APIM load effect uses searchTrigger from context to detect host-driven refresh" time="0.001">
    </testcase>
    <testcase classname="refreshNonce mechanism for grid auto-refresh on back DetailsListControlShell tracks showPcfDetails transitions and bumps refreshNonce" name="refreshNonce mechanism for grid auto-refresh on back DetailsListControlShell tracks showPcfDetails transitions and bumps refreshNonce" time="0.001">
    </testcase>
    <testcase classname="refreshNonce mechanism for grid auto-refresh on back DetailsListControlShell passes refreshNonce to DetailsListHost" name="refreshNonce mechanism for grid auto-refresh on back DetailsListControlShell passes refreshNonce to DetailsListHost" time="0">
    </testcase>
    <testcase classname="refreshNonce mechanism for grid auto-refresh on back DetailsListControlShell passes refreshNonce to ManagerJourneyShell" name="refreshNonce mechanism for grid auto-refresh on back DetailsListControlShell passes refreshNonce to ManagerJourneyShell" time="0.007">
    </testcase>
    <testcase classname="refreshNonce mechanism for grid auto-refresh on back DetailsListHost accepts refreshNonce and bumps searchNonce on change" name="refreshNonce mechanism for grid auto-refresh on back DetailsListHost accepts refreshNonce and bumps searchNonce on change" time="0.001">
    </testcase>
    <testcase classname="refreshNonce mechanism for grid auto-refresh on back ManagerJourneyShell passes refreshNonce through to DetailsListHost" name="refreshNonce mechanism for grid auto-refresh on back ManagerJourneyShell passes refreshNonce through to DetailsListHost" time="0.001">
    </testcase>
  </testsuite>
  <testsuite name="ViewSaleRecordById response model" errors="0" failures="0" skipped="0" timestamp="2026-04-28T10:07:39" time="3.261" tests="67">
    <testcase classname="ViewSaleRecordById response model model interface completeness envelope interface declares all top-level sections" name="ViewSaleRecordById response model model interface completeness envelope interface declares all top-level sections" time="0.008">
    </testcase>
    <testcase classname="ViewSaleRecordById response model model interface completeness salesVerificationTaskDetails interface has all fields" name="ViewSaleRecordById response model model interface completeness salesVerificationTaskDetails interface has all fields" time="0.001">
    </testcase>
    <testcase classname="ViewSaleRecordById response model model interface completeness qualityControlOutcome interface has qcReviewedByIsActive field" name="ViewSaleRecordById response model model interface completeness qualityControlOutcome interface has qcReviewedByIsActive field" time="0">
    </testcase>
    <testcase classname="ViewSaleRecordById response model model interface completeness propertyAndBandingDetails interface has description tooltip fields" name="ViewSaleRecordById response model model interface completeness propertyAndBandingDetails interface has description tooltip fields" time="0.001">
    </testcase>
    <testcase classname="ViewSaleRecordById response model model interface completeness propertyAndBandingDetails includes both sourceCode and sourceCodes" name="ViewSaleRecordById response model model interface completeness propertyAndBandingDetails includes both sourceCode and sourceCodes" time="0">
    </testcase>
    <testcase classname="ViewSaleRecordById response model model interface completeness all model fields are optional (every property uses ?:)" name="ViewSaleRecordById response model model interface completeness all model fields are optional (every property uses ?:)" time="0.002">
    </testcase>
    <testcase classname="ViewSaleRecordById response model parseSaleDetails round-trip deserializes all top-level sections" name="ViewSaleRecordById response model parseSaleDetails round-trip deserializes all top-level sections" time="0.001">
    </testcase>
    <testcase classname="ViewSaleRecordById response model parseSaleDetails round-trip empty / null input returns empty record" name="ViewSaleRecordById response model parseSaleDetails round-trip empty / null input returns empty record" time="0.014">
    </testcase>
    <testcase classname="ViewSaleRecordById response model salesVerificationTaskDetails mapping saleId is extracted" name="ViewSaleRecordById response model salesVerificationTaskDetails mapping saleId is extracted" time="0.003">
    </testcase>
    <testcase classname="ViewSaleRecordById response model salesVerificationTaskDetails mapping taskId is extracted" name="ViewSaleRecordById response model salesVerificationTaskDetails mapping taskId is extracted" time="0.001">
    </testcase>
    <testcase classname="ViewSaleRecordById response model salesVerificationTaskDetails mapping taskStatus maps to a status tone" name="ViewSaleRecordById response model salesVerificationTaskDetails mapping taskStatus maps to a status tone" time="0.001">
    </testcase>
    <testcase classname="ViewSaleRecordById response model salesVerificationTaskDetails mapping assignedTo is a GUID" name="ViewSaleRecordById response model salesVerificationTaskDetails mapping assignedTo is a GUID" time="0.005">
    </testcase>
    <testcase classname="ViewSaleRecordById response model salesVerificationTaskDetails mapping assignedToName is a display name (not a GUID)" name="ViewSaleRecordById response model salesVerificationTaskDetails mapping assignedToName is a display name (not a GUID)" time="0.001">
    </testcase>
    <testcase classname="ViewSaleRecordById response model salesVerificationTaskDetails mapping null name fields resolve to empty string via getValue" name="ViewSaleRecordById response model salesVerificationTaskDetails mapping null name fields resolve to empty string via getValue" time="0">
    </testcase>
    <testcase classname="ViewSaleRecordById response model salesVerificationTaskDetails mapping null fields resolve to empty string via getValue" name="ViewSaleRecordById response model salesVerificationTaskDetails mapping null fields resolve to empty string via getValue" time="0.001">
    </testcase>
    <testcase classname="ViewSaleRecordById response model salesVerificationTaskDetails mapping assignedToIsActive true is preserved through parseSaleDetails" name="ViewSaleRecordById response model salesVerificationTaskDetails mapping assignedToIsActive true is preserved through parseSaleDetails" time="0">
    </testcase>
    <testcase classname="ViewSaleRecordById response model salesVerificationTaskDetails mapping requestedByIsActive false is preserved through parseSaleDetails" name="ViewSaleRecordById response model salesVerificationTaskDetails mapping requestedByIsActive false is preserved through parseSaleDetails" time="0.001">
    </testcase>
    <testcase classname="ViewSaleRecordById response model salesVerificationTaskDetails mapping qcAssignedToIsActive null is preserved through parseSaleDetails" name="ViewSaleRecordById response model salesVerificationTaskDetails mapping qcAssignedToIsActive null is preserved through parseSaleDetails" time="0.001">
    </testcase>
    <testcase classname="ViewSaleRecordById response model links mapping vmsX and vmsY are populated for VMS URL construction" name="ViewSaleRecordById response model links mapping vmsX and vmsY are populated for VMS URL construction" time="0.007">
    </testcase>
    <testcase classname="ViewSaleRecordById response model links mapping epc, zoopla, rightMove are populated" name="ViewSaleRecordById response model links mapping epc, zoopla, rightMove are populated" time="0.001">
    </testcase>
    <testcase classname="ViewSaleRecordById response model propertyAndBandingDetails mapping address, band, billing authority are present" name="ViewSaleRecordById response model propertyAndBandingDetails mapping address, band, billing authority are present" time="0.002">
    </testcase>
    <testcase classname="ViewSaleRecordById response model propertyAndBandingDetails mapping bandingEffectiveDate formats to UK date" name="ViewSaleRecordById response model propertyAndBandingDetails mapping bandingEffectiveDate formats to UK date" time="0.002">
    </testcase>
    <testcase classname="ViewSaleRecordById response model propertyAndBandingDetails mapping suId is a valid GUID for hereditament link" name="ViewSaleRecordById response model propertyAndBandingDetails mapping suId is a valid GUID for hereditament link" time="0">
    </testcase>
    <testcase classname="ViewSaleRecordById response model propertyAndBandingDetails mapping PAD attribute codes are extracted" name="ViewSaleRecordById response model propertyAndBandingDetails mapping PAD attribute codes are extracted" time="0.002">
    </testcase>
    <testcase classname="ViewSaleRecordById response model propertyAndBandingDetails mapping null PAD attributes resolve to empty string" name="ViewSaleRecordById response model propertyAndBandingDetails mapping null PAD attributes resolve to empty string" time="0">
    </testcase>
    <testcase classname="ViewSaleRecordById response model propertyAndBandingDetails mapping description tooltip fields are accessible" name="ViewSaleRecordById response model propertyAndBandingDetails mapping description tooltip fields are accessible" time="0.001">
    </testcase>
    <testcase classname="ViewSaleRecordById response model propertyAndBandingDetails mapping sourceCode (singular) is accessible when sourceCodes is null" name="ViewSaleRecordById response model propertyAndBandingDetails mapping sourceCode (singular) is accessible when sourceCodes is null" time="0.001">
    </testcase>
    <testcase classname="ViewSaleRecordById response model masterSale mapping salePrice formats to UK currency" name="ViewSaleRecordById response model masterSale mapping salePrice formats to UK currency" time="0.055">
    </testcase>
    <testcase classname="ViewSaleRecordById response model masterSale mapping transactionDate formats to UK date" name="ViewSaleRecordById response model masterSale mapping transactionDate formats to UK date" time="0">
    </testcase>
    <testcase classname="ViewSaleRecordById response model masterSale mapping hpiAdjustedPrice formats to UK currency" name="ViewSaleRecordById response model masterSale mapping hpiAdjustedPrice formats to UK currency" time="0.001">
    </testcase>
    <testcase classname="ViewSaleRecordById response model masterSale mapping modelValue formats to UK currency" name="ViewSaleRecordById response model masterSale mapping modelValue formats to UK currency" time="0.001">
    </testcase>
    <testcase classname="ViewSaleRecordById response model masterSale mapping flag fields are populated" name="ViewSaleRecordById response model masterSale mapping flag fields are populated" time="0">
    </testcase>
    <testcase classname="ViewSaleRecordById response model masterSale mapping null ratio resolves to empty string" name="ViewSaleRecordById response model masterSale mapping null ratio resolves to empty string" time="0">
    </testcase>
    <testcase classname="ViewSaleRecordById response model masterSale mapping salesSource indicates LRPPD" name="ViewSaleRecordById response model masterSale mapping salesSource indicates LRPPD" time="0.001">
    </testcase>
    <testcase classname="ViewSaleRecordById response model repeatSaleInfo mapping null ratio ranges resolve to empty string" name="ViewSaleRecordById response model repeatSaleInfo mapping null ratio ranges resolve to empty string" time="0">
    </testcase>
    <testcase classname="ViewSaleRecordById response model welshLandTax mapping array has one WLTT record" name="ViewSaleRecordById response model welshLandTax mapping array has one WLTT record" time="0.001">
    </testcase>
    <testcase classname="ViewSaleRecordById response model welshLandTax mapping wlttId is a GUID" name="ViewSaleRecordById response model welshLandTax mapping wlttId is a GUID" time="0">
    </testcase>
    <testcase classname="ViewSaleRecordById response model welshLandTax mapping transactionPrice formats to UK currency" name="ViewSaleRecordById response model welshLandTax mapping transactionPrice formats to UK currency" time="0.001">
    </testcase>
    <testcase classname="ViewSaleRecordById response model welshLandTax mapping transactionDate formats to UK date" name="ViewSaleRecordById response model welshLandTax mapping transactionDate formats to UK date" time="0">
    </testcase>
    <testcase classname="ViewSaleRecordById response model welshLandTax mapping party fields are populated" name="ViewSaleRecordById response model welshLandTax mapping party fields are populated" time="0.001">
    </testcase>
    <testcase classname="ViewSaleRecordById response model welshLandTax mapping null optional fields resolve gracefully" name="ViewSaleRecordById response model welshLandTax mapping null optional fields resolve gracefully" time="0.001">
    </testcase>
    <testcase classname="ViewSaleRecordById response model welshLandTax mapping property type and tenure are present" name="ViewSaleRecordById response model welshLandTax mapping property type and tenure are present" time="0">
    </testcase>
    <testcase classname="ViewSaleRecordById response model landRegistryData mapping array has one LRPPD record" name="ViewSaleRecordById response model landRegistryData mapping array has one LRPPD record" time="0">
    </testcase>
    <testcase classname="ViewSaleRecordById response model landRegistryData mapping lrppdId is a GUID-like value" name="ViewSaleRecordById response model landRegistryData mapping lrppdId is a GUID-like value" time="0.001">
    </testcase>
    <testcase classname="ViewSaleRecordById response model landRegistryData mapping address is populated" name="ViewSaleRecordById response model landRegistryData mapping address is populated" time="0.005">
    </testcase>
    <testcase classname="ViewSaleRecordById response model landRegistryData mapping transactionPrice formats to UK currency" name="ViewSaleRecordById response model landRegistryData mapping transactionPrice formats to UK currency" time="0.001">
    </testcase>
    <testcase classname="ViewSaleRecordById response model landRegistryData mapping date formats correctly" name="ViewSaleRecordById response model landRegistryData mapping date formats correctly" time="0.002">
    </testcase>
    <testcase classname="ViewSaleRecordById response model landRegistryData mapping all classification fields present" name="ViewSaleRecordById response model landRegistryData mapping all classification fields present" time="0.001">
    </testcase>
    <testcase classname="ViewSaleRecordById response model salesParticularDetails mapping all null form fields resolve to empty string" name="ViewSaleRecordById response model salesParticularDetails mapping all null form fields resolve to empty string" time="0.002">
    </testcase>
    <testcase classname="ViewSaleRecordById response model salesVerificationDetails mapping all null verification fields resolve to empty string" name="ViewSaleRecordById response model salesVerificationDetails mapping all null verification fields resolve to empty string" time="0">
    </testcase>
    <testcase classname="ViewSaleRecordById response model qualityControlOutcome mapping all null QC fields resolve to empty string" name="ViewSaleRecordById response model qualityControlOutcome mapping all null QC fields resolve to empty string" time="0.001">
    </testcase>
    <testcase classname="ViewSaleRecordById response model qualityControlOutcome mapping qcReviewedByIsActive null is preserved through parseSaleDetails" name="ViewSaleRecordById response model qualityControlOutcome mapping qcReviewedByIsActive null is preserved through parseSaleDetails" time="0">
    </testcase>
    <testcase classname="ViewSaleRecordById response model useSaleDetailsViewModel handles new fields buildPadChip checks *Description suffix for tooltips" name="ViewSaleRecordById response model useSaleDetailsViewModel handles new fields buildPadChip checks *Description suffix for tooltips" time="0">
    </testcase>
    <testcase classname="ViewSaleRecordById response model useSaleDetailsViewModel handles new fields sourceCodes falls back to singular sourceCode" name="ViewSaleRecordById response model useSaleDetailsViewModel handles new fields sourceCodes falls back to singular sourceCode" time="0.001">
    </testcase>
    <testcase classname="ViewSaleRecordById response model useSaleDetailsViewModel handles new fields view model extracts padConfirmation from banding section" name="ViewSaleRecordById response model useSaleDetailsViewModel handles new fields view model extracts padConfirmation from banding section" time="0">
    </testcase>
    <testcase classname="ViewSaleRecordById response model mapping with populated fields (non-null scenario) taskStatus maps to critical status tone for QC Failed" name="ViewSaleRecordById response model mapping with populated fields (non-null scenario) taskStatus maps to critical status tone for QC Failed" time="0">
    </testcase>
    <testcase classname="ViewSaleRecordById response model mapping with populated fields (non-null scenario) wlttId is accessible when populated" name="ViewSaleRecordById response model mapping with populated fields (non-null scenario) wlttId is accessible when populated" time="0">
    </testcase>
    <testcase classname="ViewSaleRecordById response model mapping with populated fields (non-null scenario) salesSource is WLTT" name="ViewSaleRecordById response model mapping with populated fields (non-null scenario) salesSource is WLTT" time="0.001">
    </testcase>
    <testcase classname="ViewSaleRecordById response model mapping with populated fields (non-null scenario) name fields are populated display names (not GUIDs)" name="ViewSaleRecordById response model mapping with populated fields (non-null scenario) name fields are populated display names (not GUIDs)" time="0">
    </testcase>
    <testcase classname="ViewSaleRecordById response model mapping with populated fields (non-null scenario) sales particular form fields are populated" name="ViewSaleRecordById response model mapping with populated fields (non-null scenario) sales particular form fields are populated" time="0.001">
    </testcase>
    <testcase classname="ViewSaleRecordById response model mapping with populated fields (non-null scenario) sales verification fields are populated" name="ViewSaleRecordById response model mapping with populated fields (non-null scenario) sales verification fields are populated" time="0.011">
    </testcase>
    <testcase classname="ViewSaleRecordById response model mapping with populated fields (non-null scenario) QC outcome fields are populated" name="ViewSaleRecordById response model mapping with populated fields (non-null scenario) QC outcome fields are populated" time="0">
    </testcase>
    <testcase classname="ViewSaleRecordById response model mapping with populated fields (non-null scenario) isActive boolean fields are preserved in populated scenario" name="ViewSaleRecordById response model mapping with populated fields (non-null scenario) isActive boolean fields are preserved in populated scenario" time="0.001">
    </testcase>
    <testcase classname="ViewSaleRecordById response model mapping with populated fields (non-null scenario) name fields take priority over GUIDs in display — view model uses name-first key arrays" name="ViewSaleRecordById response model mapping with populated fields (non-null scenario) name fields take priority over GUIDs in display — view model uses name-first key arrays" time="0.001">
    </testcase>
    <testcase classname="ViewSaleRecordById response model mapping with populated fields (non-null scenario) repeat sale info ratio ranges are populated" name="ViewSaleRecordById response model mapping with populated fields (non-null scenario) repeat sale info ratio ranges are populated" time="0.001">
    </testcase>
    <testcase classname="ViewSaleRecordById response model mapping with populated fields (non-null scenario) padConfirmation maps to key" name="ViewSaleRecordById response model mapping with populated fields (non-null scenario) padConfirmation maps to key" time="0">
    </testcase>
[...]
    </testcase>
    <testcase classname="Documentation alignment (svtModifySvtTask.md) docs mention source parameter" name="Documentation alignment (svtModifySvtTask.md) docs mention source parameter" time="0">
    </testcase>
    <testcase classname="Documentation alignment (svtModifySvtTask.md) docs mention taskStatus parameter" name="Documentation alignment (svtModifySvtTask.md) docs mention taskStatus parameter" time="0">
    </testcase>
    <testcase classname="Documentation alignment (svtModifySvtTask.md) docs mention taskList parameter" name="Documentation alignment (svtModifySvtTask.md) docs mention taskList parameter" time="0">
    </testcase>
    <testcase classname="Documentation alignment (svtModifySvtTask.md) docs mention requestedBy parameter" name="Documentation alignment (svtModifySvtTask.md) docs mention requestedBy parameter" time="0">
    </testcase>
    <testcase classname="Documentation alignment (svtModifySvtTask.md) docs mention Result output parameter" name="Documentation alignment (svtModifySvtTask.md) docs mention Result output parameter" time="0.001">
    </testcase>
    <testcase classname="Documentation alignment (svtModifySvtTask.md) docs describe caseworker-only access" name="Documentation alignment (svtModifySvtTask.md) docs describe caseworker-only access" time="0">
    </testcase>
    <testcase classname="ParseTaskIds simulation (matching plugin C# logic) JSON array: [&quot;A-1000542&quot;] → [&quot;1000542&quot;]" name="ParseTaskIds simulation (matching plugin C# logic) JSON array: [&quot;A-1000542&quot;] → [&quot;1000542&quot;]" time="0">
    </testcase>
    <testcase classname="ParseTaskIds simulation (matching plugin C# logic) JSON array: [&quot;1000542&quot;] → [&quot;1000542&quot;]" name="ParseTaskIds simulation (matching plugin C# logic) JSON array: [&quot;1000542&quot;] → [&quot;1000542&quot;]" time="0">
    </testcase>
    <testcase classname="ParseTaskIds simulation (matching plugin C# logic) JSON array with multiple items" name="ParseTaskIds simulation (matching plugin C# logic) JSON array with multiple items" time="0">
    </testcase>
    <testcase classname="ParseTaskIds simulation (matching plugin C# logic) comma-separated: &quot;A-100,B-200&quot; → [&quot;100&quot;,&quot;200&quot;]" name="ParseTaskIds simulation (matching plugin C# logic) comma-separated: &quot;A-100,B-200&quot; → [&quot;100&quot;,&quot;200&quot;]" time="0.001">
    </testcase>
    <testcase classname="ParseTaskIds simulation (matching plugin C# logic) single value: &quot;A-1000542&quot; → [&quot;1000542&quot;]" name="ParseTaskIds simulation (matching plugin C# logic) single value: &quot;A-1000542&quot; → [&quot;1000542&quot;]" time="0">
    </testcase>
    <testcase classname="ParseTaskIds simulation (matching plugin C# logic) single numeric value: &quot;1000542&quot; → [&quot;1000542&quot;]" name="ParseTaskIds simulation (matching plugin C# logic) single numeric value: &quot;1000542&quot; → [&quot;1000542&quot;]" time="0">
    </testcase>
    <testcase classname="ParseTaskIds simulation (matching plugin C# logic) empty string returns empty array" name="ParseTaskIds simulation (matching plugin C# logic) empty string returns empty array" time="0">
    </testcase>
    <testcase classname="ParseTaskIds simulation (matching plugin C# logic) value with no digits falls back to original" name="ParseTaskIds simulation (matching plugin C# logic) value with no digits falls back to original" time="0">
    </testcase>
    <testcase classname="ParseTaskIds simulation (matching plugin C# logic) real user payload: JSON.stringify([&quot;A-1000542&quot;]) → [&quot;1000542&quot;]" name="ParseTaskIds simulation (matching plugin C# logic) real user payload: JSON.stringify([&quot;A-1000542&quot;]) → [&quot;1000542&quot;]" time="0">
    </testcase>
    <testcase classname="ParseTaskIds simulation (matching plugin C# logic) typical PCF payload: JSON.stringify([&quot;1000542&quot;]) → [&quot;1000542&quot;]" name="ParseTaskIds simulation (matching plugin C# logic) typical PCF payload: JSON.stringify([&quot;1000542&quot;]) → [&quot;1000542&quot;]" time="0">
    </testcase>
    <testcase classname="parseModifyTaskResult simulation real response: { Result: &apos;&quot;SUCCEED&quot;&apos; } → success" name="parseModifyTaskResult simulation real response: { Result: &apos;&quot;SUCCEED&quot;&apos; } → success" time="0.001">
    </testcase>
    <testcase classname="parseModifyTaskResult simulation { Result: &quot;success&quot; } → success" name="parseModifyTaskResult simulation { Result: &quot;success&quot; } → success" time="0">
    </testcase>
    <testcase classname="parseModifyTaskResult simulation { Result: &apos;&quot;SUCCEED&quot;&apos; } unwraps to SUCCEED → success" name="parseModifyTaskResult simulation { Result: &apos;&quot;SUCCEED&quot;&apos; } unwraps to SUCCEED → success" time="0.001">
    </testcase>
    <testcase classname="parseModifyTaskResult simulation { Result: &quot;ok&quot; } → success" name="parseModifyTaskResult simulation { Result: &quot;ok&quot; } → success" time="0">
    </testcase>
    <testcase classname="parseModifyTaskResult simulation { Result: &quot;true&quot; } parses &quot;true&quot; string" name="parseModifyTaskResult simulation { Result: &quot;true&quot; } parses &quot;true&quot; string" time="0">
    </testcase>
    <testcase classname="parseModifyTaskResult simulation { Result: &quot;error occurred&quot; } → failure" name="parseModifyTaskResult simulation { Result: &quot;error occurred&quot; } → failure" time="0">
    </testcase>
    <testcase classname="parseModifyTaskResult simulation { success: true, message: &quot;done&quot; } — message is parsed as nested candidate first" name="parseModifyTaskResult simulation { success: true, message: &quot;done&quot; } — message is parsed as nested candidate first" time="0">
    </testcase>
    <testcase classname="parseModifyTaskResult simulation { success: true } without message — falls through to success property check" name="parseModifyTaskResult simulation { success: true } without message — falls through to success property check" time="0.001">
    </testcase>
    <testcase classname="parseModifyTaskResult simulation { success: false, message: &quot;failed&quot; } → failure" name="parseModifyTaskResult simulation { success: false, message: &quot;failed&quot; } → failure" time="0">
    </testcase>
    <testcase classname="parseModifyTaskResult simulation null response → failure with default message" name="parseModifyTaskResult simulation null response → failure with default message" time="0.001">
    </testcase>
    <testcase classname="parseModifyTaskResult simulation empty string response → failure" name="parseModifyTaskResult simulation empty string response → failure" time="0">
    </testcase>
    <testcase classname="parseModifyTaskResult simulation deeply nested JSON is unwrapped" name="parseModifyTaskResult simulation deeply nested JSON is unwrapped" time="0.001">
    </testcase>
    <testcase classname="parseModifyTaskResult simulation triple-nested JSON stops at depth 5" name="parseModifyTaskResult simulation triple-nested JSON stops at depth 5" time="0">
    </testcase>
    <testcase classname="MODIFY_TASK_ALLOWED_STATUSES coverage &quot;complete&quot; is an allowed status for modify task button" name="MODIFY_TASK_ALLOWED_STATUSES coverage &quot;complete&quot; is an allowed status for modify task button" time="0.002">
    </testcase>
    <testcase classname="MODIFY_TASK_ALLOWED_STATUSES coverage &quot;complete passed qc&quot; is an allowed status for modify task button" name="MODIFY_TASK_ALLOWED_STATUSES coverage &quot;complete passed qc&quot; is an allowed status for modify task button" time="0">
    </testcase>
    <testcase classname="MODIFY_TASK_ALLOWED_STATUSES coverage &quot;assigned&quot; is NOT an allowed status for modify task" name="MODIFY_TASK_ALLOWED_STATUSES coverage &quot;assigned&quot; is NOT an allowed status for modify task" time="0.001">
    </testcase>
    <testcase classname="MODIFY_TASK_ALLOWED_STATUSES coverage &quot;assigned qc failed&quot; is NOT an allowed status for modify task" name="MODIFY_TASK_ALLOWED_STATUSES coverage &quot;assigned qc failed&quot; is NOT an allowed status for modify task" time="0">
    </testcase>
    <testcase classname="MODIFY_TASK_ALLOWED_STATUSES coverage &quot;assigned to qc&quot; is NOT an allowed status for modify task" name="MODIFY_TASK_ALLOWED_STATUSES coverage &quot;assigned to qc&quot; is NOT an allowed status for modify task" time="0">
    </testcase>
    <testcase classname="MODIFY_TASK_ALLOWED_STATUSES coverage &quot;reassigned to qc&quot; is NOT an allowed status for modify task" name="MODIFY_TASK_ALLOWED_STATUSES coverage &quot;reassigned to qc&quot; is NOT an allowed status for modify task" time="0">
    </testcase>
    <testcase classname="MODIFY_TASK_ALLOWED_STATUSES coverage &quot;pending&quot; is NOT an allowed status for modify task" name="MODIFY_TASK_ALLOWED_STATUSES coverage &quot;pending&quot; is NOT an allowed status for modify task" time="0">
    </testcase>
    <testcase classname="MODIFY_TASK_ALLOWED_STATUSES coverage &quot;&quot; is NOT an allowed status for modify task" name="MODIFY_TASK_ALLOWED_STATUSES coverage &quot;&quot; is NOT an allowed status for modify task" time="0">
    </testcase>
    <testcase classname="MODIFY_TASK_ALLOWED_STATUSES coverage comparison is lowercase (PCF lowercases the resolved status)" name="MODIFY_TASK_ALLOWED_STATUSES coverage comparison is lowercase (PCF lowercases the resolved status)" time="0.001">
    </testcase>
  </testsuite>
  <testsuite name="summary flag equal filter contract" errors="0" failures="0" skipped="0" timestamp="2026-04-28T10:07:43" time="0.051" tests="1">
    <testcase classname="summary flag equal filter contract equal-mode uses multi-select combobox (same as contains/notContains)" name="summary flag equal filter contract equal-mode uses multi-select combobox (same as contains/notContains)" time="0.002">
    </testcase>
  </testsuite>
  <testsuite name="prefilter configs extra" errors="0" failures="0" skipped="0" timestamp="2026-04-28T10:07:43" time="0.094" tests="20">
    <testcase classname="prefilter configs extra manager defaults and search-by options" name="prefilter configs extra manager defaults and search-by options" time="0.002">
    </testcase>
    <testcase classname="prefilter configs extra caseworker defaults and workThat options" name="prefilter configs extra caseworker defaults and workThat options" time="0.001">
    </testcase>
    <testcase classname="prefilter configs extra getManagerWorkThatOptions switches by searchBy" name="prefilter configs extra getManagerWorkThatOptions switches by searchBy" time="0.001">
    </testcase>
    <testcase classname="prefilter configs extra manager workThat options include expected keys" name="prefilter configs extra manager workThat options include expected keys" time="0">
    </testcase>
    <testcase classname="prefilter configs extra getQcWorkThatOptions switches by searchBy" name="prefilter configs extra getQcWorkThatOptions switches by searchBy" time="0.001">
    </testcase>
    <testcase classname="prefilter configs extra getQcWorkThatOptions uses default branch for unknown searchBy values" name="prefilter configs extra getQcWorkThatOptions uses default branch for unknown searchBy values" time="0">
    </testcase>
    <testcase classname="prefilter configs extra qc assignment defaults and search-by options" name="prefilter configs extra qc assignment defaults and search-by options" time="0.001">
    </testcase>
    <testcase classname="prefilter configs extra qc assignment workThat options for qcUser" name="prefilter configs extra qc assignment workThat options for qcUser" time="0">
    </testcase>
    <testcase classname="prefilter configs extra qc assignment workThat options for caseworker" name="prefilter configs extra qc assignment workThat options for caseworker" time="0.001">
    </testcase>
    <testcase classname="prefilter configs extra qc assignment workThat options for task" name="prefilter configs extra qc assignment workThat options for task" time="0">
    </testcase>
    <testcase classname="prefilter configs extra completed workThat helpers" name="prefilter configs extra completed workThat helpers" time="0.001">
    </testcase>
    <testcase classname="prefilter configs extra mapManagerPrefiltersToApi handles empty values" name="prefilter configs extra mapManagerPrefiltersToApi handles empty values" time="0.001">
    </testcase>
    <testcase classname="prefilter configs extra mapQcPrefiltersToApi searchBy switch" name="prefilter configs extra mapQcPrefiltersToApi searchBy switch" time="0">
    </testcase>
    <testcase classname="prefilter configs extra mapQcViewPrefiltersToApi omits searchBy and preFilter" name="prefilter configs extra mapQcViewPrefiltersToApi omits searchBy and preFilter" time="0.001">
    </testcase>
    <testcase classname="prefilter configs extra all mappers return empty object when prefilters are missing" name="prefilter configs extra all mappers return empty object when prefilters are missing" time="0">
    </testcase>
    <testcase classname="prefilter configs extra manager mapper omits invalid ISO dates and empty prefilter values" name="prefilter configs extra manager mapper omits invalid ISO dates and empty prefilter values" time="0">
    </testcase>
    <testcase classname="prefilter configs extra manager mapper supports one-sided valid dates" name="prefilter configs extra manager mapper supports one-sided valid dates" time="0">
    </testcase>
    <testcase classname="prefilter configs extra qc assignment mapper supports unknown searchBy fallback and task branch prefilter omission" name="prefilter configs extra qc assignment mapper supports unknown searchBy fallback and task branch prefilter omission" time="0.001">
    </testcase>
    <testcase classname="prefilter configs extra qc view mapper omits invalid dates and supports one-sided valid date" name="prefilter configs extra qc view mapper omits invalid dates and supports one-sided valid date" time="0.001">
    </testcase>
    <testcase classname="prefilter configs extra qc view defaults and options" name="prefilter configs extra qc view defaults and options" time="0">
    </testcase>
  </testsuite>
  <testsuite name="focus borders review gate" errors="0" failures="0" skipped="0" timestamp="2026-04-28T10:07:43" time="0.053" tests="4">
    <testcase classname="focus borders review gate keeps repo-owned custom interactive elements on visible 2px solid focus outlines" name="focus borders review gate keeps repo-owned custom interactive elements on visible 2px solid focus outlines" time="0.001">
    </testcase>
    <testcase classname="focus borders review gate keeps grid header and row focus indicators as inset outlines that fully encompass the component" name="focus borders review gate keeps grid header and row focus indicators as inset outlines that fully encompass the component" time="0.001">
    </testcase>
    <testcase classname="focus borders review gate keeps link-style buttons on real button semantics while inheriting the visible focus outline class" name="focus borders review gate keeps link-style buttons on real button semantics while inheriting the visible focus outline class" time="0">
    </testcase>
    <testcase classname="focus borders review gate uses a 2px focus outline for exact-match highlighted filter menu options" name="focus borders review gate uses a 2px focus outline for exact-match highlighted filter menu options" time="0">
    </testcase>
  </testsuite>
  <testsuite name="runtime access warm-up" errors="0" failures="0" skipped="0" timestamp="2026-04-28T10:07:43" time="0.046" tests="2">
    <testcase classname="runtime access warm-up updateView triggers runtime access warm-up" name="runtime access warm-up updateView triggers runtime access warm-up" time="0.001">
    </testcase>
    <testcase classname="runtime access warm-up runtime warm-up resolves access and notifies output change" name="runtime access warm-up runtime warm-up resolves access and notifies output change" time="0">
    </testcase>
  </testsuite>
  <testsuite name="prefilter date utils" errors="0" failures="0" skipped="0" timestamp="2026-04-28T10:07:43" time="0.049" tests="8">
    <testcase classname="prefilter date utils computeCompletedToDateIso returns +14 days when within range" name="prefilter date utils computeCompletedToDateIso returns +14 days when within range" time="0.001">
    </testcase>
    <testcase classname="prefilter date utils computeCompletedToDateIso clamps to today when +14 exceeds today" name="prefilter date utils computeCompletedToDateIso clamps to today when +14 exceeds today" time="0">
    </testcase>
    <testcase classname="prefilter date utils computeCompletedToDateIso returns today when from date is today" name="prefilter date utils computeCompletedToDateIso returns today when from date is today" time="0">
    </testcase>
    <testcase classname="prefilter date utils computeCompletedToDateIso returns undefined when from date is missing" name="prefilter date utils computeCompletedToDateIso returns undefined when from date is missing" time="0.001">
    </testcase>
    <testcase classname="prefilter date utils computeCompletedToDateIso uses current date when today override is omitted" name="prefilter date utils computeCompletedToDateIso uses current date when today override is omitted" time="0">
    </testcase>
    <testcase classname="prefilter date utils getPrefilterFromDateError flags future dates" name="prefilter date utils getPrefilterFromDateError flags future dates" time="0">
    </testcase>
    <testcase classname="prefilter date utils getPrefilterFromDateError ignores today or past dates" name="prefilter date utils getPrefilterFromDateError ignores today or past dates" time="0">
    </testcase>
    <testcase classname="prefilter date utils getPrefilterFromDateError ignores blank and invalid ISO-like values" name="prefilter date utils getPrefilterFromDateError ignores blank and invalid ISO-like values" time="0">
    </testcase>
  </testsuite>
  <testsuite name="contrast review gate" errors="0" failures="0" skipped="0" timestamp="2026-04-28T10:07:39" time="4.865" tests="6">
    <testcase classname="contrast review gate uses a focus outline color that passes the 3:1 non-text contrast requirement on white" name="contrast review gate uses a focus outline color that passes the 3:1 non-text contrast requirement on white" time="0.005">
    </testcase>
    <testcase classname="contrast review gate keeps unavailable controls above contrast thresholds" name="contrast review gate keeps unavailable controls above contrast thresholds" time="0.001">
    </testcase>
    <testcase classname="contrast review gate uses a visible border color for custom button boundaries on white backgrounds" name="contrast review gate uses a visible border color for custom button boundaries on white backgrounds" time="0">
    </testcase>
    <testcase classname="contrast review gate uses a warning accent border that passes 3:1 against its background" name="contrast review gate uses a warning accent border that passes 3:1 against its background" time="0">
    </testcase>
    <testcase classname="contrast review gate uses an input-border token for pagination controls so button boundaries stay visible" name="contrast review gate uses an input-border token for pagination controls so button boundaries stay visible" time="0.001">
    </testcase>
    <testcase classname="contrast review gate placeholder text token stays above the 4.5:1 text contrast threshold on white" name="contrast review gate placeholder text token stays above the 4.5:1 text contrast threshold on white" time="0">
    </testcase>
  </testsuite>
</testsuites>